Train--------
False    2205
True     2171
Name: Mood, dtype: int64
Test----------
True     1522
False    1498
Name: Mood, dtype: int64
Ada Boost grid search: 
CV results {'std_train_score': array([ 0.01129545,  0.00920888,  0.00950846,  0.01180302,  0.01021458,
        0.00703393,  0.00714023,  0.00765875,  0.00699697,  0.00975093,
        0.00700525,  0.00700525,  0.00700525,  0.00700525,  0.00703393,
        0.01113829,  0.00613121,  0.00836428,  0.00710457,  0.00941921,
        0.01088996,  0.01009392,  0.01026585,  0.01109639,  0.00952475,
        0.00689248,  0.00922166,  0.00920986,  0.00946058,  0.01048458,
        0.00700525,  0.00700525,  0.00700525,  0.00700525,  0.00689248,
        0.01062316,  0.01010946,  0.01086114,  0.01199299,  0.00940665]), 'rank_test_score': array([22, 20, 18, 16, 11, 29, 28, 26, 25, 23, 33, 33, 33, 33, 29, 19, 14,
        8,  4,  3, 15,  7,  5,  1,  1, 31, 27, 24, 20, 17, 33, 33, 33, 33,
       31, 13, 10,  9, 12,  6], dtype=int32), 'split4_test_score': array([ 0.70628571,  0.72114286,  0.74057143,  0.744     ,  0.752     ,
        0.67771429,  0.68342857,  0.696     ,  0.70514286,  0.70628571,
        0.67542857,  0.67542857,  0.67542857,  0.67542857,  0.67771429,
        0.74057143,  0.74857143,  0.75085714,  0.75428571,  0.74628571,
        0.75085714,  0.75657143,  0.75314286,  0.76      ,  0.76      ,
        0.67542857,  0.68685714,  0.70057143,  0.72457143,  0.74285714,
        0.67542857,  0.67542857,  0.67542857,  0.67542857,  0.67542857,
        0.74171429,  0.73142857,  0.73142857,  0.74628571,  0.736     ]), 'split2_train_score': array([ 0.69722936,  0.71665239,  0.71950871,  0.72179377,  0.73036275,
        0.66123965,  0.66466724,  0.66838046,  0.6818052 ,  0.69522993,
        0.66123965,  0.66123965,  0.66123965,  0.66123965,  0.66123965,
        0.72036561,  0.74007426,  0.74578692,  0.7552128 ,  0.7700657 ,
        0.7229363 ,  0.73750357,  0.74578692,  0.76006855,  0.77035133,
        0.66123965,  0.67123679,  0.69522993,  0.71379606,  0.72236504,
        0.66123965,  0.66123965,  0.66123965,  0.66123965,  0.66123965,
        0.7552128 ,  0.78177664,  0.79263068,  0.82747786,  0.86089689]), 'param_n_estimators': masked_array(data = [50 100 150 300 500 50 100 150 300 500 50 100 150 300 500 50 100 150 300
 500 50 100 150 300 500 50 100 150 300 500 50 100 150 300 500 50 100 150
 300 500],
             mask = [False False False False False False False False False False False False
 False False False False False False False False False False False False
 False False False False False False False False False False False False
 False False False False],
       fill_value = ?)
, 'std_score_time': array([ 0.00081975,  0.00482889,  0.00381852,  0.00251841,  0.02119102,
        0.01109255,  0.01748778,  0.00375045,  0.01287977,  0.04507212,
        0.00546448,  0.00625162,  0.02108611,  0.04144812,  0.05869166,
        0.00321412,  0.00706421,  0.01906054,  0.04201456,  0.00665621,
        0.00976478,  0.01664348,  0.01825115,  0.02809387,  0.04281689,
        0.00870311,  0.01891676,  0.03235815,  0.03539263,  0.05708912,
        0.00544726,  0.01652169,  0.01844938,  0.01398684,  0.03809722,
        0.00941321,  0.01321147,  0.00262829,  0.01126987,  0.05704363]), 'split4_train_score': array([ 0.6940874 ,  0.71293916,  0.72007998,  0.72179377,  0.72436447,
        0.66381034,  0.66809483,  0.67323622,  0.68466153,  0.69037418,
        0.66409597,  0.66409597,  0.66409597,  0.66409597,  0.66381034,
        0.71608112,  0.73493288,  0.74635818,  0.76006855,  0.76549557,
        0.71950871,  0.73436161,  0.74150243,  0.75749786,  0.77177949,
        0.66409597,  0.67523565,  0.68923165,  0.70551271,  0.72150814,
        0.66409597,  0.66409597,  0.66409597,  0.66409597,  0.66409597,
        0.75292773,  0.77120823,  0.79120251,  0.82747786,  0.84918595]), 'split2_test_score': array([ 0.69714286,  0.72114286,  0.72685714,  0.72685714,  0.728     ,
        0.672     ,  0.67314286,  0.68571429,  0.69142857,  0.69942857,
        0.672     ,  0.672     ,  0.672     ,  0.672     ,  0.672     ,
        0.71428571,  0.72342857,  0.73942857,  0.73371429,  0.73485714,
        0.71885714,  0.73371429,  0.74057143,  0.736     ,  0.74057143,
        0.672     ,  0.68342857,  0.69714286,  0.72457143,  0.72342857,
        0.672     ,  0.672     ,  0.672     ,  0.672     ,  0.672     ,
        0.72114286,  0.73714286,  0.73714286,  0.72      ,  0.73942857]), 'mean_score_time': array([ 0.01291256,  0.02138243,  0.03192744,  0.06722164,  0.10287828,
        0.0213798 ,  0.04353976,  0.03835158,  0.07784514,  0.14851046,
        0.02132897,  0.03799882,  0.06928763,  0.11745639,  0.20412736,
        0.01371994,  0.02775197,  0.05542798,  0.0956676 ,  0.18959899,
        0.03036957,  0.04845176,  0.09103417,  0.20537758,  0.242665  ,
        0.03260779,  0.06622124,  0.09206915,  0.1936676 ,  0.2635242 ,
        0.02416906,  0.05333705,  0.08775425,  0.12746425,  0.23884296,
        0.02496119,  0.04624977,  0.05192299,  0.11164937,  0.24429564]), 'mean_fit_time': array([  1.31071639,   2.42002835,   3.736482  ,   7.62230616,
        11.66734734,   1.4966958 ,   2.94797397,   4.23152699,
         9.21963654,  17.2683248 ,   1.8814136 ,   3.9182651 ,
         5.68589301,  10.32835684,  16.18524466,   1.83097363,
         3.82473221,   5.63332758,  11.69389882,  20.883288  ,
         2.36603761,   4.41245298,   6.83417878,  13.61231146,
        22.72194681,   2.21863079,   4.52048182,   6.81232009,
        13.48804617,  22.87532597,   2.01303134,   4.25029855,
         6.88386831,  12.7268024 ,  18.9832448 ,   1.98753934,
         3.93513641,   4.77871919,   9.00581737,  18.07504497]), 'split3_train_score': array([ 0.69437304,  0.71322479,  0.71665239,  0.72265067,  0.72693516,
        0.6660954 ,  0.6660954 ,  0.67037989,  0.68551842,  0.69380177,
        0.6660954 ,  0.6660954 ,  0.6660954 ,  0.6660954 ,  0.6660954 ,
        0.72179377,  0.73921737,  0.74778635,  0.75835476,  0.77177949,
        0.72693516,  0.7377892 ,  0.74264496,  0.75749786,  0.7692088 ,
        0.6660954 ,  0.68866038,  0.69837189,  0.70665524,  0.7263639 ,
        0.6660954 ,  0.6660954 ,  0.6660954 ,  0.6660954 ,  0.6660954 ,
        0.76292488,  0.7806341 ,  0.79434447,  0.82576407,  0.84632962]), 'split0_train_score': array([ 0.72285714,  0.73485714,  0.74142857,  0.75142857,  0.752     ,
        0.68114286,  0.68428571,  0.69      ,  0.70142857,  0.71714286,
        0.68114286,  0.68114286,  0.68114286,  0.68114286,  0.68114286,
        0.74714286,  0.75314286,  0.764     ,  0.77485714,  0.79114286,
        0.74942857,  0.76228571,  0.76942857,  0.78542857,  0.79428571,
        0.68114286,  0.69542857,  0.71371429,  0.73114286,  0.74857143,
        0.68114286,  0.68114286,  0.68114286,  0.68114286,  0.68114286,
        0.78114286,  0.79942857,  0.81942857,  0.85628571,  0.87228571]), 'param_algorithm': masked_array(data = ['SAMME' 'SAMME' 'SAMME' 'SAMME' 'SAMME' 'SAMME' 'SAMME' 'SAMME' 'SAMME'
 'SAMME' 'SAMME' 'SAMME' 'SAMME' 'SAMME' 'SAMME' 'SAMME' 'SAMME' 'SAMME'
 'SAMME' 'SAMME' 'SAMME.R' 'SAMME.R' 'SAMME.R' 'SAMME.R' 'SAMME.R'
 'SAMME.R' 'SAMME.R' 'SAMME.R' 'SAMME.R' 'SAMME.R' 'SAMME.R' 'SAMME.R'
 'SAMME.R' 'SAMME.R' 'SAMME.R' 'SAMME.R' 'SAMME.R' 'SAMME.R' 'SAMME.R'
 'SAMME.R'],
             mask = [False False False False False False False False False False False False
 False False False False False False False False False False False False
 False False False False False False False False False False False False
 False False False False],
       fill_value = ?)
, 'std_test_score': array([ 0.03969758,  0.04146607,  0.04613401,  0.04571491,  0.04546741,
        0.03316398,  0.03410245,  0.03790713,  0.04241239,  0.04182026,
        0.03253062,  0.03253062,  0.03253062,  0.03253062,  0.03316398,
        0.0406871 ,  0.04385205,  0.0450071 ,  0.04515381,  0.04491836,
        0.04677117,  0.04637839,  0.04803589,  0.04710346,  0.04747148,
        0.03264388,  0.03663465,  0.0346909 ,  0.04435967,  0.04451035,
        0.03253062,  0.03253062,  0.03253062,  0.03253062,  0.03264388,
        0.04613043,  0.04209122,  0.03644502,  0.04133031,  0.04282252]), 'param_learning_rate': masked_array(data = [0.1 0.1 0.1 0.1 0.1 0.01 0.01 0.01 0.01 0.01 0.001 0.001 0.001 0.001 0.001
 1 1 1 1 1 0.1 0.1 0.1 0.1 0.1 0.01 0.01 0.01 0.01 0.01 0.001 0.001 0.001
 0.001 0.001 1 1 1 1 1],
             mask = [False False False False False False False False False False False False
 False False False False False False False False False False False False
 False False False False False False False False False False False False
 False False False False],
       fill_value = ?)
, 'split1_train_score': array([ 0.69351614,  0.70836904,  0.71579549,  0.72150814,  0.72607826,
        0.66495287,  0.67352185,  0.67437875,  0.68494716,  0.69294487,
        0.66495287,  0.66495287,  0.66495287,  0.66495287,  0.66495287,
        0.72065124,  0.74007426,  0.7386461 ,  0.75664096,  0.76606684,
        0.72207941,  0.7403599 ,  0.74721508,  0.75635533,  0.77092259,
        0.66752356,  0.67552128,  0.68808912,  0.70836904,  0.72093688,
        0.66495287,  0.66495287,  0.66495287,  0.66495287,  0.66752356,
        0.753499  ,  0.77235076,  0.79148815,  0.82490717,  0.85232791]), 'split0_test_score': array([ 0.60616438,  0.61643836,  0.61643836,  0.61986301,  0.62671233,
        0.59246575,  0.59474886,  0.59360731,  0.59360731,  0.60159817,
        0.59246575,  0.59246575,  0.59246575,  0.59246575,  0.59246575,
        0.62557078,  0.62557078,  0.63013699,  0.63356164,  0.63584475,
        0.61986301,  0.62899543,  0.62557078,  0.63584475,  0.6347032 ,
        0.59246575,  0.59474886,  0.6130137 ,  0.61187215,  0.62100457,
        0.59246575,  0.59246575,  0.59246575,  0.59246575,  0.59246575,
        0.62214612,  0.6347032 ,  0.64840183,  0.63584475,  0.6369863 ]), 'mean_test_score': array([ 0.68510055,  0.6988117 ,  0.70703839,  0.7095521 ,  0.71617916,
        0.65859232,  0.66247715,  0.66887569,  0.6773309 ,  0.68487203,
        0.65744973,  0.65744973,  0.65744973,  0.65744973,  0.65859232,
        0.7047532 ,  0.71160878,  0.71960695,  0.72280622,  0.72417733,
        0.71023766,  0.72006399,  0.72120658,  0.7285192 ,  0.7285192 ,
        0.65767824,  0.66750457,  0.6821298 ,  0.6988117 ,  0.70818099,
        0.65744973,  0.65744973,  0.65744973,  0.65744973,  0.65767824,
        0.71229433,  0.71755027,  0.71937843,  0.7154936 ,  0.72097806]), 'params': ({'n_estimators': 50, 'learning_rate': 0.1, 'algorithm': 'SAMME'}, {'n_estimators': 100, 'learning_rate': 0.1, 'algorithm': 'SAMME'}, {'n_estimators': 150, 'learning_rate': 0.1, 'algorithm': 'SAMME'}, {'n_estimators': 300, 'learning_rate': 0.1, 'algorithm': 'SAMME'}, {'n_estimators': 500, 'learning_rate': 0.1, 'algorithm': 'SAMME'}, {'n_estimators': 50, 'learning_rate': 0.01, 'algorithm': 'SAMME'}, {'n_estimators': 100, 'learning_rate': 0.01, 'algorithm': 'SAMME'}, {'n_estimators': 150, 'learning_rate': 0.01, 'algorithm': 'SAMME'}, {'n_estimators': 300, 'learning_rate': 0.01, 'algorithm': 'SAMME'}, {'n_estimators': 500, 'learning_rate': 0.01, 'algorithm': 'SAMME'}, {'n_estimators': 50, 'learning_rate': 0.001, 'algorithm': 'SAMME'}, {'n_estimators': 100, 'learning_rate': 0.001, 'algorithm': 'SAMME'}, {'n_estimators': 150, 'learning_rate': 0.001, 'algorithm': 'SAMME'}, {'n_estimators': 300, 'learning_rate': 0.001, 'algorithm': 'SAMME'}, {'n_estimators': 500, 'learning_rate': 0.001, 'algorithm': 'SAMME'}, {'n_estimators': 50, 'learning_rate': 1, 'algorithm': 'SAMME'}, {'n_estimators': 100, 'learning_rate': 1, 'algorithm': 'SAMME'}, {'n_estimators': 150, 'learning_rate': 1, 'algorithm': 'SAMME'}, {'n_estimators': 300, 'learning_rate': 1, 'algorithm': 'SAMME'}, {'n_estimators': 500, 'learning_rate': 1, 'algorithm': 'SAMME'}, {'n_estimators': 50, 'learning_rate': 0.1, 'algorithm': 'SAMME.R'}, {'n_estimators': 100, 'learning_rate': 0.1, 'algorithm': 'SAMME.R'}, {'n_estimators': 150, 'learning_rate': 0.1, 'algorithm': 'SAMME.R'}, {'n_estimators': 300, 'learning_rate': 0.1, 'algorithm': 'SAMME.R'}, {'n_estimators': 500, 'learning_rate': 0.1, 'algorithm': 'SAMME.R'}, {'n_estimators': 50, 'learning_rate': 0.01, 'algorithm': 'SAMME.R'}, {'n_estimat[Sun Dec 18 07:46:42 2016 : 859045] speechd: Speech Dispatcher 0.8 starting
[Sun Dec 18 07:46:42 2016 : 859180] speechd: Speech Dispatcher already running.

Speech Dispatcher already running.

ors': 100, 'learning_rate': 0.01, 'algorithm': 'SAMME.R'}, {'n_estimators': 150, 'learning_rate': 0.01, 'algorithm': 'SAMME.R'}, {'n_estimators': 300, 'learning_rate': 0.01, 'algorithm': 'SAMME.R'}, {'n_estimators': 500, 'learning_rate': 0.01, 'algorithm': 'SAMME.R'}, {'n_estimators': 50, 'learning_rate': 0.001, 'algorithm': 'SAMME.R'}, {'n_estimators': 100, 'learning_rate': 0.001, 'algorithm': 'SAMME.R'}, {'n_estimators': 150, 'learning_rate': 0.001, 'algorithm': 'SAMME.R'}, {'n_estimators': 300, 'learning_rate': 0.001, 'algorithm': 'SAMME.R'}, {'n_estimators': 500, 'learning_rate': 0.001, 'algorithm': 'SAMME.R'}, {'n_estimators': 50, 'learning_rate': 1, 'algorithm': 'SAMME.R'}, {'n_estimators': 100, 'learning_rate': 1, 'algorithm': 'SAMME.R'}, {'n_estimators': 150, 'learning_rate': 1, 'algorithm': 'SAMME.R'}, {'n_estimators': 300, 'learning_rate': 1, 'algorithm': 'SAMME.R'}, {'n_estimators': 500, 'learning_rate': 1, 'algorithm': 'SAMME.R'}), 'std_fit_time': array([ 0.04800101,  0.33552304,  0.41846449,  0.36851592,  1.73859972,
        0.10935355,  0.11617628,  0.33447713,  1.12497136,  1.27609373,
        0.12376544,  0.16417086,  0.55208153,  1.16819616,  0.97051725,
        0.25915265,  0.41893847,  0.7105092 ,  0.61497042,  1.21210282,
        0.25773436,  0.28089096,  0.49556958,  1.27836556,  0.66949508,
        0.15870197,  0.17320512,  0.23128156,  0.44496829,  1.04705176,
        0.24990129,  0.37460244,  0.23042209,  1.62792335,  1.44219017,
        0.25356197,  0.21033797,  0.22180777,  0.69866333,  2.57811987]), 'split3_test_score': array([ 0.70857143,  0.71085714,  0.71542857,  0.71885714,  0.73371429,
        0.67771429,  0.67771429,  0.68342857,  0.70628571,  0.71085714,
        0.67428571,  0.67428571,  0.67428571,  0.67428571,  0.67771429,
        0.71657143,  0.73142857,  0.74057143,  0.744     ,  0.76      ,
        0.72114286,  0.73371429,  0.74285714,  0.75657143,  0.74857143,
        0.67428571,  0.69257143,  0.696     ,  0.704     ,  0.71771429,
        0.67428571,  0.67428571,  0.67428571,  0.67428571,  0.67428571,
        0.728     ,  0.73257143,  0.728     ,  0.72685714,  0.73485714]), 'mean_train_score': array([ 0.70041262,  0.7172085 ,  0.72269303,  0.72783499,  0.73194813,
        0.66744822,  0.67133301,  0.67527506,  0.68767218,  0.69789872,
        0.66750535,  0.66750535,  0.66750535,  0.66750535,  0.66744822,
        0.72520692,  0.74148833,  0.74851551,  0.76102684,  0.77291009,
        0.72817763,  0.74246   ,  0.74931559,  0.76336963,  0.77530959,
        0.66801949,  0.68121653,  0.69692738,  0.71309518,  0.72794908,
        0.66750535,  0.66750535,  0.66750535,  0.66750535,  0.66801949,
        0.76114145,  0.78107966,  0.79781888,  0.83238254,  0.85620521]), 'split1_test_score': array([ 0.70742857,  0.72457143,  0.736     ,  0.73828571,  0.74057143,
        0.67314286,  0.68342857,  0.68571429,  0.69028571,  0.70628571,
        0.67314286,  0.67314286,  0.67314286,  0.67314286,  0.67314286,
        0.72685714,  0.72914286,  0.73714286,  0.74857143,  0.744     ,
        0.74057143,  0.74742857,  0.744     ,  0.75428571,  0.75885714,
        0.67428571,  0.68      ,  0.704     ,  0.72914286,  0.736     ,
        0.67314286,  0.67314286,  0.67314286,  0.67314286,  0.67428571,
        0.74857143,  0.752     ,  0.752     ,  0.74857143,  0.75771429])}
Best Ada AdaBoostClassifier(algorithm='SAMME.R', base_estimator=None,
          learning_rate=0.1, n_estimators=300, random_state=None)
Best CV score for Ada 0.728519195612
Best Ada params: {'n_estimators': 300, 'learning_rate': 0.1, 'algorithm': 'SAMME.R'}
Finished in:  1716.26277399
