Train--------
False    2205
True     2171
Name: Mood, dtype: int64
Test----------
True     1522
False    1498
Name: Mood, dtype: int64
RFC grid search: 
CV results {'std_train_score': array([ 0.01214757,  0.01031433,  0.01088017,  0.01031793,  0.0025423 ,
        0.00256129,  0.00197293,  0.00288439,  0.00097954,  0.00045726,
        0.0007365 ,  0.00084025,  0.01072582,  0.01115695,  0.01143866,
        0.01037726,  0.00294696,  0.00249671,  0.00317129,  0.00349819,
        0.00125664,  0.00083539,  0.00081979,  0.00060983]), 'rank_test_score': array([19, 24, 17, 21,  7,  8,  8,  8,  1,  3,  5,  5, 18, 22, 23, 20, 16,
       15, 11, 13, 12, 14,  2,  3], dtype=int32), 'param_criterion': masked_array(data = ['gini' 'gini' 'gini' 'gini' 'gini' 'gini' 'gini' 'gini' 'gini' 'gini'
 'gini' 'gini' 'entropy' 'entropy' 'entropy' 'entropy' 'entropy' 'entropy'
 'entropy' 'entropy' 'entropy' 'entropy' 'entropy' 'entropy'],
             mask = [False False False False False False False False False False False False
 False False False False False False False False False False False False],
       fill_value = ?)
, 'param_max_depth': masked_array(data = [7 7 7 7 12 12 12 12 15 15 15 15 7 7 7 7 12 12 12 12 15 15 15 15],
             mask = [False False False False False False False False False False False False
 False False False False False False False False False False False False],
       fill_value = ?)
, 'split4_test_score': array([ 0.76685714,  0.768     ,  0.76571429,  0.77028571,  0.78514286,
        0.78628571,  0.78057143,  0.77714286,  0.78514286,  0.79085714,
        0.784     ,  0.78285714,  0.77142857,  0.76914286,  0.76342857,
        0.77028571,  0.78057143,  0.76914286,  0.784     ,  0.776     ,
        0.77485714,  0.78628571,  0.78285714,  0.77828571]), 'split2_train_score': array([ 0.84375893,  0.84661525,  0.84747215,  0.84490146,  0.97143673,
        0.97229363,  0.9711511 ,  0.97057983,  0.99257355,  0.99200229,
        0.99285918,  0.99257355,  0.83604684,  0.83547558,  0.83747501,
        0.83518995,  0.96886604,  0.972008  ,  0.972008  ,  0.97400743,
        0.99685804,  0.99600114,  0.99628678,  0.99685804]), 'param_n_estimators': masked_array(data = [300 500 700 1000 300 500 700 1000 300 500 700 1000 300 500 700 1000 300
 500 700 1000 300 500 700 1000],
             mask = [False False False False False False False False False False False False
 False False False False False False False False False False False False],
       fill_value = ?)
, 'std_score_time': array([ 0.03196408,  0.06148819,  0.15358399,  0.35479795,  0.11953581,
        0.21467487,  0.13438366,  0.34713509,  0.1135313 ,  0.18374115,
        0.1562479 ,  0.20983645,  0.02608412,  0.10013303,  0.09677373,
        0.19814179,  0.0267298 ,  0.05047146,  0.03754   ,  0.18507246,
        0.04811645,  0.07139416,  0.12804454,  0.03082115]), 'split4_train_score': array([ 0.83661811,  0.83661811,  0.83747501,  0.83804627,  0.97086547,
        0.9711511 ,  0.9711511 ,  0.96915167,  0.99085975,  0.99200229,
        0.99200229,  0.99257355,  0.82490717,  0.82176521,  0.82576407,
        0.82290774,  0.96972294,  0.97143673,  0.97343616,  0.97086547,
        0.99514424,  0.99514424,  0.99600114,  0.99600114]), 'split2_test_score': array([ 0.75885714,  0.75314286,  0.75314286,  0.752     ,  0.76      ,
        0.75085714,  0.75885714,  0.75314286,  0.75885714,  0.76      ,
        0.752     ,  0.75314286,  0.744     ,  0.75542857,  0.75657143,
        0.75885714,  0.74971429,  0.75314286,  0.75085714,  0.75428571,
        0.75542857,  0.75085714,  0.75085714,  0.75657143]), 'mean_score_time': array([ 0.39076519,  0.62039027,  0.8213326 ,  1.42536955,  0.51899142,
        0.83520083,  1.40752287,  1.94167562,  0.677352  ,  1.07917595,
        1.2779099 ,  1.48995223,  0.32860155,  0.63316259,  0.7838028 ,
        1.14880743,  0.31946282,  0.51923561,  0.73234053,  0.94384217,
        0.30919714,  0.49428396,  0.71959081,  1.03385787]), 'mean_fit_time': array([  7.14690681,  11.29154754,  15.99828043,  22.37663541,
        10.67834597,  16.29142456,  25.80360632,  37.4173028 ,
        12.39934506,  20.0891973 ,  27.30547843,  31.67174373,
        10.89492741,  20.76611366,  23.31943321,  35.78463359,
        13.16960897,  21.40221362,  29.930726  ,  41.37762761,
        11.73293543,  21.66002216,  31.07043176,  45.79291081]), 'split3_train_score': array([ 0.83890317,  0.83604684,  0.83776064,  0.83776064,  0.96743787,
        0.96886604,  0.97143673,  0.96886604,  0.99057412,  0.99200229,
        0.99085975,  0.99085975,  0.82976292,  0.82576407,  0.82833476,
        0.82633533,  0.96915167,  0.97057983,  0.96886604,  0.96772351,
        0.99343045,  0.99457298,  0.99400171,  0.99542988]), 'split0_train_score': array([ 0.86971429,  0.86428571,  0.86657143,  0.866     ,  0.97542857,
        0.97657143,  0.97571429,  0.97657143,  0.99171429,  0.99142857,
        0.99114286,  0.99057143,  0.856     ,  0.854     ,  0.858     ,
        0.85285714,  0.97628571,  0.97742857,  0.97828571,  0.97828571,
        0.99657143,  0.99685714,  0.996     ,  0.99628571]), 'std_test_score': array([ 0.05124806,  0.04886122,  0.05059349,  0.04802268,  0.04915758,
        0.04976532,  0.05175749,  0.04730107,  0.0484781 ,  0.05344921,
        0.05082119,  0.05075103,  0.04862761,  0.0483573 ,  0.04975639,
        0.05037318,  0.05078703,  0.04920431,  0.05035272,  0.05006218,
        0.04732206,  0.05250842,  0.04710703,  0.04832464]), 'split1_train_score': array([ 0.84033133,  0.84233076,  0.8409026 ,  0.84518709,  0.97172237,
        0.97086547,  0.97000857,  0.9694373 ,  0.99314482,  0.99085975,
        0.99228792,  0.99143102,  0.83233362,  0.83233362,  0.83347615,
        0.83404742,  0.96829477,  0.9711511 ,  0.97086547,  0.97315053,
        0.99628678,  0.99485861,  0.99542988,  0.99514424]), 'split0_test_score': array([ 0.63127854,  0.63356164,  0.63356164,  0.6369863 ,  0.64611872,
        0.64497717,  0.63926941,  0.64840183,  0.64954338,  0.63926941,
        0.64269406,  0.64383562,  0.63812785,  0.63584475,  0.63127854,
        0.63356164,  0.6369863 ,  0.64155251,  0.64269406,  0.64155251,
        0.64726027,  0.63812785,  0.65296804,  0.64726027]), 'mean_test_score': array([ 0.7333181 ,  0.72989031,  0.73400366,  0.73171846,  0.74177331,
        0.74154479,  0.74154479,  0.74154479,  0.74474406,  0.74268739,
        0.74223035,  0.74223035,  0.73354662,  0.73126143,  0.73011883,
        0.73308958,  0.73628885,  0.73903108,  0.74108775,  0.74063071,
        0.74085923,  0.74040219,  0.74451554,  0.74268739]), 'params': ({'n_estimators': 300, 'criterion': 'gini', 'max_depth': 7}, {'n_estimators': 500, 'criterion': 'gini', 'max_depth': 7}, {'n_estimators': 700, 'criterion': 'gini', 'max_depth': 7}, {'n_estimators': 1000, 'criterion': 'gini', 'max_depth': 7}, {'n_estimators': 300, 'criterion': 'gini', 'max_depth': 12}, {'n_estimators': 500, 'criterion': 'gini', 'max_depth': 12}, {'n_estimators': 700, 'criterion': 'gini', 'max_depth': 12}, {'n_estimators': 1000, 'criterion': 'gini', 'max_depth': 12}, {'n_estimators': 300, 'criterion': 'gini', 'max_depth': 15}, {'n_estimators': 500, 'criterion': 'gini', 'max_depth': 15}, {'n_estimators': 700, 'criterion': 'gini', 'max_depth': 15}, {'n_estimators': 1000, 'criterion': 'gini', 'max_depth': 15}, {'n_estimators': 300, 'criterion': 'entropy', 'max_depth': 7}, {'n_estimators': 500, 'criterion': 'entropy', 'max_depth': 7}, {'n_estimators': 700, 'criterion': 'entropy', 'max_depth': 7}, {'n_estimators': 1000, 'criterion': 'entropy', 'max_depth': 7}, {'n_estimators': 300, 'criterion': 'entropy', 'max_depth': 12}, {'n_estimators': 500, 'criterion': 'entropy', 'max_depth': 12}, {'n_estimators': 700, 'criterion': 'entropy', 'max_depth': 12}, {'n_estimators': 1000, 'criterion': 'entropy', 'max_depth': 12}, {'n_estimators': 300, 'criterion': 'entropy', 'max_depth': 15}, {'n_estimators': 500, 'criterion': 'entropy', 'max_depth': 15}, {'n_estimators': 700, 'criterion': 'entropy', 'max_depth': 15}, {'n_estimators': 1000, 'criterion': 'entropy', 'max_depth': 15}), 'std_fit_time': array([ 0.52479178,  0.41143854,  1.55444152,  1.69135428,  0.58118367,
    [Sun Dec 18 08:11:24 2016 : 795469] speechd: Speech Dispatcher 0.8 starting
[Sun Dec 18 08:11:24 2016 : 795588] speechd: Speech Dispatcher already running.

Speech Dispatcher already running.

    0.52982767,  1.21528952,  1.91495222,  0.43158402,  0.77734162,
        1.13623703,  1.58414218,  0.77653601,  2.26836448,  1.93824299,
        2.89248522,  0.43243749,  0.17883627,  0.77366798,  3.19531605,
        0.97941222,  0.66825423,  1.12549362,  2.98686534]), 'split3_test_score': array([ 0.75657143,  0.74285714,  0.752     ,  0.75085714,  0.76685714,
        0.768     ,  0.76914286,  0.76914286,  0.768     ,  0.77257143,
        0.76685714,  0.77828571,  0.752     ,  0.74742857,  0.74628571,
        0.74628571,  0.75428571,  0.77142857,  0.76457143,  0.768     ,
        0.768     ,  0.768     ,  0.77485714,  0.77028571]), 'mean_train_score': array([ 0.84586517,  0.84517934,  0.84603637,  0.84637909,  0.9713782 ,
        0.97194953,  0.97189236,  0.97092126,  0.99177331,  0.99165904,
        0.9918304 ,  0.99160186,  0.83581011,  0.83386769,  0.83661   ,
        0.83426752,  0.97046423,  0.97252085,  0.97269228,  0.97280653,
        0.99565819,  0.99548682,  0.9955439 ,  0.9959438 ]), 'split1_test_score': array([ 0.75314286,  0.752     ,  0.76571429,  0.74857143,  0.75085714,
        0.75771429,  0.76      ,  0.76      ,  0.76228571,  0.75085714,
        0.76571429,  0.75314286,  0.76228571,  0.74857143,  0.75314286,
        0.75657143,  0.76      ,  0.76      ,  0.76342857,  0.76342857,
        0.75885714,  0.75885714,  0.76114286,  0.76114286])}
Best RFC RandomForestClassifier(bootstrap=True, class_weight=None, criterion='gini',
            max_depth=15, max_features='auto', max_leaf_nodes=None,
            min_impurity_split=1e-07, min_samples_leaf=1,
            min_samples_split=2, min_weight_fraction_leaf=0.0,
            n_estimators=300, n_jobs=1, oob_score=False, random_state=None,
            verbose=0, warm_start=False)
Best CV score for RFC 0.744744058501
Best RFC  params: {'n_estimators': 300, 'criterion': 'gini', 'max_depth': 15}
Finished in:  2980.0006938
