Train--------
False    2205
True     2171
Name: Mood, dtype: int64
Test----------
True     1522
False    1498
Name: Mood, dtype: int64
Extra Trees grid search: 
CV results {'std_train_score': array([ 0.00713896,  0.00713896,  0.00713896,  0.00967   ,  0.00967   ,
        0.00967   ,  0.01102161,  0.01102161,  0.01102161,  0.01005402,
        0.01005402,  0.01005402,  0.01148196,  0.01148196,  0.01148196,
        0.01063446,  0.01063446,  0.01063446,  0.00769812,  0.00769812,
        0.00769812,  0.00840087,  0.00840087,  0.00840087,  0.00921762,
        0.00921762,  0.00921762,  0.01001677,  0.01001677,  0.01001677,
        0.01016308,  0.01016308,  0.01016308,  0.01022114,  0.01022114,
        0.01022114]), 'rank_test_score': array([34, 34, 34, 31, 31, 31, 28, 28, 28, 22, 22, 22, 25, 25, 25, 19, 19,
       19, 16, 16, 16, 13, 13, 13,  7,  7,  7,  1,  1,  1, 10, 10, 10,  4,
        4,  4], dtype=int32), 'param_metric': masked_array(data = ['euclidean' 'euclidean' 'euclidean' 'euclidean' 'euclidean' 'euclidean'
 'euclidean' 'euclidean' 'euclidean' 'euclidean' 'euclidean' 'euclidean'
 'euclidean' 'euclidean' 'euclidean' 'euclidean' 'euclidean' 'euclidean'
 'euclidean' 'euclidean' 'euclidean' 'euclidean' 'euclidean' 'euclidean'
 'euclidean' 'euclidean' 'euclidean' 'euclidean' 'euclidean' 'euclidean'
 'euclidean' 'euclidean' 'euclidean' 'euclidean' 'euclidean' 'euclidean'],
             mask = [False False False False False False False False False False False False
 False False False False False False False False False False False False
 False False False False False False False False False False False False],
       fill_value = ?)
, 'split4_test_score': array([ 0.66514286,  0.66514286,  0.66514286,  0.66057143,  0.66057143,
        0.66057143,  0.66628571,  0.66628571,  0.66628571,  0.65485714,
        0.65485714,  0.65485714,  0.648     ,  0.648     ,  0.648     ,
        0.65828571,  0.65828571,  0.65828571,  0.66171429,  0.66171429,
        0.66171429,  0.66514286,  0.66514286,  0.66514286,  0.66742857,
        0.66742857,  0.66742857,  0.664     ,  0.664     ,  0.664     ,
        0.66285714,  0.66285714,  0.66285714,  0.64685714,  0.64685714,
        0.64685714]), 'param_n_neighbors': masked_array(data = [5 5 5 7 7 7 9 9 9 12 12 12 17 17 17 19 19 19 21 21 21 23 23 23 27 27 27 29
 29 29 33 33 33 37 37 37],
             mask = [False False False False False False False False False False False False
 False False False False False False False False False False False False
 False False False False False False False False False False False False],
       fill_value = ?)
, 'param_p': masked_array(data = [2 3 5 2 3 5 2 3 5 2 3 5 2 3 5 2 3 5 2 3 5 2 3 5 2 3 5 2 3 5 2 3 5 2 3 5],
             mask = [False False False False False False False False False False False False
 False False False False False False False False False False False False
 False False False False False False False False False False False False],
       fill_value = ?)
, 'split2_train_score': array([ 0.75378463,  0.75378463,  0.75378463,  0.72722079,  0.72722079,
        0.72722079,  0.72065124,  0.72065124,  0.72065124,  0.6940874 ,
        0.6940874 ,  0.6940874 ,  0.69437304,  0.69437304,  0.69437304,
        0.69551557,  0.69551557,  0.69551557,  0.69522993,  0.69522993,
        0.69522993,  0.68980291,  0.68980291,  0.68980291,  0.68723222,
        0.68723222,  0.68723222,  0.68351899,  0.68351899,  0.68351899,
        0.68380463,  0.68380463,  0.68380463,  0.67780634,  0.67780634,
        0.67780634]), 'std_score_time': array([ 0.00466023,  0.00595886,  0.02167051,  0.00266041,  0.00431984,
        0.00336994,  0.01682464,  0.00347935,  0.00225069,  0.00723829,
        0.01940278,  0.00106229,  0.00371208,  0.006226  ,  0.01109015,
        0.00830508,  0.00622569,  0.00423416,  0.00534863,  0.00829373,
        0.00157904,  0.00815094,  0.00647953,  0.00451123,  0.01701257,
        0.00796717,  0.00334925,  0.00355238,  0.00358825,  0.01154934,
        0.00350981,  0.01060881,  0.00338751,  0.00573131,  0.02520049,
        0.0188185 ]), 'split4_train_score': array([ 0.74407312,  0.74407312,  0.74407312,  0.72436447,  0.72436447,
        0.72436447,  0.71293916,  0.71293916,  0.71293916,  0.6949443 ,
        0.6949443 ,  0.6949443 ,  0.68580406,  0.68580406,  0.68580406,
        0.6826621 ,  0.6826621 ,  0.6826621 ,  0.6809483 ,  0.6809483 ,
        0.6809483 ,  0.67980577,  0.67980577,  0.67980577,  0.67295059,
        0.67295059,  0.67295059,  0.67152242,  0.67152242,  0.67152242,
        0.6669523 ,  0.6669523 ,  0.6669523 ,  0.66980863,  0.66980863,
        0.66980863]), 'split2_test_score': array([ 0.60914286,  0.60914286,  0.60914286,  0.60228571,  0.60228571,
        0.60228571,  0.63542857,  0.63542857,  0.63542857,  0.64571429,
        0.64571429,  0.64571429,  0.63542857,  0.63542857,  0.63542857,
        0.63542857,  0.63542857,  0.63542857,  0.62971429,  0.62971429,
        0.62971429,  0.63771429,  0.63771429,  0.63771429,  0.63885714,
        0.63885714,  0.63885714,  0.63885714,  0.63885714,  0.63885714,
        0.63771429,  0.63771429,  0.63771429,  0.64685714,  0.64685714,
        0.64685714]), 'mean_score_time': array([ 0.05740643,  0.05991497,  0.06223135,  0.05916309,  0.05967121,
        0.05583215,  0.06819258,  0.059233  ,  0.05862975,  0.06670918,
        0.07395391,  0.06411824,  0.06532822,  0.07353945,  0.07673917,
        0.07965851,  0.07540226,  0.07161446,  0.07559443,  0.07643046,
        0.07439013,  0.08335266,  0.07939839,  0.07149625,  0.087041  ,
        0.08675842,  0.07706847,  0.07891603,  0.07382517,  0.08243432,
        0.07908406,  0.08521628,  0.08091359,  0.08566098,  0.13851643,
        0.09266458]), 'mean_fit_time': array([ 0.02286444,  0.02361259,  0.02204127,  0.01782236,  0.02120895,
        0.01835475,  0.02057796,  0.01975703,  0.01717381,  0.01951485,
        0.01917148,  0.01626201,  0.0179738 ,  0.01874113,  0.02073598,
        0.02048626,  0.01768317,  0.0197412 ,  0.01718264,  0.01669755,
        0.01867566,  0.01983175,  0.02048936,  0.01775956,  0.01870975,
        0.01833401,  0.01737118,  0.02026877,  0.01828222,  0.01748829,
        0.01642632,  0.01860218,  0.01738267,  0.01874132,  0.03000011,
        0.02118797]), 'split3_train_score': array([ 0.74835761,  0.74835761,  0.74835761,  0.72979149,  0.72979149,
        0.72979149,  0.71522422,  0.71522422,  0.71522422,  0.69323051,
        0.69323051,  0.69323051,  0.68294773,  0.68294773,  0.68294773,
        0.6818052 ,  0.6818052 ,  0.6818052 ,  0.68551842,  0.68551842,
        0.68551842,  0.67466438,  0.67466438,  0.67466438,  0.67837761,
        0.67837761,  0.67837761,  0.67580691,  0.67580691,  0.67580691,
        0.67552128,  0.67552128,  0.67552128,  0.66723793,  0.66723793,
        0.66723793]), 'split0_train_score': array([ 0.76142857,  0.76142857,  0.76142857,  0.748     ,  0.748     ,
        0.748     ,  0.74114286,  0.74114286,  0.74114286,  0.72      ,
        0.72      ,  0.72      ,  0.71571429,  0.71571429,  0.71571429,
        0.71057143,  0.71057143,  0.71057143,  0.70314286,  0.70314286,
        0.70314286,  0.69885714,  0.69885714,  0.69885714,  0.69914286,
        0.69914286,  0.69914286,  0.7       ,  0.7       ,  0.7       ,
        0.69685714,  0.69685714,  0.69685714,  0.69428571,  0.69428571,
        0.69428571]), 'param_algorithm': masked_array(data = ['auto' 'auto' 'auto' 'auto' 'auto' 'auto' 'auto' 'auto' 'auto' 'auto'
 'auto' 'auto' 'auto' 'auto' 'auto' 'auto' 'auto' 'auto' 'auto' 'auto'
 'auto' 'auto' 'auto' 'auto' 'auto' 'auto' 'auto' 'auto' 'auto' 'auto'
 'auto' 'auto' 'auto' 'auto' 'auto' 'auto'],
             mask = [False False False False False False False False False False False False
 False False False False False False False False False False False False
 False False False False False False False False False False False False],
       fill_value = ?)
, 'std_test_score': array([ 0.03297423,  0.03297423,  0.03297423,  0.02777598,  0.02777598,
        0.02777598,  0.03504174,  0.03504174,  0.03504174,  0.03265626,
        0.03265626,  0.03265626,  0.03666168,  0.03666168,  0.03666168,
        0.03718398,  0.03718398,  0.03718398,  0.03814104,  0.03814104,
        0.03814104,  0.03316845,  0.03316845,  0.03316845,  0.03254458,
        0.03254458,  0.03254458,  0.02402544,  0.02402544,  0.02402544,
        0.03259276,  0.03259276,  0.03259276,  0.03054346,  0.03054346,
        0.03054346]), 'split1_train_score': array([ 0.74150243,  0.74150243,  0.74150243,  0.71979434,  0.71979434,
        0.71979434,  0.7106541 ,  0.7106541 ,  0.7106541 ,  0.70122822,
        0.70122822,  0.70122822,  0.69522993,  0.69522993,  0.69522993,
        0.68780348,  0.68780348,  0.68780348,  0.69094544,  0.69094544,
        0.69094544,  0.68294773,  0.68294773,  0.68294773,  0.67809197,
        0.67809197,  0.67809197,  0.67666381,  0.67666381,  0.67666381,
        0.67466438,  0.67466438,  0.67466438,  0.66752356,  0.66752356,
        0.66752356]), 'split0_test_score': array([ 0.56621005,  0.56621005,  0.56621005,  0.57990868,  0.57990868,
        0.57990868,  0.56050228,  0.56050228,  0.56050228,  0.5673516 ,
        0.5673516 ,  0.5673516 ,  0.55707763,  0.55707763,  0.55707763,
        0.56621005,  0.56621005,  0.56621005,  0.56621005,  0.56621005,
        0.56621005,  0.57648402,  0.57648402,  0.57648402,  0.58333333,
        0.58333333,  0.58333333,  0.60159817,  0.60159817,  0.60159817,
        0.57990868,  0.57990868,  0.57990868,  0.58789954,  0.58789954,
        0.58789954]), 'mean_test_score': array([ 0.61860146,  0.61860146,  0.61860146,  0.62134369,  0.62134369,
        0.62134369,  0.62522852,  0.62522852,  0.62522852,  0.62888483,
        0.62888483,  0.62888483,  0.62797075,  0.62797075,  0.62797075,
        0.63436929,  0.63436929,  0.63436929,  0.63619744,  0.63619744,
        0.63619744,  0.63848263,  0.63848263,  0.63848263,  0.6416819 ,
        0.6416819 ,  0.6416819 ,  0.64351005,  0.64351005,  0.64351005,
        0.63893967,  0.63893967,  0.63893967,  0.6428245 ,  0.6428245 ,
        0.6428245 ]), 'params': ({'n_neighbors': 5, 'metric': 'euclidean', 'algorithm': 'auto', 'p': 2}, {'n_neighbors': 5, 'metric': 'euclidean', 'algorithm': 'auto', 'p': 3}, {'n_neighbors': 5, 'metric': 'euclidean', 'algorithm': 'auto', 'p': 5}, {'n_neighbors': 7, 'metric': 'euclidean', 'algorithm': 'auto', 'p': 2}, {'n_neighbors': 7, 'metric': 'euclidean', 'algorithm': 'auto', 'p': 3}, {'n_neighbors': 7, 'metric': 'euclidean', 'algorithm': 'auto', 'p': 5}, {'n_neighbors': 9, 'metric': 'euclidean', 'algorithm': 'auto', 'p': 2}, {'n_neighbors': 9, 'metric': 'euclidean', 'algorithm': 'auto', 'p': 3}, {'n_neighbors': 9, 'metric': 'euclidean', 'algorithm': 'auto', 'p': 5}, {'n_neighbors': 12, 'metric': 'euclidean', 'algorithm': 'auto', 'p': 2}, {'n_neighbors': 12, 'metric': 'euclidean', 'algorithm': 'auto', 'p': 3}, {'n_neighbors': 12, 'metric': 'euclidean', 'algorithm': 'auto', 'p': 5}, {'n_neighbors': 17, 'metric': 'euclidean', 'algorithm': 'auto', 'p': 2}, {'n_neighbors': 17, 'metric': 'euclidean', 'algorithm': 'auto', 'p': 3}, {'n_neighbors': 17, 'metric': 'euclidean', 'algorithm': 'auto', 'p': 5}, {'n_neighbors': 19, 'metric': 'euclidean', 'algorithm': 'auto', 'p': 2}, {'n_neighbors': 19, 'metric': 'euclidean', 'algorithm': 'auto', 'p': 3}, {'n_neighbors': 19, 'metric': 'euclidean', 'algorithm': 'auto', 'p': 5}, {'n_neighbors': 21, 'metric': 'euclidean', 'algorithm': 'auto', 'p': 2}, {'n_neighbors': 21, 'metric': 'euclidean', 'algorithm': 'auto', 'p': 3}, {'n_neighbors': 21, 'metric': 'euclidean', 'algorithm': 'auto', 'p': 5}, {'n_neighbors': 23, 'metric': 'euclidean', 'algorithm': 'auto', 'p': 2}, {'n_neighbors': 23, 'metric': 'euclidean', 'algorithm': 'auto', 'p': 3}, {'n_neighbors': 23, 'metric': 'euclidean', 'algorithm': 'auto', 'p': 5}, {'n_neighbors': 27, 'metric': 'euclidean', 'algorithm': 'auto', 'p': 2}, {'n_neighbors': 27, 'metric': 'euclidean', 'algorithm': 'auto', 'p': 3}, {'n_neighbors': 27, 'metric': 'euclidean', 'algorithm': 'auto', 'p': 5}, {'n_neighbors': 29, 'metric': 'euclidean', 'algorithm': 'auto', 'p': 2}, {'n_neighbors': 29, 'metric': 'euclidean', 'algorithm': 'auto', 'p': 3}, {'n_neighbors': 29, 'metric': 'euclidean', 'algorithm': 'auto',[Sun Dec 18 07:21:14 2016 : 679533] speechd: Speech Dispatcher 0.8 starting
[Sun Dec 18 07:21:14 2016 : 679661] speechd: Speech Dispatcher already running.

Speech Dispatcher already running.

 'p': 5}, {'n_neighbors': 33, 'metric': 'euclidean', 'algorithm': 'auto', 'p': 2}, {'n_neighbors': 33, 'metric': 'euclidean', 'algorithm': 'auto', 'p': 3}, {'n_neighbors': 33, 'metric': 'euclidean', 'algorithm': 'auto', 'p': 5}, {'n_neighbors': 37, 'metric': 'euclidean', 'algorithm': 'auto', 'p': 2}, {'n_neighbors': 37, 'metric': 'euclidean', 'algorithm': 'auto', 'p': 3}, {'n_neighbors': 37, 'metric': 'euclidean', 'algorithm': 'auto', 'p': 5}), 'std_fit_time': array([ 0.00662904,  0.00550002,  0.0081451 ,  0.0009752 ,  0.00491601,
        0.00142943,  0.00705031,  0.00167524,  0.00136392,  0.00317368,
        0.00610594,  0.00054548,  0.00114931,  0.00149886,  0.00314434,
        0.00229442,  0.00184928,  0.00306705,  0.00117141,  0.0013498 ,
        0.00134825,  0.00422693,  0.0046623 ,  0.00226932,  0.00224156,
        0.00219342,  0.00297082,  0.00780217,  0.0017242 ,  0.00195106,
        0.0010852 ,  0.00180334,  0.00205261,  0.00249773,  0.01294076,
        0.00747153]), 'split3_test_score': array([ 0.61371429,  0.61371429,  0.61371429,  0.62971429,  0.62971429,
        0.62971429,  0.62628571,  0.62628571,  0.62628571,  0.65257143,
        0.65257143,  0.65257143,  0.66171429,  0.66171429,  0.66171429,
        0.67542857,  0.67542857,  0.67542857,  0.67542857,  0.67542857,
        0.67542857,  0.66857143,  0.66857143,  0.66857143,  0.67657143,
        0.67657143,  0.67657143,  0.66971429,  0.66971429,  0.66971429,
        0.67428571,  0.67428571,  0.67428571,  0.68228571,  0.68228571,
        0.68228571]), 'mean_train_score': array([ 0.74982927,  0.74982927,  0.74982927,  0.72983422,  0.72983422,
        0.72983422,  0.72012232,  0.72012232,  0.72012232,  0.70069809,
        0.70069809,  0.70069809,  0.69481381,  0.69481381,  0.69481381,
        0.69167156,  0.69167156,  0.69167156,  0.69115699,  0.69115699,
        0.69115699,  0.68521559,  0.68521559,  0.68521559,  0.68315905,
        0.68315905,  0.68315905,  0.68150243,  0.68150243,  0.68150243,
        0.67955995,  0.67955995,  0.67955995,  0.67533244,  0.67533244,
        0.67533244]), 'split1_test_score': array([ 0.63885714,  0.63885714,  0.63885714,  0.63428571,  0.63428571,
        0.63428571,  0.63771429,  0.63771429,  0.63771429,  0.624     ,
        0.624     ,  0.624     ,  0.63771429,  0.63771429,  0.63771429,
        0.63657143,  0.63657143,  0.63657143,  0.648     ,  0.648     ,
        0.648     ,  0.64457143,  0.64457143,  0.64457143,  0.64228571,
        0.64228571,  0.64228571,  0.64342857,  0.64342857,  0.64342857,
        0.64      ,  0.64      ,  0.64      ,  0.65028571,  0.65028571,
        0.65028571])}
Best Extra Trees KNeighborsClassifier(algorithm='auto', leaf_size=30, metric='euclidean',
           metric_params=None, n_jobs=1, n_neighbors=29, p=2,
           weights='uniform')
Best CV score for Extra Trees 0.643510054845
Best Extra Trees params: {'n_neighbors': 29, 'metric': 'euclidean', 'algorithm': 'auto', 'p': 2}
Finished in:  71.8786149025
