Train--------
False    2205
True     2171
Name: Mood, dtype: int64
Test----------
True     1522
False    1498
Name: Mood, dtype: int64
Gradient Boost grid search: 
CV results {'std_train_score': array([ 0.00653828,  0.00682277,  0.00426495,  0.00353241,  0.00261806,
        0.0010776 ,  0.00027986,  0.        ,  0.        ,  0.        ,
        0.        ,  0.        ,  0.        ,  0.        ,  0.        ,
        0.00845984,  0.0064845 ,  0.00614598,  0.00576877,  0.00324922,
        0.00232021,  0.00073601,  0.        ,  0.        ,  0.        ,
        0.        ,  0.        ,  0.        ,  0.        ,  0.        ,
        0.00217286,  0.00472941,  0.00926418,  0.00687122,  0.00747901,
        0.01170353,  0.01067192,  0.00957237,  0.00919476,  0.01019863,
        0.01172817,  0.00980395,  0.00788226,  0.00603365,  0.00565884,
        0.00217286,  0.00898687,  0.00926418,  0.00721734,  0.00793098,
        0.01172532,  0.00944893,  0.0102384 ,  0.00884745,  0.00945498,
        0.01136823,  0.0095223 ,  0.00705218,  0.0058363 ,  0.00610591,
        0.00217286,  0.00472941,  0.00926418,  0.00687122,  0.00747901,
        0.01170353,  0.01067192,  0.00957237,  0.00919476,  0.01019863,
        0.01154023,  0.00988051,  0.00776551,  0.00590577,  0.00569217,
        0.00217286,  0.00898687,  0.00926418,  0.00721734,  0.00793098,
        0.01172532,  0.00944893,  0.0102384 ,  0.00884745,  0.00957717,
        0.01133347,  0.00953049,  0.00704983,  0.00596018,  0.00585144,
        0.0035053 ,  0.00018065,  0.        ,  0.        ,  0.        ,
        0.        ,  0.        ,  0.        ,  0.        ,  0.        ,
        0.        ,  0.        ,  0.        ,  0.        ,  0.        ,
        0.00381924,  0.00058249,  0.        ,  0.        ,  0.        ,
        0.        ,  0.        ,  0.        ,  0.        ,  0.        ,
        0.        ,  0.        ,  0.        ,  0.        ,  0.        ]), 'rank_test_score': array([ 10,  17,   5,  13,  27,  24,   7,  25,  17,  11,  29,  23,   7,
        13,  25,  31,  16,  22,  21,  15,   1,   5,   3,   3,  17,  28,
        11,   1,   9,  20, 101,  98,  89,  83,  77,  87,  79,  68,  62,
        57, 110, 116, 120,  95, 106, 101,  96,  89,  81,  72,  85,  75,
        67,  61,  52, 110, 114, 112, 101,  93, 101,  98,  89,  83,  77,
        88,  80,  70,  64,  55, 109, 117, 118, 100, 108, 101,  96,  89,
        81,  72,  85,  75,  68,  60,  51, 119, 115, 113, 107,  94,  74,
        71,  66,  53,  55,  50,  44,  40,  47,  42,  59,  46,  65,  58,
        37,  62,  48,  53,  38,  49,  34,  32,  39,  30,  33,  35,  40,
        36,  45,  42], dtype=int32), 'param_criterion': masked_array(data = ['mse' 'mse' 'mse' 'mse' 'mse' 'mse' 'mse' 'mse' 'mse' 'mse' 'mse' 'mse'
 'mse' 'mse' 'mse' 'mse' 'mse' 'mse' 'mse' 'mse' 'mse' 'mse' 'mse' 'mse'
 'mse' 'mse' 'mse' 'mse' 'mse' 'mse' 'mse' 'mse' 'mse' 'mse' 'mse' 'mse'
 'mse' 'mse' 'mse' 'mse' 'mse' 'mse' 'mse' 'mse' 'mse' 'mse' 'mse' 'mse'
 'mse' 'mse' 'mse' 'mse' 'mse' 'mse' 'mse' 'mse' 'mse' 'mse' 'mse' 'mse'
 'mse' 'mse' 'mse' 'mse' 'mse' 'mse' 'mse' 'mse' 'mse' 'mse' 'mse' 'mse'
 'mse' 'mse' 'mse' 'mse' 'mse' 'mse' 'mse' 'mse' 'mse' 'mse' 'mse' 'mse'
 'mse' 'mse' 'mse' 'mse' 'mse' 'mse' 'mse' 'mse' 'mse' 'mse' 'mse' 'mse'
 'mse' 'mse' 'mse' 'mse' 'mse' 'mse' 'mse' 'mse' 'mse' 'mse' 'mse' 'mse'
 'mse' 'mse' 'mse' 'mse' 'mse' 'mse' 'mse' 'mse' 'mse' 'mse' 'mse' 'mse'],
             mask = [False False False False False False False False False False False False
 False False False False False False False False False False False False
 False False False False False False False False False False False False
 False False False False False False False False False False False False
 False False False False False False False False False False False False
 False False False False False False False False False False False False
 False False False False False False False False False False False False
 False False False False False False False False False False False False
 False False False False False False False False False False False False
 False False False False False False False False False False False False],
       fill_value = ?)
, 'param_loss': masked_array(data = ['deviance' 'deviance' 'deviance' 'deviance' 'deviance' 'deviance'
 'deviance' 'deviance' 'deviance' 'deviance' 'deviance' 'deviance'
 'deviance' 'deviance' 'deviance' 'exponential' 'exponential' 'exponential'
 'exponential' 'exponential' 'exponential' 'exponential' 'exponential'
 'exponential' 'exponential' 'exponential' 'exponential' 'exponential'
 'exponential' 'exponential' 'deviance' 'deviance' 'deviance' 'deviance'
 'deviance' 'deviance' 'deviance' 'deviance' 'deviance' 'deviance'
 'deviance' 'deviance' 'deviance' 'deviance' 'deviance' 'exponential'
 'exponential' 'exponential' 'exponential' 'exponential' 'exponential'
 'exponential' 'exponential' 'exponential' 'exponential' 'exponential'
 'exponential' 'exponential' 'exponential' 'exponential' 'deviance'
 'deviance' 'deviance' 'deviance' 'deviance' 'deviance' 'deviance'
 'deviance' 'deviance' 'deviance' 'deviance' 'deviance' 'deviance'
 'deviance' 'deviance' 'exponential' 'exponential' 'exponential'
 'exponential' 'exponential' 'exponential' 'exponential' 'exponential'
 'exponential' 'exponential' 'exponential' 'exponential' 'exponential'
 'exponential' 'exponential' 'deviance' 'deviance' 'deviance' 'deviance'
 'deviance' 'deviance' 'deviance' 'deviance' 'deviance' 'deviance'
 'deviance' 'deviance' 'deviance' 'deviance' 'deviance' 'exponential'
 'exponential' 'exponential' 'exponential' 'exponential' 'exponential'
 'exponential' 'exponential' 'exponential' 'exponential' 'exponential'
 'exponential' 'exponential' 'exponential' 'exponential'],
             mask = [False False False False False False False False False False False False
 False False False False False False False False False False False False
 False False False False False False False False False False False False
 False False False False False False False False False False False False
 False False False False False False False False False False False False
 False False False False False False False False False False False False
 False False False False False False False False False False False False
 False False False False False False False False False False False False
 False False False False False False False False False False False False
 False False False False False False False False False False False False],
       fill_value = ?)
, 'split4_test_score': array([ 0.77485714,  0.76457143,  0.77142857,  0.77714286,  0.76571429,
        0.75314286,  0.768     ,  0.76914286,  0.76571429,  0.77485714,
        0.76571429,  0.76571429,  0.77142857,  0.76914286,  0.77485714,
        0.76457143,  0.76914286,  0.77714286,  0.77371429,  0.78171429,
        0.77714286,  0.776     ,  0.77142857,  0.78171429,  0.76914286,
        0.768     ,  0.77371429,  0.77828571,  0.77828571,  0.77485714,
        0.70171429,  0.704     ,  0.70971429,  0.71542857,  0.72114286,
        0.71542857,  0.72457143,  0.73942857,  0.74742857,  0.744     ,
        0.69942857,  0.69828571,  0.70171429,  0.71542857,  0.70971429,
        0.70171429,  0.704     ,  0.70971429,  0.71428571,  0.72114286,
        0.71542857,  0.72342857,  0.74057143,  0.74514286,  0.74514286,
        0.69828571,  0.69485714,  0.70514286,  0.71542857,  0.70971429,
        0.70171429,  0.704     ,  0.70971429,  0.71542857,  0.72114286,
        0.71428571,  0.72457143,  0.74057143,  0.74628571,  0.74514286,
        0.70057143,  0.69714286,  0.70171429,  0.70971429,  0.70628571,
        0.70171429,  0.704     ,  0.70971429,  0.71428571,  0.72114286,
        0.71542857,  0.72342857,  0.73942857,  0.74628571,  0.74742857,
        0.69142857,  0.696     ,  0.70285714,  0.71085714,  0.70857143,
        0.73828571,  0.74857143,  0.75085714,  0.74971429,  0.75085714,
        0.75542857,  0.75085714,  0.75428571,  0.74514286,  0.74857143,
        0.73257143,  0.74514286,  0.74742857,  0.75314286,  0.74857143,
        0.73714286,  0.744     ,  0.74857143,  0.75657143,  0.76114286,
        0.75885714,  0.77828571,  0.74971429,  0.76571429,  0.76      ,
        0.74285714,  0.75542857,  0.75542857,  0.76      ,  0.74742857]), 'split2_train_score': array([ 0.82890603,  0.85061411,  0.87774921,  0.93401885,  0.96543845,
        0.99343045,  0.99942873,  1.        ,  1.        ,  1.        ,
        1.        ,  1.        ,  1.        ,  1.        ,  1.        ,
        0.81433876,  0.84290203,  0.86318195,  0.91116824,  0.95287061,
        0.99143102,  0.9991431 ,  1.        ,  1.        ,  1.        ,
        1.        ,  1.        ,  1.        ,  1.        ,  1.        ,
        0.70322765,  0.70779777,  0.7080834 ,  0.71636675,  0.71836618,
        0.7972008 ,  0.80919737,  0.82233648,  0.83861754,  0.84433019,
        0.94487289,  0.94944302,  0.9554413 ,  0.96629534,  0.97629249,
        0.70322765,  0.70779777,  0.7080834 ,  0.71636675,  0.71779492,
        0.7972008 ,  0.80976864,  0.8243359 ,  0.83633248,  0.84233076,
        0.94487289,  0.94858612,  0.95401314,  0.96572408,  0.97486432,
        0.70322765,  0.70779777,  0.7080834 ,  0.71636675,  0.71836618,
        0.7972008 ,  0.80919737,  0.82233648,  0.83861754,  0.84433019,
        0.94487289,  0.94944302,  0.9554413 ,  0.96629534,  0.97629249,
        0.70322765,  0.70779777,  0.7080834 ,  0.71636675,  0.71779492,
        0.7972008 ,  0.80976864,  0.8243359 ,  0.83633248,  0.84290203,
        0.94487289,  0.94858612,  0.95401314,  0.96572408,  0.97429306,
        0.98714653,  0.99971437,  1.        ,  1.        ,  1.        ,
        1.        ,  1.        ,  1.        ,  1.        ,  1.        ,
        1.        ,  1.        ,  1.        ,  1.        ,  1.        ,
        0.9702942 ,  0.99714367,  1.        ,  1.        ,  1.        ,
        1.        ,  1.        ,  1.        ,  1.        ,  1.        ,
        1.        ,  1.        ,  1.        ,  1.        ,  1.        ]), 'param_n_estimators': masked_array(data = [100 150 200 350 500 100 150 200 350 500 100 150 200 350 500 100 150 200
 350 500 100 150 200 350 500 100 150 200 350 500 100 150 200 350 500 100
 150 200 350 500 100 150 200 350 500 100 150 200 350 500 100 150 200 350
 500 100 150 200 350 500 100 150 200 350 500 100 150 200 350 500 100 150
 200 350 500 100 150 200 350 500 100 150 200 350 500 100 150 200 350 500
 100 150 200 350 500 100 150 200 350 500 100 150 200 350 500 100 150 200
 350 500 100 150 200 350 500 100 150 200 350 500],
             mask = [False False False False False False False False False False False False
 False False False False False False False False False False False False
 False False False False False False False False False False False False
 False False False False False False False False False False False False
 False False False False False False False False False False False False
 False False False False False False False False False False False False
 False False False False False False False False False False False False
 False False False False False False False False False False False False
 False False False False False False False False False False False False
 False False False False False False False False False False False False],
       fill_value = ?)
, 'std_score_time': array([  5.27949282e-04,   1.21840083e-03,   2.77786748e-03,
         1.50800865e-04,   1.33318217e-03,   2.23792260e-03,
         2.57395055e-03,   3.35495583e-03,   1.01772101e-02,
         1.52687840e-02,   8.66159868e-03,   1.09146232e-02,
         9.91571781e-03,   5.33553080e-03,   1.00206884e-02,
         8.17418229e-05,   2.53113545e-04,   4.12870264e-03,
         5.67581037e-03,   4.21063598e-03,   4.05179243e-04,
         8.31241039e-04,   6.71038917e-03,   1.15245995e-03,
         3.05872381e-03,   2.63383986e-03,   2.69528879e-03,
         1.73842891e-03,   1.26881004e-03,   1.16709655e-03,
         6.58980672e-04,   6.82185503e-04,   7.75433411e-04,
         2.96662750e-04,   2.67012682e-03,   1.09162287e-03,
         1.08398685e-03,   6.33230870e-04,   5.88725630e-04,
         4.12329865e-03,   5.80728141e-04,   3.17702597e-04,
         1.58977604e-03,   1.05138551e-02,   5.02287944e-03,
         3.45445258e-04,   1.19712207e-04,   3.04667877e-04,
         8.24266805e-04,   6.56442217e-04,   6.77850478e-05,
         7.60276567e-04,   6.28752693e-04,   6.67685472e-04,
         1.94095823e-03,   1.25391741e-03,   7.40189966e-04,
         1.86500946e-03,   1.84068866e-03,   4.73411578e-03,
         7.30186820e-04,   5.65223680e-04,   2.55350283e-04,
         8.78785742e-04,   4.15114794e-04,   8.70730587e-04,
         3.84993030e-04,   7.03403544e-04,   4.24930511e-04,
         1.22231356e-03,   7.12106840e-04,   2.19136294e-04,
         2.91864402e-04,   3.75052085e-03,   1.73933152e-03,
         1.00900410e-04,   7.23457336e-04,   1.14003480e-03,
         5.85159566e-04,   8.14131424e-04,   4.89597916e-04,
         3.55892626e-04,   4.71303710e-04,   3.65681116e-04,
         1.22925860e-03,   2.08914794e-04,   5.47232907e-04,
         1.01953423e-03,   1.81701268e-03,   9.75695990e-04,
         3.58296723e-05,   6.84204066e-04,   5.05362913e-04,
         8.29076884e-04,   2.00588955e-03,   7.01360557e-04,
         7.62380022e-04,   2.16065172e-04,   4.02309616e-04,
         1.81394997e-04,   2.03036870e-04,   1.94729775e-04,
         2.90685172e-04,   1.50858843e-04,   8.92310706e-04,
         3.45740895e-04,   7.18712401e-05,   2.35759469e-04,
         3.91860460e-04,   6.70531989e-04,   9.01794000e-05,
         6.08752484e-04,   9.32655695e-04,   5.94054089e-04,
         2.02701193e-04,   2.31967403e-04,   2.15093594e-04,
         4.53312371e-04,   3.86718445e-04,   3.78602956e-04]), 'split4_train_score': array([ 0.82633533,  0.85089974,  0.87717795,  0.93087689,  0.96372465,
        0.99200229,  1.        ,  1.        ,  1.        ,  1.        ,
        1.        ,  1.        ,  1.        ,  1.        ,  1.        ,
        0.81719509,  0.84204513,  0.86289632,  0.9151671 ,  0.95058555,
        0.986004  ,  0.99771494,  1.        ,  1.        ,  1.        ,
        1.        ,  1.        ,  1.        ,  1.        ,  1.        ,
        0.70008569,  0.70465581,  0.71865181,  0.7237932 ,  0.71979434,
        0.78834619,  0.80205656,  0.80634105,  0.81491003,  0.8243359 ,
        0.91745216,  0.92773493,  0.93916024,  0.95229934,  0.95915453,
        0.70008569,  0.70465581,  0.71865181,  0.72579263,  0.71836618,
        0.78834619,  0.80062839,  0.80634105,  0.8137675 ,  0.8251928 ,
        0.91745216,  0.9283062 ,  0.93887461,  0.95229934,  0.9571551 ,
        0.70008569,  0.70465581,  0.71865181,  0.7237932 ,  0.71979434,
        0.78834619,  0.80205656,  0.80634105,  0.81491003,  0.8243359 ,
        0.91802342,  0.92773493,  0.93944587,  0.95287061,  0.95915453,
        0.70008569,  0.70465581,  0.71865181,  0.72579263,  0.71836618,
        0.78834619,  0.80062839,  0.80634105,  0.8137675 ,  0.8251928 ,
        0.91773779,  0.9283062 ,  0.93887461,  0.95201371,  0.95744073,
        0.98714653,  0.99971437,  1.        ,  1.        ,  1.        ,
        1.        ,  1.        ,  1.        ,  1.        ,  1.        ,
        1.        ,  1.        ,  1.        ,  1.        ,  1.        ,
        0.96772351,  0.99714367,  1.        ,  1.        ,  1.        ,
        1.        ,  1.        ,  1.        ,  1.        ,  1.        ,
        1.        ,  1.        ,  1.        ,  1.        ,  1.        ]), 'split2_test_score': array([ 0.75085714,  0.744     ,  0.74285714,  0.73371429,  0.73028571,
        0.74628571,  0.73828571,  0.73028571,  0.73485714,  0.73371429,
        0.744     ,  0.74285714,  0.74057143,  0.74857143,  0.72685714,
        0.74971429,  0.74514286,  0.74171429,  0.73485714,  0.736     ,
        0.73714286,  0.74514286,  0.74285714,  0.72914286,  0.71657143,
        0.74857143,  0.74057143,  0.73714286,  0.73828571,  0.73257143,
        0.70057143,  0.70742857,  0.70857143,  0.70628571,  0.71085714,
        0.712     ,  0.72228571,  0.72457143,  0.73257143,  0.74285714,
        0.69485714,  0.69142857,  0.69142857,  0.69828571,  0.70514286,
        0.70057143,  0.70742857,  0.70857143,  0.70628571,  0.71085714,
        0.71314286,  0.72228571,  0.72685714,  0.73485714,  0.74285714,
        0.696     ,  0.68914286,  0.68914286,  0.696     ,  0.712     ,
        0.70057143,  0.70742857,  0.70857143,  0.70628571,  0.71085714,
        0.71085714,  0.72342857,  0.72342857,  0.73257143,  0.74285714,
        0.69485714,  0.69257143,  0.69371429,  0.696     ,  0.70742857,
        0.70057143,  0.70742857,  0.70857143,  0.70628571,  0.71085714,
        0.71314286,  0.72114286,  0.72571429,  0.73485714,  0.74285714,
        0.69485714,  0.69371429,  0.688     ,  0.69828571,  0.71542857,
        0.69257143,  0.69714286,  0.696     ,  0.70628571,  0.70857143,
        0.72228571,  0.71885714,  0.72457143,  0.73371429,  0.71542857,
        0.712     ,  0.712     ,  0.70285714,  0.70742857,  0.73371429,
        0.69714286,  0.70857143,  0.70628571,  0.71542857,  0.70514286,
        0.73828571,  0.736     ,  0.72      ,  0.73485714,  0.73485714,
        0.73485714,  0.744     ,  0.73714286,  0.72685714,  0.72228571]), 'mean_score_time': array([ 0.00423918,  0.00541339,  0.00808024,  0.00864239,  0.01224904,
        0.0075706 ,  0.01010818,  0.01246557,  0.02115574,  0.04066024,
        0.01703353,  0.03211045,  0.02536736,  0.02695341,  0.02836857,
        0.0038548 ,  0.00488925,  0.0088788 ,  0.01759353,  0.02105193,
        0.00601945,  0.00861282,  0.01772475,  0.01677179,  0.02255659,
        0.01195703,  0.01617517,  0.01646843,  0.0190906 ,  0.01792669,
        0.00347543,  0.00468884,  0.00575795,  0.00969906,  0.01369963,
        0.00671606,  0.00880198,  0.00995002,  0.01783733,  0.02551241,
        0.00882754,  0.013168  ,  0.01644545,  0.03362045,  0.03822718,
        0.00257215,  0.00308981,  0.0039876 ,  0.00735145,  0.00979209,
        0.00418258,  0.00659218,  0.00869679,  0.01326342,  0.01971321,
        0.00784426,  0.00985222,  0.01402016,  0.02402077,  0.03501649,
        0.00278311,  0.00357785,  0.00419021,  0.00700984,  0.00910983,
        0.0046658 ,  0.00608797,  0.0091702 ,  0.0132606 ,  0.01854057,
        0.00690665,  0.00964837,  0.01303859,  0.02411776,  0.03413439,
        0.0023952 ,  0.00365944,  0.00494642,  0.00657043,  0.00944638,
        0.00465379,  0.00600476,  0.00768876,  0.01243534,  0.01824746,
        0.00645075,  0.0099896 ,  0.0131238 ,  0.02330399,  0.03268619,
        0.00232162,  0.00348496,  0.00399818,  0.00674863,  0.00932841,
        0.00406961,  0.00517321,  0.00467944,  0.00480814,  0.00519671,
        0.00285621,  0.00318069,  0.00325141,  0.00323782,  0.00440664,
        0.00256023,  0.0029552 ,  0.00377064,  0.00554261,  0.00783019,
        0.00367136,  0.00525937,  0.00597334,  0.0054914 ,  0.00564079,
        0.00335164,  0.00340195,  0.00346322,  0.0036325 ,  0.00380554]), 'mean_fit_time': array([  1.69380517,   2.23855538,   3.66555524,   6.42611256,
         9.02697239,   5.58437819,   7.51928   ,   9.86250081,
        17.72303557,  28.16343336,  22.94136047,  31.43946977,
        34.96010604,  34.74113398,  33.45357842,   2.03594079,
         3.1684236 ,   4.24725919,   7.46247802,   9.00715761,
         4.40260792,   6.04974294,  10.77806253,  15.85683146,
        18.33600106,  15.94228559,  21.31830058,  20.70847111,
        21.35707598,  23.15530276,   1.25421181,   2.01781321,
         2.91956625,   5.01929994,   7.4152534 ,   4.45740299,
         6.42117639,   8.428931  ,  12.91093011,  19.71353955,
         9.38786764,  15.77504539,  19.98070498,  38.64837432,
        46.13210044,   0.90421944,   1.36858315,   1.77170525,
         3.11422377,   4.65838089,   2.67380819,   4.23120379,
         5.69545465,   9.1347928 ,  13.68824682,   6.39175677,
        10.33381739,  14.55003037,  25.65570846,  36.49716935,
         0.94556022,   1.41407795,   1.8176506 ,   3.71860256,
         4.62887621,   2.50953674,   3.72645841,   5.36212459,
         9.31985354,  12.80222917,   6.45168362,   9.67981558,
        12.71933498,  23.76260357,  37.09076695,   1.01540818,
         1.42191014,   2.02335477,   3.24204421,   4.58328242,
         2.60727162,   3.96497059,   5.00189304,   8.90763593,
        12.73490777,   6.19819641,   9.60043058,  13.57835736,
        25.32357121,  38.55789838,   0.80212016,   1.30548081,
         1.80058808,   3.04908519,   4.28419075,   2.13845444,
         2.52513824,   2.73586459,   2.65458364,   2.65762711,
         1.6145762 ,   1.76069369,   1.87968397,   1.95058761,
         1.95152316,   0.85939741,   1.23556323,   1.70035534,
         2.80804281,   4.37152414,   2.15262461,   3.10957203,
         3.3646172 ,   3.22021322,   3.41520643,   2.23522673,
         2.30123806,   2.1100832 ,   2.20720925,   2.31135321]), 'split3_train_score': array([ 0.82490717,  0.85604113,  0.88231934,  0.93544702,  0.96886604,
        0.99485861,  0.99942873,  1.        ,  1.        ,  1.        ,
        1.        ,  1.        ,  1.        ,  1.        ,  1.        ,
        0.81462439,  0.83604684,  0.85861183,  0.91402456,  0.95201371,
        0.99114539,  0.99971437,  1.        ,  1.        ,  1.        ,
        1.        ,  1.        ,  1.        ,  1.        ,  1.        ,
        0.70494145,  0.70665524,  0.70779777,  0.70922594,  0.71179663,
        0.79691517,  0.7989146 ,  0.80662668,  0.81548129,  0.81976578,
        0.93716081,  0.93973151,  0.94658669,  0.9545844 ,  0.96401028,
        0.70494145,  0.70665524,  0.70779777,  0.7089403 ,  0.71122536,
        0.7972008 ,  0.7989146 ,  0.80519851,  0.81491003,  0.81919452,
        0.93744644,  0.94001714,  0.94601542,  0.95401314,  0.96086832,
        0.70494145,  0.70665524,  0.70779777,  0.70922594,  0.71179663,
        0.79691517,  0.7989146 ,  0.80662668,  0.81548129,  0.81976578,
        0.93658955,  0.93973151,  0.94658669,  0.9545844 ,  0.96372465,
        0.70494145,  0.70665524,  0.70779777,  0.7089403 ,  0.71122536,
        0.7972008 ,  0.7989146 ,  0.80519851,  0.81491003,  0.81919452,
        0.93773208,  0.93944587,  0.94515853,  0.95401314,  0.96086832,
        0.98800343,  0.99942873,  1.        ,  1.        ,  1.        ,
        1.        ,  1.        ,  1.        ,  1.        ,  1.        ,
        1.        ,  1.        ,  1.        ,  1.        ,  1.        ,
        0.97543559,  0.99600114,  1.        ,  1.        ,  1.        ,
        1.        ,  1.        ,  1.        ,  1.        ,  1.        ,
        1.        ,  1.        ,  1.        ,  1.        ,  1.        ]), 'split0_train_score': array([ 0.84285714,  0.86914286,  0.88885714,  0.94171429,  0.97114286,
        0.99485714,  1.        ,  1.        ,  1.        ,  1.        ,
        1.        ,  1.        ,  1.        ,  1.        ,  1.        ,
        0.83685714,  0.85542857,  0.87628571,  0.92742857,  0.95971429,
        0.992     ,  0.99971429,  1.        ,  1.        ,  1.        ,
        1.        ,  1.        ,  1.        ,  1.        ,  1.        ,
        0.70485714,  0.71485714,  0.72971429,  0.72942857,  0.73428571,
        0.80771429,  0.81228571,  0.81685714,  0.83114286,  0.84485714,
        0.93914286,  0.95371429,  0.95971429,  0.96657143,  0.96857143,
        0.70485714,  0.72657143,  0.72971429,  0.72914286,  0.73485714,
        0.80771429,  0.81085714,  0.81628571,  0.83085714,  0.84342857,
        0.93771429,  0.95342857,  0.95714286,  0.96571429,  0.96714286,
        0.70485714,  0.71485714,  0.72971429,  0.72942857,  0.73428571,
        0.80771429,  0.81228571,  0.81685714,  0.83114286,  0.84485714,
        0.93914286,  0.954     ,  0.95971429,  0.96657143,  0.96857143,
        0.70485714,  0.72657143,  0.72971429,  0.72914286,  0.73485714,
        0.80771429,  0.81085714,  0.81628571,  0.83085714,  0.84342857,
        0.93771429,  0.95342857,  0.95714286,  0.96571429,  0.96742857,
        0.99628571,  1.        ,  1.        ,  1.        ,  1.        ,
        1.        ,  1.        ,  1.        ,  1.        ,  1.        ,
        1.        ,  1.        ,  1.        ,  1.        ,  1.        ,
        0.97714286,  0.99742857,  1.        ,  1.        ,  1.        ,
        1.        ,  1.        ,  1.        ,  1.        ,  1.        ,
        1.        ,  1.        ,  1.        ,  1.        ,  1.        ]), 'param_max_depth': masked_array(data = [3 3 3 3 3 6 6 6 6 6 10 10 10 10 10 3 3 3 3 3 6 6 6 6 6 10 10 10 10 10 3 3
 3 3 3 6 6 6 6 6 10 10 10 10 10 3 3 3 3 3 6 6 6 6 6 10 10 10 10 10 3 3 3 3
 3 6 6 6 6 6 10 10 10 10 10 3 3 3 3 3 6 6 6 6 6 10 10 10 10 10 3 3 3 3 3 6
 6 6 6 6 10 10 10 10 10 3 3 3 3 3 6 6 6 6 6 10 10 10 10 10],
             mask = [False False False False False False False False False False False False
 False False False False False False False False False False False False
 False False False False False False False False False False False False
 False False False False False False False False False False False False
 False False False False False False False False False False False False
 False False False False False False False False False False False False
 False False False False False False False False False False False False
 False False False False False False False False False False False False
 False False False False False False False False False False False False
 False False False False False False False False False False False False],
       fill_value = ?)
, 'std_test_score': array([ 0.04388252,  0.04215243,  0.0447006 ,  0.0421903 ,  0.03764367,
        0.04165094,  0.04575446,  0.0436984 ,  0.04195801,  0.04569918,
        0.04119811,  0.04528722,  0.04523029,  0.04303377,  0.04226897,
        0.04587604,  0.04195893,  0.04406636,  0.04048682,  0.04092382,
        0.04409511,  0.04126181,  0.04058065,  0.04478998,  0.04533286,
        0.04667083,  0.04319448,  0.04671577,  0.04743625,  0.04270729,
        0.04099284,  0.04193194,  0.04302441,  0.0438234 ,  0.04516796,
        0.03873884,  0.04050882,  0.04437015,  0.0483435 ,  0.04665025,
        0.03542986,  0.03334506,  0.03775791,  0.04060716,  0.04888578,
        0.04099284,  0.04147564,  0.04302441,  0.04362193,  0.0444437 ,
        0.03841838,  0.04159357,  0.04567936,  0.04799734,  0.04806786,
        0.03542249,  0.03423148,  0.03857144,  0.0409048 ,  0.04667026,
        0.04099284,  0.04193194,  0.04302441,  0.0438234 ,  0.04516796,
        0.03846093,  0.04055432,  0.04435519,  0.04816521,  0.04680195,
        0.03611478,  0.03332677,  0.03814515,  0.03957389,  0.0493961 ,
        0.04099284,  0.04147564,  0.04302441,  0.04362193,  0.0444437 ,
        0.03841838,  0.04154331,  0.04536681,  0.04816541,  0.04837055,
        0.03563514,  0.03454796,  0.03954545,  0.04096387,  0.04642931,
        0.03550566,  0.03653031,  0.0320423 ,  0.03481342,  0.03435054,
        0.03902136,  0.0386963 ,  0.04028154,  0.04011877,  0.03846575,
        0.03352736,  0.03946035,  0.03609564,  0.0405926 ,  0.04710669,
        0.03366239,  0.03393803,  0.03757617,  0.03599183,  0.04025478,
        0.04589002,  0.04594881,  0.04116674,  0.04719341,  0.0437872 ,
        0.04129007,  0.04931081,  0.04411789,  0.0411055 ,  0.04040754]), 'param_learning_rate': masked_array(data = [0.1 0.1 0.1 0.1 0.1 0.1 0.1 0.1 0.1 0.1 0.1 0.1 0.1 0.1 0.1 0.1 0.1 0.1
 0.1 0.1 0.1 0.1 0.1 0.1 0.1 0.1 0.1 0.1 0.1 0.1 0.001 0.001 0.001 0.001
 0.001 0.001 0.001 0.001 0.001 0.001 0.001 0.001 0.001 0.001 0.001 0.001
 0.001 0.001 0.001 0.001 0.001 0.001 0.001 0.001 0.001 0.001 0.001 0.001
 0.001 0.001 0.001 0.001 0.001 0.001 0.001 0.001 0.001 0.001 0.001 0.001
 0.001 0.001 0.001 0.001 0.001 0.001 0.001 0.001 0.001 0.001 0.001 0.001
 0.001 0.001 0.001 0.001 0.001 0.001 0.001 0.001 1 1 1 1 1 1 1 1 1 1 1 1 1
 1 1 1 1 1 1 1 1 1 1 1 1 1 1 1 1 1],
             mask = [False False False False False False False False False False False False
 False False False False False False False False False False False False
 False False False False False False False False False False False False
 False False False False False False False False False False False False
 False False False False False False False False False False False False
 False False False False False False False False False False False False
 False False False False False False False False False False False False
 False False False False False False False False False False False False
 False False False False False False False False False False False False
 False False False False False False False False False False False False],
       fill_value = ?)
, 'split1_train_score': array([ 0.82719223,  0.85375607,  0.87946301,  0.93601828,  0.96829477,
        0.99428735,  0.99942873,  1.        ,  1.        ,  1.        ,
        1.        ,  1.        ,  1.        ,  1.        ,  1.        ,
        0.81776635,  0.84033133,  0.86118252,  0.91316767,  0.95172808,
        0.99228792,  0.99885747,  1.        ,  1.        ,  1.        ,
        1.        ,  1.        ,  1.        ,  1.        ,  1.        ,
        0.70008569,  0.70037132,  0.70465581,  0.71750928,  0.71750928,
        0.77263639,  0.78177664,  0.79463011,  0.82205084,  0.83204799,
        0.91659526,  0.93259069,  0.94173093,  0.9562982 ,  0.96800914,
        0.70008569,  0.70065696,  0.70465581,  0.71693802,  0.71693802,
        0.77263639,  0.78463296,  0.79434447,  0.82147958,  0.83176235,
        0.91745216,  0.93201942,  0.9414453 ,  0.95572694,  0.96772351,
        0.70008569,  0.70037132,  0.70465581,  0.71750928,  0.71750928,
        0.77263639,  0.78177664,  0.79463011,  0.82205084,  0.83204799,
        0.91659526,  0.93259069,  0.94201657,  0.9562982 ,  0.96800914,
        0.70008569,  0.70065696,  0.70465581,  0.71693802,  0.71693802,
        0.77263639,  0.78463296,  0.79434447,  0.82147958,  0.83176235,
        0.91745216,  0.93201942,  0.94173093,  0.95515567,  0.96743787,
        0.98800343,  0.99971437,  1.        ,  1.        ,  1.        ,
        1.        ,  1.        ,  1.        ,  1.        ,  1.        ,
        1.        ,  1.        ,  1.        ,  1.        ,  1.        ,
        0.96829477,  0.99771494,  1.        ,  1.        ,  1.        ,
        1.        ,  1.        ,  1.        ,  1.        ,  1.        ,
        1.        ,  1.        ,  1.        ,  1.        ,  1.        ]), 'split0_test_score': array([ 0.65296804,  0.65296804,  0.65296804,  0.65753425,  0.6609589 ,
        0.65068493,  0.65182648,  0.64954338,  0.65525114,  0.65068493,
        0.65068493,  0.64611872,  0.65410959,  0.65296804,  0.65525114,
        0.63926941,  0.65410959,  0.64954338,  0.6586758 ,  0.6609589 ,
        0.65753425,  0.65981735,  0.66210046,  0.6586758 ,  0.65525114,
        0.64041096,  0.65639269,  0.65296804,  0.64840183,  0.65525114,
        0.59931507,  0.59931507,  0.60273973,  0.60502283,  0.60502283,
        0.6130137 ,  0.6152968 ,  0.6152968 ,  0.61415525,  0.62100457,
        0.60730594,  0.61073059,  0.60273973,  0.60616438,  0.58447489,
        0.59931507,  0.60045662,  0.60273973,  0.60616438,  0.60730594,
        0.61415525,  0.6130137 ,  0.6130137 ,  0.6152968 ,  0.61872146,
        0.60730594,  0.60958904,  0.60273973,  0.60273973,  0.59474886,
        0.59931507,  0.59931507,  0.60273973,  0.60502283,  0.60502283,
        0.6130137 ,  0.6152968 ,  0.6152968 ,  0.61415525,  0.62100457,
        0.60730594,  0.61073059,  0.60159817,  0.60502283,  0.58219178,
        0.59931507,  0.60045662,  0.60273973,  0.60616438,  0.60730594,
        0.61415525,  0.6130137 ,  0.6130137 ,  0.6152968 ,  0.61872146,
        0.60502283,  0.60844749,  0.60045662,  0.60159817,  0.59474886,
        0.63127854,  0.6347032 ,  0.65068493,  0.65182648,  0.65068493,
        0.64155251,  0.64383562,  0.64155251,  0.6369863 ,  0.64611872,
        0.64611872,  0.64497717,  0.64041096,  0.63812785,  0.62785388,
        0.64840183,  0.65296804,  0.64497717,  0.65410959,  0.64383562,
        0.6347032 ,  0.64383562,  0.64155251,  0.63926941,  0.64041096,
        0.64269406,  0.62214612,  0.6369863 ,  0.63926941,  0.64041096]), 'mean_test_score': array([ 0.73880256,  0.73606033,  0.73994516,  0.73720293,  0.73263254,
        0.7333181 ,  0.73971664,  0.73286106,  0.73606033,  0.73765996,
        0.73171846,  0.73400366,  0.73971664,  0.73720293,  0.73286106,
        0.73011883,  0.73651737,  0.73446069,  0.73537477,  0.73697441,
        0.74131627,  0.73994516,  0.74085923,  0.74085923,  0.73606033,
        0.73240402,  0.73765996,  0.74131627,  0.7392596 ,  0.73583181,
        0.68121572,  0.68304388,  0.68852834,  0.69127057,  0.69469835,
        0.68989945,  0.69446984,  0.70178245,  0.70932358,  0.71343693,
        0.67801645,  0.67687386,  0.67595978,  0.68350091,  0.6809872 ,
        0.68121572,  0.68327239,  0.68852834,  0.69172761,  0.69561243,
        0.69035649,  0.69492687,  0.70223949,  0.71023766,  0.71412249,
        0.67801645,  0.6773309 ,  0.67778793,  0.68121572,  0.68532907,
        0.68121572,  0.68304388,  0.68852834,  0.69127057,  0.69469835,
        0.68944241,  0.69424132,  0.70155393,  0.70909506,  0.71366545,
        0.67938757,  0.67664534,  0.67641682,  0.6821298 ,  0.68007313,
        0.68121572,  0.68327239,  0.68852834,  0.69172761,  0.69561243,
        0.69035649,  0.69492687,  0.70178245,  0.71046618,  0.71457952,
        0.6761883 ,  0.67710238,  0.67755941,  0.68030165,  0.68441499,
        0.69515539,  0.69812614,  0.70269653,  0.71389397,  0.71366545,
        0.7154936 ,  0.71823583,  0.71983547,  0.7166362 ,  0.71892139,
        0.71115174,  0.71755027,  0.70521024,  0.71320841,  0.72120658,
        0.70932358,  0.71617916,  0.71389397,  0.72097806,  0.71595064,
        0.72463437,  0.72691956,  0.72052102,  0.73126143,  0.72646252,
        0.72417733,  0.71983547,  0.7225777 ,  0.71777879,  0.71892139]), 'params': ({'n_estimators': 100, 'loss': 'deviance', 'learning_rate': 0.1, 'criterion': 'mse', 'max_depth': 3}, {'n_estimators': 150, 'loss': 'deviance', 'learning_rate': 0.1, 'criterion': 'mse', 'max_depth': 3}, {'n_estimators': 200, 'loss': 'deviance', 'learning_rate': 0.1, 'criterion': 'mse', 'max_depth': 3}, {'n_estimators': 350, 'loss': 'deviance', 'learning_rate': 0.1, 'criterion': 'mse', 'max_depth': 3}, {'n_estimators': 500, 'loss': 'deviance', 'learning_rate': 0.1, 'criterion': 'mse', 'max_depth': 3}, {'n_estimators': 100, 'loss': 'deviance', 'learning_rate': 0.1, 'criterion': 'mse', 'max_depth': 6}, {'n_estimators': 150, 'loss': 'deviance', 'learning_rate': 0.1, 'criterion': 'mse', 'max_depth': 6}, {'n_estimators': 200, 'loss': 'deviance', 'learning_rate': 0.1, 'criterion': 'mse', 'max_depth': 6}, {'n_estimators': 350, 'loss': 'deviance', 'learning_rate': 0.1, 'criterion': 'mse', 'max_depth': 6}, {'n_estimators': 500, 'loss': 'deviance', 'learning_rate': 0.1, 'criterion': 'mse', 'max_depth': 6}, {'n_estimators': 100, 'loss': 'deviance', 'learning_rate': 0.1, 'criterion': 'mse', 'max_depth': 10}, {'n_estimators': 150, 'loss': 'deviance', 'learning_rate': 0.1, 'criterion': 'mse', 'max_depth': 10}, {'n_estimators': 200, 'loss': 'deviance', 'learning_rate': 0.1, 'criterion': 'mse', 'max_depth': 10}, {'n_estimators': 350, 'loss': 'deviance', 'learning_rate': 0.1, 'criterion': 'mse', 'max_depth': 10}, {'n_estimators': 500, 'loss': 'deviance', 'learning_rate': 0.1, 'criterion': 'mse', 'max_depth': 10}, {'n_estimators': 100, 'loss': 'exponential', 'learning_rate': 0.1, 'criterion': 'mse', 'max_depth': 3}, {'n_estimators': 150, 'loss': 'exponential', 'learning_rate': 0.1, 'criterion': 'mse', 'max_depth': 3}, {'n_estimators': 200, 'loss': 'exponential', 'learning_rate': 0.1, 'criterion': 'mse', 'max_depth': 3}, {'n_estimators': 350, 'loss': 'exponential', 'learning_rate': 0.1, 'criterion': 'mse', 'max_depth': 3}, {'n_estimators': 500, 'loss': 'exponential', 'learning_rate': 0.1, 'criterion': 'mse', 'max_depth': 3}, {'n_estimators': 100, 'loss': 'exponential', 'learning_rate': 0.1, 'criterion': 'mse', 'max_depth': 6}, {'n_estimators': 150, 'loss': 'exponential', 'learning_rate': 0.1, 'criterion': 'mse', 'max_depth': 6}, {'n_estimators': 200, 'loss': 'exponential', 'learning_rate': 0.1, 'criterion': 'mse', 'max_depth': 6}, {'n_estimators': 350, 'loss': 'exponential', 'learning_rate': 0.1, 'criterion': 'mse', 'max_depth': 6}, {'n_estimators': 500, 'loss': 'exponential', 'learning_rate': 0.1, 'criterion': 'mse', 'max_depth': 6}, {'n_estimators': 100, 'loss': 'exponential', 'learning_rate': 0.1, 'criterion': 'mse', 'max_depth': 10}, {'n_estimators': 150, 'loss': 'exponential', 'learning_rate': 0.1, 'criterion': 'mse', 'max_depth': 10}, {'n_estimators': 200, 'loss': 'exponential', 'learning_rate': 0.1, 'criterion': 'mse', 'max_depth': 10}, {'n_estimators': 350, 'loss': 'exponential', 'learning_rate': 0.1, 'criterion': 'mse', 'max_depth': 10}, {'n_estimators': 500, 'loss': 'exponential', 'learning_rate': 0.1, 'criterion': 'mse', 'max_depth': 10}, {'n_estimators': 100, 'loss': 'deviance', 'learning_rate': 0.001, 'criterion': 'mse', 'max_depth': 3}, {'n_estimators': 150, 'loss': 'deviance', 'learning_rate': 0.001, 'criterion': 'mse', 'max_depth': 3}, {'n_estimators': 200, 'loss': 'deviance', 'learning_rate': 0.001, 'criterion': 'mse', 'max_depth': 3}, {'n_estimators': 350, 'loss': 'deviance', 'learning_rate': 0.001, 'criterion': 'mse', 'max_depth': 3}, {'n_estimators': 500, 'loss': 'deviance', 'learning_rate': 0.001, 'criterion': 'mse', 'max_depth': 3}, {'n_estimators': 100, 'loss': 'deviance', 'learning_rate': 0.001, 'criterion': 'mse', 'max_depth': 6}, {'n_estimators': 150, 'loss': 'deviance', 'learning_rate': 0.001, 'criterion': 'mse', 'max_depth': 6}, {'n_estimators': 200, 'loss': 'deviance', 'learning_rate': 0.001, 'criterion': 'mse', 'max_depth': 6}, {'n_estimators': 350, 'loss': 'deviance', 'learning_rate': 0.001, 'criterion': 'mse', 'max_depth': 6}, {'n_estimators': 500, 'loss': 'deviance', 'learning_rate': 0.001, 'criterion': 'mse', 'max_depth': 6}, {'n_estimators': 100, 'loss': 'deviance', 'learning_rate': 0.001, 'criterion': 'mse', 'max_depth': 10}, {'n_estimators': 150, 'loss': 'deviance', 'learning_rate': 0.001, 'criterion': 'mse', 'max_depth': 10}, {'n_estimators': 200, 'loss': 'deviance', 'learning_rate': 0.001, 'criterion': 'mse', 'max_depth': 10}, {'n_estimators': 350, 'loss': 'deviance', 'learning_rate': 0.001, 'criterion': 'mse', 'max_depth': 10}, {'n_estimators': 500, 'loss': 'deviance', 'learning_rate': 0.001, 'criterion': 'mse', 'max_depth': 10}, {'n_estimators': 100, 'loss': 'exponential', 'learning_rate': 0.001, 'criterion': 'mse', 'max_depth': 3}, {'n_estimators': 150, 'loss': 'exponential', 'learning_rate': 0.001, 'criterion': 'mse', 'max_depth': 3}, {'n_estimators': 200, 'loss': 'exponential', 'learning_rate': 0.001, 'criterion': 'mse', 'max_depth': 3}, {'n_estimators': 350, 'loss': 'exponential', 'learning_rate': 0.001, 'criterion': 'mse', 'max_depth': 3}, {'n_estimators': 500, 'loss': 'exponential', 'learning_rate': 0.001, 'criterion': 'mse', 'max_depth': 3}, {'n_estimators': 100, 'loss': 'exponential', 'learning_rate': 0.001, 'criterion': 'mse', 'max_depth': 6}, {'n_estimators': 150, 'loss': 'exponential', 'learning_rate': 0.001, 'criterion': 'mse', 'max_depth': 6}, {'n_estimators': 200, 'loss': 'exponential', 'learning_rate': 0.001, 'criterion': 'mse', 'max_depth': 6}, {'n_estimators': 350, 'loss': 'exponential', 'learning_rate': 0.001, 'criterion': 'mse', 'max_depth': 6}, {'n_estimators': 500, 'loss': 'exponential', 'learning_rate': 0.001, 'criterion': 'mse', 'max_depth': 6}, {'n_estimators': 100, 'loss': 'exponential', 'learning_rate': 0.001, 'criterion': 'mse', 'max_depth': 10}, {'n_estimators': 150, 'loss': 'exponential', 'learning_rate': 0.001, 'criterion': 'mse', 'max_depth': 10}, {'n_estimators': 200, 'loss': 'exponential', 'learning_rate': 0.001, 'criterion': 'mse', 'max_depth': 10}, {'n_estimators': 350, 'loss': 'exponential', 'learning_rate': 0.001, 'criterion': 'mse', 'max_depth': 10}, {'n_estimators': 500, 'loss': 'exponential', 'learning_rate': 0.001, 'criterion': 'mse', 'max_depth': 10}, {'n_estimators': 100, 'loss': 'deviance', 'learning_rate': 0.001, 'criterion': 'mse', 'max_depth': 3}, {'n_estimators': 150, 'loss': 'deviance', 'learning_rate': 0.001, 'criterion': 'mse', 'max_depth': 3}, {'n_estimators': 200, 'loss': 'deviance', 'learning_rate': 0.001, 'criterion': 'mse', 'max_depth': 3}, {'n_estimators': 350, 'loss': 'deviance', 'learning_rate': 0.001, 'criterion': 'mse', 'max_depth': 3}, {'n_estimators': 500, 'loss': 'deviance', 'learning_rate': 0.001, 'criterion': 'mse', 'max_depth': 3}, {'n_estimators': 100, 'loss': 'deviance', 'learning_rate': 0.001, 'criterion': 'mse', 'max_depth': 6}, {'n_estimators': 150, 'loss': 'deviance', 'learning_rate': 0.001, 'criterion': 'mse', 'max_depth': 6}, {'n_estimators': 200, 'loss': 'deviance', 'learning_rate': 0.001, 'criterion': 'mse', 'max_depth': 6}, {'n_estimators': 350, 'loss': 'deviance', 'learning_rate': 0.001, 'criterion': 'mse', 'max_depth': 6}, {'n_estimators': 500, 'loss': 'deviance', 'learning_rate': 0.001, 'criterion': 'mse', 'max_depth': 6}, {'n_estimators': 100, 'loss': 'deviance', 'learning_rate': 0.001, 'criterion': 'mse', 'max_depth': 10}, {'n_estimators': 150, 'loss': 'deviance', 'learning_rate': 0.001, 'criterion': 'mse', 'max_depth': 10}, {'n_estimators': 200, 'loss': 'deviance', 'learning_rate': 0.001, 'criterion': 'mse', 'max_depth': 10}, {'n_estimators': 350, 'loss': 'deviance', 'learning_rate': 0.001, 'criterion': 'mse', 'max_depth': 10}, {'n_estimators': 500, 'loss': 'deviance', 'learning_rate': 0.001, 'criterion': 'mse', 'max_depth': 10}, {'n_estimators': 100, 'loss': 'exponential', 'learning_rate': 0.001, 'criterion': 'mse', 'max_depth': 3}, {'n_estimators': 150, 'loss': 'exponential', 'learning_rate': 0.001, 'criterion': 'mse', 'max_depth': 3}, {'n_estimators': 200, 'loss': 'exponential', 'learning_rate': 0.001, 'criterion': 'mse', 'max_depth': 3}, {'n_estimators': 350, 'loss': 'exponential', 'learning_rate': 0.001, 'criterion': 'mse', 'max_depth': 3}, {'n_estimators': 500, 'loss': 'exponential', 'learning_rate': 0.001, 'criterion': 'mse', 'max_depth': 3}, {'n_estimators': 100, 'loss': 'exponential', 'learning_rate': 0.001, 'criterion': 'mse', 'max_depth': 6}, {'n_estimators': 150, 'loss': 'exponential', 'learning_rate': 0.001, 'criterion': 'mse', 'max_depth': 6}, {'n_estimators': 200, 'loss': 'exponential', 'learning_rate': 0.001, 'criterion': 'mse', 'max_depth': 6}, {'n_estimators': 350, 'loss': 'exponential', 'learning_rate': 0.001, 'criterion': 'mse', 'max_depth': 6}, {'n_estimators': 500, 'loss': 'exponential', 'learning_rate': 0.001, 'criterion': 'mse', 'max_depth': 6}, {'n_estimators': 100, 'loss': 'exponential', 'learning_rate': 0.001, 'criterion': 'mse', 'max_depth': 10}, {'n_estimators': 150, 'loss': 'exponential', 'learning_rate': 0.001, 'criterion': 'mse', 'max_depth': 10}, {'n_estimators': 200, 'loss': 'exponential', 'learning_rate': 0.001, 'criterion': 'mse', 'max_depth': 10}, {'n_estimators': 350, 'loss': 'exponential', 'learning_rate': 0.001, 'criterion': 'mse', 'max_depth': 10}, {'n_estimators': 500, 'loss': 'exponential', 'learning_rate': 0.001, 'criterion': 'mse', 'max_depth': 10}, {'n_estimators': 100, 'loss': 'deviance', 'learning_rate': 1, 'criterion': 'mse', 'max_depth': 3}, {'n_estimators': 150, 'loss': 'deviance', 'learning_rate': 1, 'criterion': 'mse', 'max_depth': 3}, {'n_estimators': 200, 'loss': 'deviance', 'learning_rate': 1, 'criterion': 'mse', 'max_depth': 3}, {'n_estimators': 350, 'loss': 'deviance', 'learning_rate': 1, 'criterion': 'mse', 'max_depth': 3}, {'n_estimators': 500, 'loss': 'deviance', 'learning_rate': 1, 'criterion': 'mse', 'max_depth': 3}, {'n_estimators': 100, 'loss': 'deviance', 'learning_rate': 1, 'criterion': 'mse', 'max_depth': 6}, {'n_estimators': 150, 'loss': 'deviance', 'learning_rate': 1, 'criterion': 'mse', 'max_depth': 6}, {'n_estimators': 200, 'loss': 'deviance', 'learning_rate': 1, 'criterion': 'mse', 'max_depth': 6}, {'n_estimators': 350, 'loss': 'deviance', 'learning_rate': 1, 'criterion': 'mse', 'max_depth': 6}, {'n_estimators': 500, 'loss': 'deviance', 'learning_rate': 1, 'criterion': 'mse', 'max_depth': 6}, {'n_estimators': 100, 'loss': 'deviance', 'learning_rate': 1, 'criterion': 'mse', 'max_depth': 10}, {'n_estimators': 150, 'loss': 'deviance', 'learning_rate': 1, 'criterion': 'mse', 'max_depth': 10}, {'n_estimators': 200, 'loss': 'deviance', 'learning_rate': 1, 'criterion': 'mse', 'max_depth': 10}, {'n_estimators': 350, 'loss': 'deviance', 'learning_rate': 1, 'criterion': 'mse', 'max_depth': 10}, {'n_estimators': 500, 'loss': 'deviance', 'learning_rate': 1, 'criterion': 'mse', 'max_depth': 10}, {'n_estimators': 100, 'loss': 'exponential', 'learning_rate': 1, 'criterion': 'mse', 'max_depth': 3}, {'n_estimators': 150, 'loss': 'exponential', 'learning_rate': 1, 'criterion': 'mse', 'max_depth': 3}, {'n_estimators': 200, 'loss': 'exponential', 'learning_rate': 1, 'criterion': 'mse', 'max_depth': 3}, {'n_estimators': 350, 'loss': 'exponential', 'learning_rate': 1, 'criterion': 'mse', 'max_depth': 3}, {'n_estimators': 500, 'loss': 'exponential', 'learning_rate': 1, 'criterion': 'mse', 'max_depth': 3}, {'n_estimators': 100, 'loss': 'exponential', 'learning_rate': 1, 'criterion': 'mse', 'max_depth': 6}, {'n_estimators': 150, 'loss': 'exponential', 'learning_rate': 1, 'criterion': 'mse', 'max_depth': 6}, {'n_estimators': 200, 'loss': 'exponential', 'learning_rate': 1, 'criterion': 'mse', 'max_depth': 6}, {'n_estimators': 350, 'loss': 'exponential', 'learning_rate': 1, 'criterion': 'mse', 'max_depth': 6}, {'n_estimators': 500, 'loss': 'exponential', 'learning_rate': 1, 'criterion': 'mse', 'max_depth': 6}, {'n_estimators': 100, 'loss': 'exponential', 'learning_rate': 1, 'criterion': 'mse', 'max_depth': 10}, {'n_estimators': 150, 'loss': 'exponential', 'learning_rate': 1, 'criterion': 'mse', 'max_depth': 10}, {'n_estimators': 200, 'loss': 'exponential', 'learning_rate': 1, 'criterion': 'mse', 'max_depth': 10}, {'n_estimators': 350, 'loss': 'exponential', 'learning_rate': 1, 'criterion': 'mse', 'max_depth': 10}, {'n_estimators': 500, 'loss': 'exponential', 'learning_rate': 1, 'criterion': 'mse', 'max_depth': 10}), 'std_fit_time': array([  3.10454024e-01,   3.74169648e-02,   5.91377203e-01,
         5.16837764e-01,   9.15802125e-01,   5.35346084e-01,
         9.99424908e-01,   9.43618889e-01,   9.56526538e-01,
         1.38298565e+00,   7.12756896e-01,   1.40419592e+00,
         1.92249623e+00,   1.55085985e+00,   1.98567386e+00,
         2.73308051e-01,   2.44399125e-01,   3.24929438e-01,
         7.35359915e-01,   6.76201311e-01,   3.44504477e-01,
         2.22965541e-01,   1.38325617e+00,   2.19036485e+00,
         3.73294087e+00,   7.46718485e-01,   2.76707041e+00,
         2.16925422e+00,   1.41823459e+00,   1.28417238e+00,
         1.53932278e-01,   8.72381254e-02,   2.80696406e-01,
         3.18777974e-01,   3.93000992e-01,   1.20961028e-01,
         2.55122464e-01,   3.81808181e-01,   1.48214944e+00,
         7.23939491e-01,   8.84116746e-01,   1.37882605e+00,
         2.76217447e+00,   2.94906465e+00,   7.34360825e+00,
         1.35787932e-02,   3.69993706e-02,   5.54377222e-03,
         4.68258340e-02,   2.28300854e-01,   1.32872074e-01,
         2.74581797e-01,   3.05379717e-01,   1.94606656e-01,
         7.47527963e-01,   3.45012421e-01,   6.27945916e-01,
         6.23173398e-01,   8.54202165e-01,   7.59428267e-01,
         6.51007907e-02,   6.51109897e-02,   5.66105870e-02,
         5.16935370e-01,   9.54015604e-02,   8.70413487e-02,
         1.38564968e-01,   2.76513952e-01,   4.20251237e-01,
         3.91066089e-01,   5.81814029e-01,   2.59732831e-01,
         3.33919763e-01,   1.19918960e+00,   7.36808937e-01,
         5.98862657e-02,   1.44833722e-02,   1.64669945e-01,
         5.99514063e-02,   4.04930691e-02,   5.62819498e-02,
         1.99774792e-01,   7.15982044e-02,   1.49197425e-01,
         2.91298333e-01,   1.67720427e-01,   2.12310579e-01,
         6.45286747e-01,   8.70278761e-01,   1.31277861e+00,
         3.34529658e-02,   1.04977972e-01,   7.96644806e-02,
         1.39993217e-01,   1.01229808e-01,   7.27504167e-02,
         1.12225049e-01,   1.15181058e-01,   7.93307070e-02,
         1.45104099e-01,   6.65512877e-02,   1.03462554e-01,
         1.59458830e-01,   4.34230735e-02,   1.63888460e-01,
         5.50726425e-02,   1.02658231e-01,   1.17204716e-01,
         1.17616211e-01,   8.64591398e-02,   1.73612039e-01,
         1.98789670e-01,   2.28615581e-01,   2.18064077e-01,
         2.70228352e-01,   6.40136211e-02,   2.88339413e-01,
         1.18686441e-01,   7.84177243e-02,   7.10762867e-02]), 'split3_test_score': array([ 0.76457143,  0.76114286,  0.76228571,  0.75771429,  0.75428571,
        0.75428571,  0.776     ,  0.75314286,  0.76      ,  0.768     ,
        0.74971429,  0.77028571,  0.78171429,  0.76685714,  0.76457143,
        0.74628571,  0.75428571,  0.75085714,  0.74857143,  0.74742857,
        0.77142857,  0.76      ,  0.76685714,  0.76228571,  0.77028571,
        0.75885714,  0.77485714,  0.77828571,  0.77142857,  0.76457143,
        0.704     ,  0.70171429,  0.70628571,  0.704     ,  0.712     ,
        0.70742857,  0.70171429,  0.70857143,  0.72114286,  0.72914286,
        0.69485714,  0.68685714,  0.67885714,  0.68228571,  0.69142857,
        0.704     ,  0.70171429,  0.70628571,  0.704     ,  0.71428571,
        0.70742857,  0.704     ,  0.71085714,  0.72342857,  0.72914286,
        0.696     ,  0.69028571,  0.68457143,  0.68228571,  0.688     ,
        0.704     ,  0.70171429,  0.70628571,  0.704     ,  0.712     ,
        0.70742857,  0.70057143,  0.70857143,  0.72114286,  0.72914286,
        0.69828571,  0.68457143,  0.68228571,  0.688     ,  0.69257143,
        0.704     ,  0.70171429,  0.70628571,  0.704     ,  0.71428571,
        0.70742857,  0.704     ,  0.71085714,  0.72342857,  0.72914286,
        0.69371429,  0.688     ,  0.68685714,  0.68      ,  0.68457143,
        0.71314286,  0.70628571,  0.70628571,  0.71885714,  0.72457143,
        0.73714286,  0.73485714,  0.73828571,  0.736     ,  0.74971429,
        0.73485714,  0.728     ,  0.728     ,  0.74171429,  0.744     ,
        0.73142857,  0.73714286,  0.72571429,  0.74285714,  0.73828571,
        0.736     ,  0.72      ,  0.73828571,  0.75657143,  0.74742857,
        0.75542857,  0.73485714,  0.75542857,  0.736     ,  0.74857143]), 'mean_train_score': array([ 0.83003958,  0.85609078,  0.88111333,  0.93561507,  0.96749335,
        0.99388717,  0.99965724,  1.        ,  1.        ,  1.        ,
        1.        ,  1.        ,  1.        ,  1.        ,  1.        ,
        0.82015635,  0.84335078,  0.86443166,  0.91619123,  0.95338245,
        0.99057366,  0.99902883,  1.        ,  1.        ,  1.        ,
        1.        ,  1.        ,  1.        ,  1.        ,  1.        ,
        0.70263952,  0.70686746,  0.71378062,  0.71926475,  0.72035043,
        0.79256257,  0.80084617,  0.80935829,  0.82444051,  0.8330674 ,
        0.9310448 ,  0.94064289,  0.94852669,  0.95920974,  0.96720757,
        0.70263952,  0.70926744,  0.71378062,  0.71943611,  0.71983632,
        0.79261969,  0.80096035,  0.80930113,  0.82346934,  0.8323818 ,
        0.93098759,  0.94047149,  0.94749827,  0.95869556,  0.96555082,
        0.70263952,  0.70686746,  0.71378062,  0.71926475,  0.72035043,
        0.79256257,  0.80084617,  0.80935829,  0.82444051,  0.8330674 ,
        0.9310448 ,  0.94070003,  0.94864094,  0.959324  ,  0.96715045,
        0.70263952,  0.70926744,  0.71378062,  0.71943611,  0.71983632,
        0.79261969,  0.80096035,  0.80930113,  0.82346934,  0.83249605,
        0.93110184,  0.94035724,  0.94738401,  0.95852418,  0.96549371,
        0.98931713,  0.99971437,  1.        ,  1.        ,  1.        ,
        1.        ,  1.        ,  1.        ,  1.        ,  1.        ,
        1.        ,  1.        ,  1.        ,  1.        ,  1.        ,
        0.97177819,  0.9970864 ,  1.        ,  1.        ,  1.        ,
        1.        ,  1.        ,  1.        ,  1.        ,  1.        ,
        1.        ,  1.        ,  1.        ,  1.        ,  1.        ]), 'split1_test_score': array([ 0.75085714,  0.75771429,  0.77028571,  0.76      ,  0.752     ,
        0.76228571,  0.76457143,  0.76228571,  0.76457143,  0.76114286,
        0.74857143,  0.74514286,  0.75085714,  0.74857143,  0.74285714,
        0.75085714,  0.76      ,  0.75314286,  0.76114286,  0.75885714,
        0.76342857,  0.75885714,  0.76114286,  0.77257143,  0.76914286,
        0.74628571,  0.74285714,  0.76      ,  0.76      ,  0.752     ,
        0.70057143,  0.70285714,  0.71542857,  0.72571429,  0.72457143,
        0.70171429,  0.70857143,  0.72114286,  0.73142857,  0.73028571,
        0.69371429,  0.69714286,  0.70514286,  0.71542857,  0.71428571,
        0.70057143,  0.70285714,  0.71542857,  0.728     ,  0.72457143,
        0.70171429,  0.712     ,  0.72      ,  0.73257143,  0.73485714,
        0.69257143,  0.70285714,  0.70742857,  0.70971429,  0.72228571,
        0.70057143,  0.70285714,  0.71542857,  0.72571429,  0.72457143,
[Sun Dec 18 08:55:07 2016 : 208580] speechd: Speech Dispatcher 0.8 starting
[Sun Dec 18 08:55:07 2016 : 208673] speechd: Speech Dispatcher already running.

Speech Dispatcher already running.

        0.70171429,  0.70742857,  0.72      ,  0.73142857,  0.73028571,
        0.696     ,  0.69828571,  0.70285714,  0.712     ,  0.712     ,
        0.70057143,  0.70285714,  0.71542857,  0.728     ,  0.72457143,
        0.70171429,  0.71314286,  0.72      ,  0.73257143,  0.73485714,
        0.696     ,  0.69942857,  0.70971429,  0.71085714,  0.71885714,
        0.70057143,  0.704     ,  0.70971429,  0.74285714,  0.73371429,
        0.72114286,  0.74285714,  0.74057143,  0.73142857,  0.73485714,
        0.73028571,  0.75771429,  0.70742857,  0.72571429,  0.752     ,
        0.73257143,  0.73828571,  0.744     ,  0.736     ,  0.73142857,
        0.75542857,  0.75657143,  0.75314286,  0.76      ,  0.74971429,
        0.74514286,  0.74285714,  0.728     ,  0.72685714,  0.736     ])}
Best GB GradientBoostingClassifier(criterion='mse', init=None, learning_rate=0.1,
              loss='exponential', max_depth=6, max_features=None,
              max_leaf_nodes=None, min_impurity_split=1e-07,
              min_samples_leaf=1, min_samples_split=2,
              min_weight_fraction_leaf=0.0, n_estimators=100,
              presort='auto', random_state=None, subsample=1.0, verbose=0,
              warm_start=False)
Best CV score for GB 0.741316270567
Best GB params: {'n_estimators': 100, 'loss': 'exponential', 'learning_rate': 0.1, 'criterion': 'mse', 'max_depth': 6}
Finished in:  5635.52399111
