Train--------
False    2205
True     2171
Name: Mood, dtype: int64
Test----------
True     1522
False    1498
Name: Mood, dtype: int64
Extra Trees grid search: 
CV results {'std_train_score': array([ 0.01054304,  0.01054015,  0.0107907 ,  0.0101474 ,  0.01091221,
        0.02047357,  0.01222571,  0.00867436,  0.00960671,  0.01198318,
        0.013569  ,  0.01210292,  0.00879697,  0.01233018,  0.01048312,
        0.00676703,  0.01253025,  0.00811696,  0.01002588,  0.01062473,
        0.01608989,  0.00970437,  0.01064263,  0.00851065,  0.0105572 ,
        0.00460131,  0.00944488,  0.01022548,  0.00972094,  0.00899221,
        0.00555077,  0.01218118,  0.00981571,  0.00951115,  0.00963275,
        0.01295223,  0.0082328 ,  0.00693856,  0.00822016,  0.00762008,
        0.0051698 ,  0.00262616,  0.00406064,  0.00274733,  0.00268635,
        0.00756708,  0.00237575,  0.00282473,  0.00368051,  0.00294705,
        0.00668932,  0.0054611 ,  0.00381474,  0.00374662,  0.00396643,
        0.00260181,  0.0008198 ,  0.00107504,  0.00075813,  0.00101569]), 'rank_test_score': array([53, 49, 48, 41, 31, 60, 40, 37, 33, 35, 57, 47, 45, 35, 39, 46, 43,
       42, 38, 44, 53, 32, 28, 21, 12, 52, 27, 22, 18, 24, 56, 26, 18, 25,
       22, 50, 29, 30,  7,  5, 59, 13,  1, 10,  2, 55, 20, 16,  2,  4, 51,
       14,  8,  8, 10, 58, 34, 15, 17,  6], dtype=int32), 'param_max_depth': masked_array(data = [7 7 7 7 7 7 7 7 7 7 7 7 7 7 7 7 7 7 7 7 10 10 10 10 10 10 10 10 10 10 10
 10 10 10 10 10 10 10 10 10 15 15 15 15 15 15 15 15 15 15 15 15 15 15 15 15
 15 15 15 15],
             mask = [False False False False False False False False False False False False
 False False False False False False False False False False False False
 False False False False False False False False False False False False
 False False False False False False False False False False False False
 False False False False False False False False False False False False],
       fill_value = ?)
, 'split4_test_score': array([ 0.74285714,  0.77371429,  0.77142857,  0.78057143,  0.784     ,
        0.73714286,  0.77371429,  0.77485714,  0.77828571,  0.77828571,
        0.76      ,  0.77257143,  0.77257143,  0.77828571,  0.77828571,
        0.76685714,  0.78742857,  0.77714286,  0.77828571,  0.77485714,
        0.75085714,  0.77485714,  0.77142857,  0.77942857,  0.78514286,
        0.75657143,  0.77942857,  0.78057143,  0.77828571,  0.784     ,
        0.74628571,  0.776     ,  0.78514286,  0.78057143,  0.77942857,
        0.77485714,  0.78057143,  0.77371429,  0.78971429,  0.78857143,
        0.75314286,  0.77485714,  0.79428571,  0.78171429,  0.792     ,
        0.73142857,  0.76685714,  0.77828571,  0.78285714,  0.78514286,
        0.744     ,  0.776     ,  0.77942857,  0.77714286,  0.784     ,
        0.74514286,  0.78285714,  0.78171429,  0.77257143,  0.78857143]), 'split2_train_score': array([ 0.74807198,  0.77349329,  0.77977721,  0.78834619,  0.78777492,
        0.76492431,  0.78691802,  0.781491  ,  0.78720366,  0.79005998,
        0.74493002,  0.76863753,  0.77920594,  0.7806341 ,  0.78034847,
        0.80634105,  0.81262496,  0.81233933,  0.80976864,  0.81319623,
        0.85204227,  0.86432448,  0.86918023,  0.8714653 ,  0.87203656,
        0.85975436,  0.8680377 ,  0.86860897,  0.87117966,  0.87175093,
        0.83290488,  0.85604113,  0.86146815,  0.86175378,  0.86232505,
        0.92544987,  0.93430448,  0.93916024,  0.9405884 ,  0.94030277,
        0.96658098,  0.97486432,  0.97972008,  0.97714939,  0.97914881,
        0.95572694,  0.97914881,  0.97943445,  0.98086261,  0.97914881,
        0.94858612,  0.9711511 ,  0.96858041,  0.97057983,  0.97172237,
        0.99657241,  0.99571551,  0.99714367,  0.99657241,  0.99714367]), 'param_n_estimators': masked_array(data = [10 50 100 500 700 10 50 100 500 700 10 50 100 500 700 10 50 100 500 700 10
 50 100 500 700 10 50 100 500 700 10 50 100 500 700 10 50 100 500 700 10 50
 100 500 700 10 50 100 500 700 10 50 100 500 700 10 50 100 500 700],
             mask = [False False False False False False False False False False False False
 False False False False False False False False False False False False
 False False False False False False False False False False False False
 False False False False False False False False False False False False
 False False False False False False False False False False False False],
       fill_value = ?)
, 'std_score_time': array([ 0.00156017,  0.00159038,  0.0186392 ,  0.04567873,  0.1055534 ,
        0.00156901,  0.00068778,  0.0147728 ,  0.07473584,  0.05353047,
        0.00090719,  0.00151297,  0.01564917,  0.03248953,  0.16475856,
        0.00089972,  0.00992726,  0.02030068,  0.0815345 ,  0.07368001,
        0.00979109,  0.04682727,  0.01913122,  0.20332406,  0.18252177,
        0.00324146,  0.01356802,  0.06251777,  0.09955074,  0.09732661,
        0.00027649,  0.03487955,  0.03273811,  0.07341651,  0.26199434,
        0.01226282,  0.02431433,  0.02641095,  0.26121105,  0.27333377,
        0.00477458,  0.02916007,  0.05540119,  0.13417054,  0.24178431,
        0.01339422,  0.0238628 ,  0.05044266,  0.07495204,  0.24623322,
        0.01265097,  0.03861653,  0.0714152 ,  0.17514977,  0.09143761,
        0.0054356 ,  0.03000724,  0.05132412,  0.06092458,  0.16431976]), 'split4_train_score': array([ 0.76035418,  0.77377892,  0.77806341,  0.77777778,  0.781491  ,
        0.75692659,  0.76520994,  0.77520708,  0.78120537,  0.78034847,
        0.74464439,  0.76520994,  0.77463582,  0.77092259,  0.77435019,
        0.80576978,  0.80519851,  0.80605541,  0.80776921,  0.80348472,
        0.83061982,  0.86289632,  0.86461011,  0.87117966,  0.87089403,
        0.84890031,  0.85546987,  0.86346758,  0.87003713,  0.86775207,
        0.82862039,  0.85032848,  0.85804056,  0.86461011,  0.85746929,
        0.92316481,  0.92773493,  0.93373322,  0.93401885,  0.93516138,
        0.95315624,  0.97714939,  0.97429306,  0.97600686,  0.97800628,
        0.96515281,  0.97172237,  0.97943445,  0.97714939,  0.97857755,
        0.93944587,  0.96401028,  0.97372179,  0.97372179,  0.97229363,
        0.99600114,  0.99542988,  0.99628678,  0.99714367,  0.99714367]), 'split2_test_score': array([ 0.704     ,  0.70742857,  0.72457143,  0.72914286,  0.728     ,
        0.71771429,  0.73028571,  0.73828571,  0.72457143,  0.73257143,
        0.70742857,  0.70742857,  0.71885714,  0.728     ,  0.72342857,
        0.728     ,  0.728     ,  0.73371429,  0.736     ,  0.73142857,
        0.70857143,  0.73257143,  0.73485714,  0.736     ,  0.73828571,
        0.72685714,  0.73257143,  0.72914286,  0.73371429,  0.73028571,
        0.736     ,  0.73714286,  0.73257143,  0.73942857,  0.736     ,
        0.71428571,  0.74057143,  0.74742857,  0.74514286,  0.75314286,
        0.71085714,  0.73714286,  0.74514286,  0.74057143,  0.74285714,
        0.71314286,  0.74057143,  0.736     ,  0.74285714,  0.74171429,
        0.736     ,  0.72914286,  0.74171429,  0.736     ,  0.73828571,
        0.69942857,  0.73714286,  0.74742857,  0.74971429,  0.74628571]), 'mean_score_time': array([ 0.01329865,  0.05245533,  0.08808818,  0.53619266,  0.67620115,
        0.01031723,  0.03467941,  0.09705801,  0.46290321,  0.62231541,
        0.01100216,  0.05188246,  0.08967519,  0.52574339,  0.79988284,
        0.01283803,  0.06412001,  0.11797638,  0.54717956,  0.84606643,
        0.01969438,  0.11204   ,  0.11339221,  0.67045002,  1.01855822,
        0.01350408,  0.06123419,  0.13523583,  0.62015824,  0.86070037,
        0.01079583,  0.08658333,  0.13478441,  0.62599659,  1.03849978,
        0.02516303,  0.07610807,  0.17822165,  0.92627916,  1.23076458,
        0.01882343,  0.08447514,  0.18959618,  1.013275  ,  1.39232621,
        0.02795796,  0.088381  ,  0.15403485,  0.92009978,  1.17174687,
        0.03200998,  0.09021902,  0.19556961,  0.99778724,  1.35379295,
        0.02042675,  0.110848  ,  0.21198201,  0.91568108,  1.19532104]), 'mean_fit_time': array([  0.07479401,   0.32739925,   0.56708241,   2.69646921,
         4.04523067,   0.05788703,   0.19303837,   0.59057822,
         2.95793395,   3.73522515,   0.06407385,   0.30804315,
         0.54472623,   2.86608901,   4.34132862,   0.14000297,
         0.69906955,   1.31944747,   6.47275925,  11.54494362,
         0.11156683,   0.49911923,   1.07584915,   4.20091944,
         6.79839401,   0.0868844 ,   0.40435562,   0.85102243,
         4.88441358,   6.35089502,   0.07976956,   0.50030951,
         0.86404796,   4.04775925,   6.10679793,   0.33734317,
         1.33610291,   2.50844159,  12.68003845,  18.32544341,
         0.14489155,   0.75717182,   1.50583839,   6.98986239,
         9.8942862 ,   0.16330419,   0.59950523,   1.42275743,
         6.70635505,   9.81590543,   0.1871788 ,   0.61629763,
         1.38218904,   6.53091917,   9.25563426,   0.30744824,
         1.83539858,   3.6750658 ,  18.4020525 ,  25.39533939]), 'split3_train_score': array([ 0.76520994,  0.77749215,  0.77377892,  0.77949157,  0.77777778,
        0.75092831,  0.77035133,  0.7823479 ,  0.7806341 ,  0.77406455,
        0.75949729,  0.77092259,  0.77263639,  0.77149386,  0.77863468,
        0.79977149,  0.79605827,  0.79977149,  0.80348472,  0.79948586,
        0.83347615,  0.86289632,  0.85975436,  0.87089403,  0.86432448,
        0.85204227,  0.86461011,  0.87232219,  0.86489574,  0.8688946 ,
        0.83061982,  0.85289917,  0.85061411,  0.8557555 ,  0.85775493,
        0.90545558,  0.9291631 ,  0.92802057,  0.93201942,  0.93059126,
        0.96343902,  0.97429306,  0.97000857,  0.97372179,  0.97543559,
        0.96686661,  0.97543559,  0.97343616,  0.97629249,  0.97572122,
        0.96001143,  0.96572408,  0.972008  ,  0.96858041,  0.96972294,
        0.99314482,  0.99600114,  0.99685804,  0.99657241,  0.99657241]), 'split0_train_score': array([ 0.78085714,  0.80171429,  0.80342857,  0.80628571,  0.80914286,
        0.80228571,  0.79971429,  0.80114286,  0.80657143,  0.80942857,
        0.78085714,  0.79857143,  0.79571429,  0.80457143,  0.80428571,
        0.81657143,  0.83314286,  0.824     ,  0.82971429,  0.82885714,
        0.87485714,  0.88714286,  0.89085714,  0.89314286,  0.89542857,
        0.85942857,  0.88314286,  0.89228571,  0.89314286,  0.89228571,
        0.84085714,  0.88342857,  0.88028571,  0.88257143,  0.88342857,
        0.94628571,  0.95085714,  0.94828571,  0.95457143,  0.952     ,
        0.96685714,  0.98142857,  0.98028571,  0.982     ,  0.98228571,
        0.978     ,  0.976     ,  0.978     ,  0.98371429,  0.982     ,
        0.95314286,  0.97742857,  0.97885714,  0.97714286,  0.97885714,
        0.99228571,  0.99571429,  0.99514286,  0.99542857,  0.99542857]), 'std_test_score': array([ 0.048891  ,  0.05329181,  0.04675749,  0.05148162,  0.05204661,
        0.04481448,  0.04714003,  0.0544678 ,  0.05079815,  0.05090074,
        0.04713591,  0.0484274 ,  0.04835845,  0.04973342,  0.05438871,
        0.05556716,  0.06159375,  0.05643481,  0.05667285,  0.05608091,
        0.04500405,  0.05367433,  0.05192779,  0.05367121,  0.05375613,
        0.05170334,  0.05511546,  0.0509105 ,  0.05475235,  0.05482441,
        0.04700322,  0.04853982,  0.05005073,  0.05557018,  0.05230491,
        0.05174055,  0.053493  ,  0.05138123,  0.0558746 ,  0.05552409,
        0.04651455,  0.05022115,  0.05333632,  0.0522667 ,  0.05296138,
        0.03966876,  0.05007429,  0.0496333 ,  0.0541653 ,  0.0535817 ,
        0.04318196,  0.04546029,  0.04353973,  0.0521735 ,  0.05115601,
        0.04186751,  0.05159253,  0.05447372,  0.04990182,  0.05329828]), 'split1_train_score': array([ 0.76578121,  0.77863468,  0.77606398,  0.79005998,  0.78634676,
        0.74378749,  0.78006284,  0.78434733,  0.7840617 ,  0.78663239,
        0.76520994,  0.7700657 ,  0.77206512,  0.78634676,  0.7823479 ,
        0.79691517,  0.80491288,  0.80719794,  0.80177092,  0.80319909,
        0.84033133,  0.86175378,  0.8697515 ,  0.87717795,  0.87403599,
        0.85032848,  0.86003999,  0.86660954,  0.87317909,  0.87260783,
        0.82405027,  0.8540417 ,  0.86461011,  0.85804056,  0.86203942,
        0.92459297,  0.93430448,  0.93259069,  0.93459012,  0.93287632,
        0.96600971,  0.97886318,  0.97229363,  0.97600686,  0.97486432,
        0.97315053,  0.97486432,  0.97315053,  0.97315053,  0.97343616,
        0.95115681,  0.96258212,  0.96858041,  0.96658098,  0.96686661,
        0.98943159,  0.99371608,  0.99428735,  0.99514424,  0.99457298]), 'split0_test_score': array([ 0.61757991,  0.62214612,  0.63242009,  0.62899543,  0.63242009,
        0.6130137 ,  0.6369863 ,  0.62214612,  0.63356164,  0.63127854,
        0.62328767,  0.63356164,  0.63356164,  0.6347032 ,  0.62442922,
        0.6130137 ,  0.60844749,  0.61643836,  0.61757991,  0.61643836,
        0.62442922,  0.62671233,  0.63127854,  0.63127854,  0.63584475,
        0.61073059,  0.62671233,  0.63812785,  0.63013699,  0.63013699,
        0.61643836,  0.63926941,  0.64155251,  0.62557078,  0.63356164,
        0.62671233,  0.62785388,  0.63013699,  0.63242009,  0.63242009,
        0.6152968 ,  0.64155251,  0.64497717,  0.63812785,  0.64041096,
        0.63242009,  0.6369863 ,  0.64041096,  0.6369863 ,  0.63812785,
        0.63013699,  0.65182648,  0.65639269,  0.64041096,  0.64155251,
        0.62899543,  0.63127854,  0.63013699,  0.6369863 ,  0.63812785]), 'mean_test_score': array([ 0.71023766,  0.71983547,  0.72052102,  0.726234  ,  0.73011883,
        0.70086837,  0.72669104,  0.72806216,  0.72920475,  0.72874771,
        0.70772395,  0.72074954,  0.72394881,  0.72874771,  0.7273766 ,
        0.72120658,  0.72554845,  0.72577697,  0.72760512,  0.72509141,
        0.71023766,  0.72966179,  0.7321755 ,  0.73446069,  0.73880256,
        0.71206581,  0.73240402,  0.73423218,  0.73537477,  0.73400366,
        0.70863803,  0.73308958,  0.73537477,  0.73354662,  0.73423218,
        0.71755027,  0.73126143,  0.73103291,  0.73994516,  0.74063071,
        0.7036106 ,  0.73834552,  0.74657221,  0.73903108,  0.74154479,
        0.70978062,  0.73468921,  0.73583181,  0.74154479,  0.74131627,
        0.71617916,  0.73697441,  0.73971664,  0.73971664,  0.73903108,
        0.70612431,  0.72897623,  0.73651737,  0.73560329,  0.74040219]), 'param_max_features': masked_array(data = ['auto' 'auto' 'auto' 'auto' 'auto' 'sqrt' 'sqrt' 'sqrt' 'sqrt' 'sqrt'
 'log2' 'log2' 'log2' 'log2' 'log2' None None None None None 'auto' 'auto'
 'auto' 'auto' 'auto' 'sqrt' 'sqrt' 'sqrt' 'sqrt' 'sqrt' 'log2' 'log2'
 'log2' 'log2' 'log2' None None None None None 'auto' 'auto' 'auto' 'auto'
 'auto' 'sqrt' 'sqrt' 'sqrt' 'sqrt' 'sqrt' 'log2' 'log2' 'log2' 'log2'
 'log2' None None None None None],
             mask = [False False False False False False False False False False False False
 False False False False False False False False False False False False
 False False False False False False False False False False False False
 False False False False False False False False False False False False
 False False False False False False False False False False False False],
       fill_value = ?)
, 'params': ({'max_features': 'auto', 'n_estimators': 10, 'max_depth': 7}, {'max_features': 'auto', 'n_estimators': 50, 'max_depth': 7}, {'max_features': 'auto', 'n_estimators': 100, 'max_depth': 7}, {'max_features': 'auto', 'n_estimators': 500, 'max_depth': 7}, {'max_features': 'auto', 'n_estimators': 700, 'max_depth': 7}, {'max_features': 'sqrt', 'n_estimators': 10, 'max_depth': 7}, {'max_features': 'sqrt', 'n_estimators': 50, 'max_depth': 7}, {'max_features': 'sqrt', 'n_estimators': 100, 'max_depth': 7}, {'max_features': 'sqrt', 'n_estimators': 500, 'max_depth': 7}, {'max_features': 'sqrt', 'n_estimators': 700, 'max_depth': 7}, {'max_features': 'log2', 'n_estimators': 10, 'max_depth': 7}, {'max_features': 'log2', 'n_estimators': 50, 'max_depth': 7}, {'max_features': 'log2', 'n_estimators': 100, 'max_depth': 7}, {'max_features': 'log2', 'n_estimators': 500, 'max_depth': 7}, {'max_features': 'log2', 'n_estimators': 700, 'max_depth': 7}, {'max_features': None, 'n_estimators': 10, 'max_depth': 7}, {'max_features': None, 'n_estimators': 50, 'max_depth': 7}, {'max_features': None, 'n_estimators': 100, 'max_depth': 7}, {'max_features': None, 'n_estimators': 500, 'max_depth': 7}, {'max_features': None, 'n_estimators': 700, 'max_depth': 7}, {'max_features': 'auto', 'n_estimators': 10, 'max_depth': 10}, {'max_features': 'auto', 'n_estimators': 50, 'max_depth': 10}, {'max_features': 'auto', 'n_estimators': 100, 'max_depth': 10}, {'max_features': 'auto', 'n_estimators': 500, 'max_depth': 10}, {'max_features': 'auto', 'n_estimators': 700, 'max_depth': 10}, {'max_features': 'sqrt', 'n_estimators': 10, 'max_depth': 10}, {'max_features': 'sqrt', 'n_estimators': 50, 'max_depth': 10}, {'max_features': 'sqrt', 'n_estimators': 100, 'max_depth': 10}, {'max_features': 'sqrt', 'n_estimators': 500, 'max_depth': 10}, {'max_features': 'sqrt', 'n_estimators': 700, 'max_depth': 10}, {'max_features': 'log2', 'n_estimators': 10, 'max_depth': 10}, {'max_features': 'log2', 'n_estimators': 50, 'max_depth': 10}, {'max_features': 'log2', 'n_estimators': 100, 'max_depth': 10}, {'max_features': 'log2', 'n_estimators': 500, 'max_depth': 10}, {'max_features': 'log2', 'n_estimators': 700, 'max_depth': 10}, {'max_features': None, 'n_estimators': 10, 'max_depth': 10}, {'max_features': None, 'n_estimators': 50, 'max_depth': 10}, {'max_features': None, 'n_estimators': 100, 'max_depth': 10}, {'max_features': None, 'n_estimators': 500, 'max_depth': 10}, {'max_features': None, 'n_estimators': 700, 'max_depth': 10}, {'max_features': 'auto', 'n_estimators': 10, 'max_depth': 15}, {'max_features': 'auto', 'n_estimators': 50, 'max_depth': 15}, {'max_features': 'auto', 'n_estimators': 100, 'max_depth': 15}, {'max_features': 'auto', 'n_estimators': 500, 'max_depth': 15}, {'max_features': 'auto', 'n_estimators': 700, 'max_depth': 15}, {'max_features': 'sqrt', 'n_estimators': 10, 'max_depth': 15}, {'max_features': 'sqrt', 'n_estimators': 50, 'max_depth': 15}, {'max_features': 'sqrt', 'n_estimators': 100, 'max_depth': 15}, {'max_features': 'sqrt', 'n_estimators': 500, 'max_depth': 15}, {'max_features': 'sqrt', 'n_estimators': 700, 'max_depth': 15}, {'max_features': 'log2', 'n_estimators': 10, 'max_depth': 15}, {'max_features': 'log2', 'n_estimators': 50, 'max_depth': 15}, {'max_features': 'log2', 'n_estimators': 100, 'max_depth': 15}, {'max_features': 'log2', 'n_estimators': 500, 'max_depth': 15}, {'max_features': 'log2', 'n_estimators': 700, 'max_depth': 15}, {'max_features': None, 'n_estimators': 10, 'max_depth': 15}, {'max_features': None, 'n_estimators': 50, 'max_depth': 15}, {'max_features': None, 'n_estimators': 100, 'max_depth': 15}, {'max_features': None, 'n_estimators': 500, 'max_depth': 15}, {'max_features': None, 'n_estimators': 700, 'max_depth': 15}), 'std_fit_time': array([  4.10244243e-03,   3.08089035e-02,   4.57592758e-02,
         4.92136771e-01,   2.87251763e-01,   8.34435605e-03,
         5.49303859e-03,   1.15132993e-01,   1.32578952e-01,
         4.04971490e-01,   1.23289411e-03,   1.80352848e-02,
         8.28128041e-02,   3.38009948e-01,   1.09946732e-01,
         2.73997364e-03,   5.25086107e-02,   7.60332293e-02,
         3.95102515e-01,   9.27681301e-01,   1.85410395e-02,
         1.04761998e-01,   2.76191992e-01,   3.34680970e-01,
         6.20898438e-01,   8.83352062e-03,   5.27239963e-02,
         1.97026468e-01,   6.09551893e-01,   2.76715027e-01,
         1.57449092e-02,   9.65640922e-02,   2.90579389e-01,
         3.11036853e-01,   7.91158401e-01,   6.72843719e-02,
         1.32566892e-01,   2.65569768e-01,   9.62353996e-01,
         6.81253687e-01,   4.39908855e-02,   1.29603956e-01,
         2.23100342e-01,   4.20401243e-01,   7.83383696e-01,
         5.05371038e-02,   7.63467824e-02,   1.49199606e-01,
         7.34415854e-01,   3.29877994e-01,   2.72547603e-02,
         7.41170867e-02,   1.89377147e-01,   7.06899259e-02,
         5.60103483e-01,   2.36104235e-02,   2.15418468e-01,
         2.71639581e-01,   9.11443293e-01,   1.34266331e+00]), 'split3_test_score': array([ 0.73828571,  0.74971429,  0.73828571,  0.74971429,  0.75657143,
        0.72571429,  0.74057143,  0.76      ,  0.75542857,  0.75085714,
        0.74285714,  0.75085714,  0.744     ,  0.74742857,  0.75657143,
        0.74514286,  0.74971429,  0.75085714,  0.75314286,  0.75314286,
        0.73257143,  0.768     ,  0.76228571,  0.[Sun Dec 18 07:41:15 2016 : 2015] speechd: Speech Dispatcher 0.8 starting
[Sun Dec 18 07:41:16 2016 : 14732] speechd: Speech Dispatcher already running.

Speech Dispatcher already running.

77028571,  0.77257143,
        0.73371429,  0.768     ,  0.76571429,  0.76914286,  0.768     ,
        0.72228571,  0.75885714,  0.76685714,  0.76228571,  0.76571429,
        0.76      ,  0.76      ,  0.75657143,  0.77485714,  0.77142857,
        0.72114286,  0.77028571,  0.78057143,  0.77142857,  0.76914286,
        0.73257143,  0.77257143,  0.76342857,  0.77942857,  0.77485714,
        0.73714286,  0.768     ,  0.76685714,  0.78171429,  0.77371429,
        0.71771429,  0.75542857,  0.768     ,  0.76228571,  0.77485714]), 'mean_train_score': array([ 0.76405489,  0.78102266,  0.78222242,  0.78839225,  0.78850666,
        0.76377048,  0.78045128,  0.78490723,  0.78793525,  0.78810679,
        0.75902776,  0.77468144,  0.77885151,  0.78279375,  0.78399339,
        0.80507378,  0.8103875 ,  0.80987284,  0.81050155,  0.80964461,
        0.84626534,  0.86780275,  0.87083067,  0.87677196,  0.87534393,
        0.8540908 ,  0.86626011,  0.8726588 ,  0.8744869 ,  0.87465823,
        0.8314105 ,  0.85934781,  0.86300373,  0.86454628,  0.86460345,
        0.92498979,  0.93527283,  0.93635809,  0.93915764,  0.93818635,
        0.96320862,  0.9773197 ,  0.97532021,  0.97697698,  0.97794815,
        0.96777938,  0.97543422,  0.97669112,  0.97823386,  0.97777675,
        0.95046862,  0.96817923,  0.97234955,  0.97132117,  0.97189254,
        0.99348713,  0.99531538,  0.99594374,  0.99617226,  0.99617226]), 'split1_test_score': array([ 0.74857143,  0.74628571,  0.736     ,  0.74285714,  0.74971429,
        0.71085714,  0.752     ,  0.74514286,  0.75428571,  0.75085714,
        0.70514286,  0.73942857,  0.75085714,  0.75542857,  0.75428571,
        0.75314286,  0.75428571,  0.75085714,  0.75314286,  0.74971429,
        0.73485714,  0.74628571,  0.76114286,  0.75542857,  0.76228571,
        0.73257143,  0.75542857,  0.75771429,  0.76571429,  0.75771429,
        0.72228571,  0.75428571,  0.75085714,  0.76      ,  0.75657143,
        0.712     ,  0.74742857,  0.74742857,  0.75771429,  0.75771429,
        0.71771429,  0.768     ,  0.768     ,  0.76342857,  0.76342857,
        0.73942857,  0.75657143,  0.76114286,  0.76571429,  0.76685714,
        0.73371429,  0.76      ,  0.75428571,  0.76342857,  0.75771429,
        0.73942857,  0.73828571,  0.75542857,  0.75657143,  0.75428571])}
Best Extra Trees ExtraTreesClassifier(bootstrap=False, class_weight=None, criterion='gini',
           max_depth=15, max_features='auto', max_leaf_nodes=None,
           min_impurity_split=1e-07, min_samples_leaf=1,
           min_samples_split=2, min_weight_fraction_leaf=0.0,
           n_estimators=100, n_jobs=1, oob_score=False, random_state=None,
           verbose=0, warm_start=False)
Best CV score for Extra Trees 0.746572212066
Best Extra Trees params: {'max_features': 'auto', 'n_estimators': 100, 'max_depth': 15}
Finished in:  1400.81765509
