Train--------
False    2205
True     2171
Name: Mood, dtype: int64
Test----------
True     1522
False    1498
Name: Mood, dtype: int64
Gradient Boost grid search: 
CV results {'std_train_score': array([ 0.00653828,  0.00682277,  0.00426495,  0.00353241,  0.00261806,
        0.00188923,  0.00029128,  0.        ,  0.        ,  0.        ,
        0.        ,  0.        ,  0.        ,  0.        ,  0.        ,
        0.00845984,  0.0064845 ,  0.00614598,  0.00576877,  0.00324922,
        0.00311061,  0.00022849,  0.00011425,  0.        ,  0.        ,
        0.        ,  0.        ,  0.        ,  0.        ,  0.        ,
        0.00217286,  0.00472941,  0.00926418,  0.00687122,  0.00747901,
        0.01170353,  0.01067192,  0.00957237,  0.00919476,  0.01019863,
        0.01159725,  0.00980395,  0.00776551,  0.00590577,  0.00588214,
        0.00217286,  0.00898687,  0.00926418,  0.00721734,  0.00793098,
        0.01172532,  0.00944893,  0.0102384 ,  0.00884745,  0.00945941,
        0.01130058,  0.00952571,  0.00699643,  0.00579821,  0.00591144,
        0.00217286,  0.00472941,  0.00926418,  0.00687122,  0.00747901,
        0.01170353,  0.01067192,  0.00957237,  0.00919476,  0.01019863,
        0.01159725,  0.00988051,  0.00788226,  0.00596896,  0.00577299,
        0.00217286,  0.00898687,  0.00926418,  0.00721734,  0.00793098,
        0.01172532,  0.00944893,  0.0102384 ,  0.0086015 ,  0.00945941,
        0.01113595,  0.00954415,  0.00699643,  0.00589856,  0.00597899,
        0.0035053 ,  0.00018065,  0.        ,  0.        ,  0.        ,
        0.        ,  0.        ,  0.        ,  0.        ,  0.        ,
        0.        ,  0.        ,  0.        ,  0.        ,  0.        ,
        0.00381924,  0.00058249,  0.        ,  0.        ,  0.        ,
        0.        ,  0.        ,  0.        ,  0.        ,  0.        ,
        0.        ,  0.        ,  0.        ,  0.        ,  0.        ]), 'rank_test_score': array([ 10,  14,   5,  11,  25,   8,  26,  27,  19,  24,  29,   7,  18,
        19,  16,  28,  14,  22,  22,  13,   9,   6,   1,   3,   1,  30,
        16,  12,   4,  19, 102,  97,  89,  83,  77,  87,  80,  67,  62,
        57, 111, 112, 113, 100, 108, 102,  95,  89,  81,  72,  86,  76,
        67,  60,  55, 118, 119, 116, 106,  94, 102,  97,  89,  83,  77,
        87,  77,  67,  62,  56, 109, 116, 113,  99, 100, 102,  95,  89,
        81,  72,  85,  75,  70,  60,  54, 120, 113, 110, 107,  93,  74,
        71,  66,  59,  57,  38,  37,  51,  32,  42,  65,  47,  43,  51,
        45,  64,  47,  51,  39,  46,  41,  34,  36,  31,  33,  44,  47,
        35,  50,  40], dtype=int32), 'param_criterion': masked_array(data = ['mse' 'mse' 'mse' 'mse' 'mse' 'mse' 'mse' 'mse' 'mse' 'mse' 'mse' 'mse'
 'mse' 'mse' 'mse' 'mse' 'mse' 'mse' 'mse' 'mse' 'mse' 'mse' 'mse' 'mse'
 'mse' 'mse' 'mse' 'mse' 'mse' 'mse' 'mse' 'mse' 'mse' 'mse' 'mse' 'mse'
 'mse' 'mse' 'mse' 'mse' 'mse' 'mse' 'mse' 'mse' 'mse' 'mse' 'mse' 'mse'
 'mse' 'mse' 'mse' 'mse' 'mse' 'mse' 'mse' 'mse' 'mse' 'mse' 'mse' 'mse'
 'mse' 'mse' 'mse' 'mse' 'mse' 'mse' 'mse' 'mse' 'mse' 'mse' 'mse' 'mse'
 'mse' 'mse' 'mse' 'mse' 'mse' 'mse' 'mse' 'mse' 'mse' 'mse' 'mse' 'mse'
 'mse' 'mse' 'mse' 'mse' 'mse' 'mse' 'mse' 'mse' 'mse' 'mse' 'mse' 'mse'
 'mse' 'mse' 'mse' 'mse' 'mse' 'mse' 'mse' 'mse' 'mse' 'mse' 'mse' 'mse'
 'mse' 'mse' 'mse' 'mse' 'mse' 'mse' 'mse' 'mse' 'mse' 'mse' 'mse' 'mse'],
             mask = [False False False False False False False False False False False False
 False False False False False False False False False False False False
 False False False False False False False False False False False False
 False False False False False False False False False False False False
 False False False False False False False False False False False False
 False False False False False False False False False False False False
 False False False False False False False False False False False False
 False False False False False False False False False False False False
 False False False False False False False False False False False False
 False False False False False False False False False False False False],
       fill_value = ?)
, 'param_loss': masked_array(data = ['deviance' 'deviance' 'deviance' 'deviance' 'deviance' 'deviance'
 'deviance' 'deviance' 'deviance' 'deviance' 'deviance' 'deviance'
 'deviance' 'deviance' 'deviance' 'exponential' 'exponential' 'exponential'
 'exponential' 'exponential' 'exponential' 'exponential' 'exponential'
 'exponential' 'exponential' 'exponential' 'exponential' 'exponential'
 'exponential' 'exponential' 'deviance' 'deviance' 'deviance' 'deviance'
 'deviance' 'deviance' 'deviance' 'deviance' 'deviance' 'deviance'
 'deviance' 'deviance' 'deviance' 'deviance' 'deviance' 'exponential'
 'exponential' 'exponential' 'exponential' 'exponential' 'exponential'
 'exponential' 'exponential' 'exponential' 'exponential' 'exponential'
 'exponential' 'exponential' 'exponential' 'exponential' 'deviance'
 'deviance' 'deviance' 'deviance' 'deviance' 'deviance' 'deviance'
 'deviance' 'deviance' 'deviance' 'deviance' 'deviance' 'deviance'
 'deviance' 'deviance' 'exponential' 'exponential' 'exponential'
 'exponential' 'exponential' 'exponential' 'exponential' 'exponential'
 'exponential' 'exponential' 'exponential' 'exponential' 'exponential'
 'exponential' 'exponential' 'deviance' 'deviance' 'deviance' 'deviance'
 'deviance' 'deviance' 'deviance' 'deviance' 'deviance' 'deviance'
 'deviance' 'deviance' 'deviance' 'deviance' 'deviance' 'exponential'
 'exponential' 'exponential' 'exponential' 'exponential' 'exponential'
 'exponential' 'exponential' 'exponential' 'exponential' 'exponential'
 'exponential' 'exponential' 'exponential' 'exponential'],
             mask = [False False False False False False False False False False False False
 False False False False False False False False False False False False
 False False False False False False False False False False False False
 False False False False False False False False False False False False
 False False False False False False False False False False False False
 False False False False False False False False False False False False
 False False False False False False False False False False False False
 False False False False False False False False False False False False
 False False False False False False False False False False False False
 False False False False False False False False False False False False],
       fill_value = ?)
, 'split4_test_score': array([ 0.77257143,  0.76457143,  0.77257143,  0.776     ,  0.76685714,
        0.77714286,  0.75885714,  0.76571429,  0.76228571,  0.75885714,
        0.76914286,  0.77485714,  0.76571429,  0.76571429,  0.76571429,
        0.76342857,  0.76914286,  0.77714286,  0.77371429,  0.78171429,
        0.77142857,  0.77257143,  0.77942857,  0.77828571,  0.77485714,
        0.76114286,  0.76228571,  0.77485714,  0.78285714,  0.77371429,
        0.70171429,  0.704     ,  0.70971429,  0.71542857,  0.72114286,
        0.71542857,  0.72457143,  0.73942857,  0.74742857,  0.74514286,
        0.69942857,  0.69714286,  0.70514286,  0.712     ,  0.70971429,
        0.70171429,  0.704     ,  0.70971429,  0.71428571,  0.72114286,
        0.71542857,  0.72342857,  0.74057143,  0.74628571,  0.74628571,
        0.69714286,  0.69485714,  0.70171429,  0.71314286,  0.70628571,
        0.70171429,  0.704     ,  0.70971429,  0.71542857,  0.72114286,
        0.71542857,  0.72571429,  0.74057143,  0.74742857,  0.74514286,
        0.69828571,  0.69828571,  0.70171429,  0.712     ,  0.70971429,
        0.70171429,  0.704     ,  0.70971429,  0.71428571,  0.72114286,
        0.71542857,  0.72457143,  0.73942857,  0.74628571,  0.74742857,
        0.696     ,  0.69485714,  0.70285714,  0.71428571,  0.70742857,
        0.73714286,  0.74971429,  0.74857143,  0.74742857,  0.74857143,
        0.76114286,  0.74971429,  0.744     ,  0.76571429,  0.74857143,
        0.74742857,  0.74171429,  0.73828571,  0.74285714,  0.75657143,
        0.73714286,  0.74285714,  0.74742857,  0.75314286,  0.76228571,
        0.76342857,  0.74857143,  0.75542857,  0.752     ,  0.75085714,
        0.74514286,  0.75428571,  0.75542857,  0.72571429,  0.76228571]), 'split2_train_score': array([ 0.82890603,  0.85061411,  0.87774921,  0.93401885,  0.96543845,
        0.99343045,  0.99971437,  1.        ,  1.        ,  1.        ,
        1.        ,  1.        ,  1.        ,  1.        ,  1.        ,
        0.81433876,  0.84290203,  0.86318195,  0.91116824,  0.95287061,
        0.98828906,  0.9991431 ,  1.        ,  1.        ,  1.        ,
        1.        ,  1.        ,  1.        ,  1.        ,  1.        ,
        0.70322765,  0.70779777,  0.7080834 ,  0.71636675,  0.71836618,
        0.7972008 ,  0.80919737,  0.82233648,  0.83861754,  0.84433019,
        0.94487289,  0.94944302,  0.9554413 ,  0.96629534,  0.97629249,
        0.70322765,  0.70779777,  0.7080834 ,  0.71636675,  0.71779492,
        0.7972008 ,  0.80976864,  0.8243359 ,  0.83633248,  0.84233076,
        0.94487289,  0.94858612,  0.95401314,  0.96600971,  0.97457869,
        0.70322765,  0.70779777,  0.7080834 ,  0.71636675,  0.71836618,
        0.7972008 ,  0.80919737,  0.82233648,  0.83861754,  0.84433019,
        0.94487289,  0.94944302,  0.9554413 ,  0.96629534,  0.97629249,
        0.70322765,  0.70779777,  0.7080834 ,  0.71636675,  0.71779492,
        0.7972008 ,  0.80976864,  0.8243359 ,  0.83547558,  0.84233076,
        0.94487289,  0.94858612,  0.95401314,  0.96572408,  0.97486432,
        0.98714653,  0.99971437,  1.        ,  1.        ,  1.        ,
        1.        ,  1.        ,  1.        ,  1.        ,  1.        ,
        1.        ,  1.        ,  1.        ,  1.        ,  1.        ,
        0.9702942 ,  0.99714367,  1.        ,  1.        ,  1.        ,
        1.        ,  1.        ,  1.        ,  1.        ,  1.        ,
        1.        ,  1.        ,  1.        ,  1.        ,  1.        ]), 'param_n_estimators': masked_array(data = [100 150 200 350 500 100 150 200 350 500 100 150 200 350 500 100 150 200
 350 500 100 150 200 350 500 100 150 200 350 500 100 150 200 350 500 100
 150 200 350 500 100 150 200 350 500 100 150 200 350 500 100 150 200 350
 500 100 150 200 350 500 100 150 200 350 500 100 150 200 350 500 100 150
 200 350 500 100 150 200 350 500 100 150 200 350 500 100 150 200 350 500
 100 150 200 350 500 100 150 200 350 500 100 150 200 350 500 100 150 200
 350 500 100 150 200 350 500 100 150 200 350 500],
             mask = [False False False False False False False False False False False False
 False False False False False False False False False False False False
 False False False False False False False False False False False False
 False False False False False False False False False False False False
 False False False False False False False False False False False False
 False False False False False False False False False False False False
 False False False False False False False False False False False False
 False False False False False False False False False False False False
 False False False False False False False False False False False False
 False False False False False False False False False False False False],
       fill_value = ?)
, 'std_score_time': array([ 0.0003127 ,  0.00168548,  0.0008555 ,  0.0030818 ,  0.00584537,
        0.00094547,  0.00082112,  0.00083906,  0.00229784,  0.00107203,
        0.00066577,  0.00044281,  0.00211431,  0.00102699,  0.00065109,
        0.00740834,  0.00061181,  0.00067932,  0.0003823 ,  0.00078235,
        0.0001596 ,  0.00048104,  0.00055082,  0.0013255 ,  0.00137052,
        0.00023022,  0.00058898,  0.0009229 ,  0.0009493 ,  0.00089681,
        0.00016658,  0.00045771,  0.00097608,  0.00015459,  0.00276001,
        0.00071209,  0.00019082,  0.00089816,  0.0002852 ,  0.00139643,
        0.00134533,  0.00049563,  0.00300838,  0.00111911,  0.00145724,
        0.00024139,  0.00035968,  0.0002684 ,  0.0006086 ,  0.00195301,
        0.00049643,  0.00087754,  0.00109602,  0.00178164,  0.00177149,
        0.00313471,  0.00052629,  0.00069054,  0.0021351 ,  0.00315955,
        0.00031919,  0.00052794,  0.00078398,  0.00061328,  0.00096294,
        0.00040586,  0.00082627,  0.00122959,  0.00118483,  0.00117836,
        0.00059253,  0.00075723,  0.00086304,  0.00354227,  0.00435715,
        0.00044061,  0.00034689,  0.00039269,  0.0023956 ,  0.00088787,
        0.00043509,  0.00156257,  0.00403523,  0.00275134,  0.00332056,
        0.00195411,  0.00026188,  0.00059159,  0.00442703,  0.00134982,
        0.00017707,  0.0010253 ,  0.00171005,  0.00076948,  0.00067129,
        0.0003395 ,  0.00102031,  0.00142121,  0.00102351,  0.00044318,
        0.00045788,  0.00031597,  0.00033389,  0.0012296 ,  0.0007262 ,
        0.00053436,  0.00022034,  0.00062319,  0.00035871,  0.00083783,
        0.00029252,  0.00105332,  0.00027151,  0.00033982,  0.00080197,
        0.00071233,  0.00028113,  0.00071874,  0.00036688,  0.00023585]), 'split4_train_score': array([ 0.82633533,  0.85089974,  0.87717795,  0.93087689,  0.96372465,
        0.99371608,  0.9991431 ,  1.        ,  1.        ,  1.        ,
        1.        ,  1.        ,  1.        ,  1.        ,  1.        ,
        0.81719509,  0.84204513,  0.86289632,  0.9151671 ,  0.95058555,
        0.98257641,  0.99971437,  1.        ,  1.        ,  1.        ,
        1.        ,  1.        ,  1.        ,  1.        ,  1.        ,
        0.70008569,  0.70465581,  0.71865181,  0.7237932 ,  0.71979434,
        0.78834619,  0.80205656,  0.80634105,  0.81491003,  0.8243359 ,
        0.91802342,  0.92773493,  0.93944587,  0.95287061,  0.95886889,
        0.70008569,  0.70465581,  0.71865181,  0.72579263,  0.71836618,
        0.78834619,  0.80062839,  0.80634105,  0.8137675 ,  0.8251928 ,
        0.91773779,  0.9283062 ,  0.93916024,  0.95258498,  0.9571551 ,
        0.70008569,  0.70465581,  0.71865181,  0.7237932 ,  0.71979434,
        0.78834619,  0.80205656,  0.80634105,  0.81491003,  0.8243359 ,
        0.91802342,  0.92773493,  0.93916024,  0.95258498,  0.95886889,
        0.70008569,  0.70465581,  0.71865181,  0.72579263,  0.71836618,
        0.78834619,  0.80062839,  0.80634105,  0.8137675 ,  0.8251928 ,
        0.91830905,  0.9283062 ,  0.93916024,  0.95229934,  0.95772636,
        0.98714653,  0.99971437,  1.        ,  1.        ,  1.        ,
        1.        ,  1.        ,  1.        ,  1.        ,  1.        ,
        1.        ,  1.        ,  1.        ,  1.        ,  1.        ,
        0.96772351,  0.99714367,  1.        ,  1.        ,  1.        ,
        1.        ,  1.        ,  1.        ,  1.        ,  1.        ,
        1.        ,  1.        ,  1.        ,  1.        ,  1.        ]), 'split2_test_score': array([ 0.75085714,  0.74285714,  0.74514286,  0.736     ,  0.73028571,
        0.74514286,  0.736     ,  0.73142857,  0.73485714,  0.73714286,
        0.736     ,  0.73828571,  0.73371429,  0.73714286,  0.74057143,
        0.75085714,  0.744     ,  0.74171429,  0.73257143,  0.73485714,
        0.73485714,  0.73485714,  0.73142857,  0.73142857,  0.73828571,
        0.74857143,  0.744     ,  0.74971429,  0.74285714,  0.73485714,
        0.70057143,  0.70742857,  0.70857143,  0.70628571,  0.71085714,
        0.712     ,  0.72342857,  0.72457143,  0.73257143,  0.74171429,
        0.69485714,  0.69142857,  0.69142857,  0.69714286,  0.70514286,
        0.70057143,  0.70742857,  0.70857143,  0.70628571,  0.71085714,
        0.712     ,  0.72228571,  0.72685714,  0.73485714,  0.74285714,
        0.69485714,  0.68914286,  0.68685714,  0.69828571,  0.712     ,
        0.70057143,  0.70742857,  0.70857143,  0.70628571,  0.71085714,
        0.712     ,  0.72342857,  0.72342857,  0.73257143,  0.74285714,
        0.69942857,  0.69142857,  0.69371429,  0.69828571,  0.71085714,
        0.70057143,  0.70742857,  0.70857143,  0.70628571,  0.71085714,
        0.71314286,  0.72228571,  0.72571429,  0.73485714,  0.74285714,
        0.69485714,  0.69142857,  0.68914286,  0.696     ,  0.71314286,
        0.69485714,  0.696     ,  0.69828571,  0.70628571,  0.70857143,
        0.71657143,  0.74057143,  0.71657143,  0.72114286,  0.71885714,
        0.72342857,  0.728     ,  0.72228571,  0.71657143,  0.72228571,
        0.69714286,  0.70857143,  0.70971429,  0.71657143,  0.704     ,
        0.72457143,  0.73714286,  0.73942857,  0.736     ,  0.73714286,
        0.73371429,  0.72114286,  0.72342857,  0.73371429,  0.71542857]), 'mean_score_time': array([ 0.003473  ,  0.00527472,  0.00514927,  0.0096962 ,  0.01373315,
        0.00585599,  0.00718164,  0.00923095,  0.01520243,  0.01871376,
        0.00955157,  0.01244822,  0.01423922,  0.01441884,  0.01450653,
        0.00693932,  0.0042923 ,  0.00576696,  0.00790586,  0.00999298,
        0.00471797,  0.00682778,  0.00883985,  0.01398368,  0.0192451 ,
        0.00851769,  0.0121244 ,  0.01450639,  0.01524463,  0.01575475,
        0.00325575,  0.0040616 ,  0.00592823,  0.00809999,  0.01280665,
        0.00562625,  0.00665622,  0.00926785,  0.01572423,  0.02071724,
        0.00859299,  0.01141763,  0.01658702,  0.02568479,  0.03641081,
        0.00312781,  0.00396814,  0.00524864,  0.0081954 ,  0.01277137,
        0.00502887,  0.00748143,  0.01056786,  0.01577978,  0.02215424,
        0.00972624,  0.01106625,  0.015942  ,  0.02622151,  0.03956833,
        0.00302005,  0.004706  ,  0.00527263,  0.00774302,  0.01139255,
        0.0050252 ,  0.00762916,  0.00999298,  0.01523981,  0.02129641,
        0.00768819,  0.01162958,  0.01535182,  0.0267446 ,  0.03873396,
        0.00358758,  0.00431557,  0.00557914,  0.01123242,  0.01268682,
        0.00528421,  0.00775366,  0.01175299,  0.01712184,  0.02575421,
        0.00995221,  0.01142964,  0.01489191,  0.02735472,  0.03711677,
        0.00296731,  0.00457783,  0.00602479,  0.00790176,  0.00985703,
        0.00449319,  0.00624342,  0.00684733,  0.00658937,  0.00648441,
        0.00367298,  0.00365062,  0.00380616,  0.00450277,  0.00426722,
        0.0031054 ,  0.00362515,  0.00478458,  0.0071362 ,  0.00966849,
        0.00466385,  0.00674272,  0.0061492 ,  0.00660267,  0.00706701,
        0.0044961 ,  0.00385547,  0.0043447 ,  0.00436625,  0.00467219]), 'mean_fit_time': array([  1.25174398,   1.75469403,   2.34380569,   4.10256042,
         7.63877401,   3.51942992,   5.09147358,   7.10684185,
        11.3470542 ,  15.51606846,  10.16534481,  14.468115  ,
        15.48764963,  16.26794534,  16.07805843,   1.24473166,
         1.82583885,   2.44013257,   4.15683341,   5.83565245,
         3.22597437,   4.78170595,   6.2892386 ,  11.05160713,
        15.50199294,  10.77534719,  15.42618098,  18.09111781,
        18.3478044 ,  18.70230365,   1.3190412 ,   1.96728182,
         2.59423499,   4.51486659,   6.52319393,   3.52009392,
         5.14483714,   7.08199754,  12.22595177,  17.65805984,
         8.70082211,  13.43179073,  18.08580484,  33.46656857,
        49.20276461,   1.30674815,   1.95060825,   2.56630917,
         4.48985677,   6.54502282,   3.47309937,   5.2394814 ,
         7.05928979,  13.02726121,  17.25700717,   8.54989095,
        13.29032917,  18.24168377,  34.34093461,  51.88253174,
         1.33727379,   1.97897635,   2.66383834,   4.526545  ,
         6.44454317,   3.50791016,   5.3746551 ,   6.99513235,
        12.28477502,  17.06328979,   8.47471862,  13.20365   ,
        17.84743042,  33.42686882,  50.94409666,   1.5455842 ,
         2.18921404,   2.73737803,   5.23270221,   7.09621601,
         3.51199851,   5.55059156,   7.2320972 ,  13.41456919,
        20.16922774,  10.1469202 ,  15.35752935,  18.48430123,
        35.15818367,  53.95103121,   1.20597057,   1.90134416,
         2.60552416,   4.27713718,   5.97611156,   2.98056583,
         3.79200425,   3.97756743,   3.8265656 ,   3.84693279,
         2.36795049,   2.39720931,   2.38531585,   2.5356216 ,
         2.56703086,   1.19484935,   1.7449779 ,   2.31533937,
         4.0654264 ,   5.80698571,   2.9278316 ,   4.17949939,
         4.20852399,   4.37233715,   4.46500182,   2.8666285 ,
         2.88653975,   2.94185171,   3.1205606 ,   3.02335739]), 'split3_train_score': array([ 0.82490717,  0.85604113,  0.88231934,  0.93544702,  0.96886604,
        0.99514424,  0.99942873,  1.        ,  1.        ,  1.        ,
        1.        ,  1.        ,  1.        ,  1.        ,  1.        ,
        0.81462439,  0.83604684,  0.85861183,  0.91402456,  0.95201371,
        0.98828906,  0.99971437,  1.        ,  1.        ,  1.        ,
        1.        ,  1.        ,  1.        ,  1.        ,  1.        ,
        0.70494145,  0.70665524,  0.70779777,  0.70922594,  0.71179663,
        0.79691517,  0.7989146 ,  0.80662668,  0.81548129,  0.81976578,
        0.93716081,  0.93973151,  0.94658669,  0.9545844 ,  0.96286775,
        0.70494145,  0.70665524,  0.70779777,  0.7089403 ,  0.71122536,
        0.7972008 ,  0.7989146 ,  0.80519851,  0.81491003,  0.81919452,
        0.93744644,  0.93973151,  0.94572979,  0.95429877,  0.96172522,
        0.70494145,  0.70665524,  0.70779777,  0.70922594,  0.71179663,
        0.79691517,  0.7989146 ,  0.80662668,  0.81548129,  0.81976578,
        0.93716081,  0.93973151,  0.94658669,  0.9545844 ,  0.96372465,
        0.70494145,  0.70665524,  0.70779777,  0.7089403 ,  0.71122536,
        0.7972008 ,  0.7989146 ,  0.80519851,  0.81491003,  0.81919452,
        0.93716081,  0.93887461,  0.94572979,  0.95401314,  0.96058269,
        0.98800343,  0.99942873,  1.        ,  1.        ,  1.        ,
        1.        ,  1.        ,  1.        ,  1.        ,  1.        ,
        1.        ,  1.        ,  1.        ,  1.        ,  1.        ,
        0.97543559,  0.99600114,  1.        ,  1.        ,  1.        ,
        1.        ,  1.        ,  1.        ,  1.        ,  1.        ,
        1.        ,  1.        ,  1.        ,  1.        ,  1.        ]), 'split0_train_score': array([ 0.84285714,  0.86914286,  0.88885714,  0.94171429,  0.97114286,
        0.99571429,  0.99971429,  1.        ,  1.        ,  1.        ,
        1.        ,  1.        ,  1.        ,  1.        ,  1.        ,
        0.83685714,  0.85542857,  0.87628571,  0.92742857,  0.95971429,
        0.992     ,  0.99971429,  1.        ,  1.        ,  1.        ,
        1.        ,  1.        ,  1.        ,  1.        ,  1.        ,
        0.70485714,  0.71485714,  0.72971429,  0.72942857,  0.73428571,
        0.80771429,  0.81228571,  0.81685714,  0.83114286,  0.84485714,
        0.93914286,  0.95371429,  0.95971429,  0.96657143,  0.96857143,
        0.70485714,  0.72657143,  0.72971429,  0.72914286,  0.73485714,
        0.80771429,  0.81085714,  0.81628571,  0.83085714,  0.84342857,
        0.93771429,  0.95342857,  0.95714286,  0.96571429,  0.96742857,
        0.70485714,  0.71485714,  0.72971429,  0.72942857,  0.73428571,
        0.80771429,  0.81228571,  0.81685714,  0.83114286,  0.84485714,
        0.93914286,  0.954     ,  0.95971429,  0.96657143,  0.96857143,
        0.70485714,  0.72657143,  0.72971429,  0.72914286,  0.73485714,
        0.80771429,  0.81085714,  0.81628571,  0.83085714,  0.84342857,
        0.93771429,  0.95342857,  0.95714286,  0.96571429,  0.96714286,
        0.99628571,  1.        ,  1.        ,  1.        ,  1.        ,
        1.        ,  1.        ,  1.        ,  1.        ,  1.        ,
        1.        ,  1.        ,  1.        ,  1.        ,  1.        ,
        0.97714286,  0.99742857,  1.        ,  1.        ,  1.        ,
        1.        ,  1.        ,  1.        ,  1.        ,  1.        ,
        1.        ,  1.        ,  1.        ,  1.        ,  1.        ]), 'param_max_depth': masked_array(data = [3 3 3 3 3 6 6 6 6 6 10 10 10 10 10 3 3 3 3 3 6 6 6 6 6 10 10 10 10 10 3 3
 3 3 3 6 6 6 6 6 10 10 10 10 10 3 3 3 3 3 6 6 6 6 6 10 10 10 10 10 3 3 3 3
 3 6 6 6 6 6 10 10 10 10 10 3 3 3 3 3 6 6 6 6 6 10 10 10 10 10 3 3 3 3 3 6
 6 6 6 6 10 10 10 10 10 3 3 3 3 3 6 6 6 6 6 10 10 10 10 10],
             mask = [False False False False False False False False False False False False
 False False False False False False False False False False False False
 False False False False False False False False False False False False
 False False False False False False False False False False False False
 False False False False False False False False False False False False
 False False False False False False False False False False False False
 False False False False False False False False False False False False
 False False False False False False False False False False False False
 False False False False False False False False False False False False
 False False False False False False False False False False False False],
       fill_value = ?)
, 'std_test_score': array([ 0.04345164,  0.04166227,  0.04519795,  0.04184222,  0.03841289,
        0.04215271,  0.03932033,  0.04301182,  0.03986025,  0.042469  ,
        0.04552165,  0.04214583,  0.04563044,  0.04501649,  0.04092199,
        0.04583617,  0.04236256,  0.04406636,  0.04078804,  0.04135529,
        0.04305667,  0.0405017 ,  0.0445728 ,  0.04466536,  0.04289074,
        0.04419371,  0.04575412,  0.04210423,  0.04676527,  0.04687685,
        0.04099284,  0.04193194,  0.04302441,  0.0438234 ,  0.04516796,
        0.03873884,  0.04055432,  0.04440745,  0.04840149,  0.04666144,
        0.03356214,  0.03313654,  0.03862824,  0.03965686,  0.04893866,
        0.04099284,  0.04147564,  0.04302441,  0.04362193,  0.0444437 ,
        0.03828534,  0.04159357,  0.04563852,  0.04816541,  0.04812217,
        0.03536784,  0.0338082 ,  0.03879599,  0.04055078,  0.04587441,
        0.04099284,  0.04193194,  0.04302441,  0.0438234 ,  0.04516796,
        0.03873884,  0.04076422,  0.04448971,  0.04840149,  0.04680195,
        0.03403306,  0.03374988,  0.03864176,  0.0391212 ,  0.04987194,
        0.04099284,  0.04147564,  0.04302441,  0.04362193,  0.0444437 ,
        0.03841838,  0.04175237,  0.04527726,  0.04812744,  0.04834895,
        0.03522277,  0.03453284,  0.03875114,  0.04151901,  0.04549642,
        0.03521124,  0.0363174 ,  0.03207943,  0.03535793,  0.03457415,
        0.03844064,  0.03763027,  0.04126331,  0.03931096,  0.03645317,
        0.04794915,  0.03825514,  0.0377381 ,  0.03601301,  0.05405579,
        0.03366239,  0.03347758,  0.03701686,  0.03556464,  0.03890151,
        0.04461738,  0.04445463,  0.04263391,  0.0423178 ,  0.04154629,
        0.04246859,  0.03835548,  0.03825282,  0.04420728,  0.03532867]), 'param_learning_rate': masked_array(data = [0.1 0.1 0.1 0.1 0.1 0.1 0.1 0.1 0.1 0.1 0.1 0.1 0.1 0.1 0.1 0.1 0.1 0.1
 0.1 0.1 0.1 0.1 0.1 0.1 0.1 0.1 0.1 0.1 0.1 0.1 0.001 0.001 0.001 0.001
 0.001 0.001 0.001 0.001 0.001 0.001 0.001 0.001 0.001 0.001 0.001 0.001
 0.001 0.001 0.001 0.001 0.001 0.001 0.001 0.001 0.001 0.001 0.001 0.001
 0.001 0.001 0.001 0.001 0.001 0.001 0.001 0.001 0.001 0.001 0.001 0.001
 0.001 0.001 0.001 0.001 0.001 0.001 0.001 0.001 0.001 0.001 0.001 0.001
 0.001 0.001 0.001 0.001 0.001 0.001 0.001 0.001 1 1 1 1 1 1 1 1 1 1 1 1 1
 1 1 1 1 1 1 1 1 1 1 1 1 1 1 1 1 1],
             mask = [False False False False False False False False False False False False
 False False False False False False False False False False False False
 False False False False False False False False False False False False
 False False False False False False False False False False False False
 False False False False False False False False False False False False
 False False False False False False False False False False False False
 False False False False False False False False False False False False
 False False False False False False False False False False False False
 False False False False False False False False False False False False
 False False False False False False False False False False False False],
       fill_value = ?)
, 'split1_train_score': array([ 0.82719223,  0.85375607,  0.87946301,  0.93601828,  0.96829477,
        0.99028849,  1.        ,  1.        ,  1.        ,  1.        ,
        1.        ,  1.        ,  1.        ,  1.        ,  1.        ,
        0.81776635,  0.84033133,  0.86118252,  0.91316767,  0.95172808,
        0.98971722,  0.99942873,  0.99971437,  1.        ,  1.        ,
        1.        ,  1.        ,  1.        ,  1.        ,  1.        ,
        0.70008569,  0.70037132,  0.70465581,  0.71750928,  0.71750928,
        0.77263639,  0.78177664,  0.79463011,  0.82205084,  0.83204799,
        0.91659526,  0.93259069,  0.94201657,  0.9562982 ,  0.96800914,
        0.70008569,  0.70065696,  0.70465581,  0.71693802,  0.71693802,
        0.77263639,  0.78463296,  0.79434447,  0.82147958,  0.83147672,
        0.91745216,  0.93201942,  0.9414453 ,  0.95572694,  0.96772351,
        0.70008569,  0.70037132,  0.70465581,  0.71750928,  0.71750928,
        0.77263639,  0.78177664,  0.79463011,  0.82205084,  0.83204799,
        0.91659526,  0.93259069,  0.94173093,  0.9562982 ,  0.96800914,
        0.70008569,  0.70065696,  0.70465581,  0.71693802,  0.71693802,
        0.77263639,  0.78463296,  0.79434447,  0.82147958,  0.83147672,
        0.91745216,  0.93201942,  0.9414453 ,  0.95515567,  0.96743787,
        0.98800343,  0.99971437,  1.        ,  1.        ,  1.        ,
        1.        ,  1.        ,  1.        ,  1.        ,  1.        ,
        1.        ,  1.        ,  1.        ,  1.        ,  1.        ,
        0.96829477,  0.99771494,  1.        ,  1.        ,  1.        ,
        1.        ,  1.        ,  1.        ,  1.        ,  1.        ,
        1.        ,  1.        ,  1.        ,  1.        ,  1.        ]), 'split0_test_score': array([ 0.65296804,  0.65410959,  0.65182648,  0.65753425,  0.65981735,
        0.65753425,  0.65525114,  0.64840183,  0.65753425,  0.65068493,
        0.64155251,  0.6586758 ,  0.64726027,  0.64726027,  0.65525114,
        0.63926941,  0.65296804,  0.64954338,  0.65753425,  0.65981735,
        0.65639269,  0.66324201,  0.6586758 ,  0.65753425,  0.65981735,
        0.64041096,  0.64497717,  0.65639269,  0.65068493,  0.64497717,
        0.59931507,  0.59931507,  0.60273973,  0.60502283,  0.60502283,
        0.6130137 ,  0.6152968 ,  0.6152968 ,  0.61415525,  0.62100457,
        0.61073059,  0.61187215,  0.60159817,  0.60616438,  0.58333333,
        0.59931507,  0.60045662,  0.60273973,  0.60616438,  0.60730594,
        0.61415525,  0.6130137 ,  0.6130137 ,  0.6152968 ,  0.61872146,
        0.60616438,  0.60844749,  0.60159817,  0.60273973,  0.59589041,
        0.59931507,  0.59931507,  0.60273973,  0.60502283,  0.60502283,
        0.6130137 ,  0.6152968 ,  0.6152968 ,  0.61415525,  0.62100457,
        0.61073059,  0.61073059,  0.60159817,  0.60730594,  0.58333333,
        0.59931507,  0.60045662,  0.60273973,  0.60616438,  0.60730594,
        0.61415525,  0.6130137 ,  0.6130137 ,  0.6152968 ,  0.61872146,
        0.60502283,  0.60844749,  0.60159817,  0.60159817,  0.59703196,
        0.63127854,  0.6369863 ,  0.64840183,  0.64840183,  0.64954338,
        0.65068493,  0.64726027,  0.6347032 ,  0.65182648,  0.64840183,
        0.6152968 ,  0.64041096,  0.64269406,  0.64497717,  0.61073059,
        0.64840183,  0.65296804,  0.64611872,  0.65296804,  0.64726027,
        0.63356164,  0.6369863 ,  0.64155251,  0.64269406,  0.64269406,
        0.63242009,  0.64269406,  0.65068493,  0.62785388,  0.65525114]), 'mean_test_score': array([ 0.738117  ,  0.73606033,  0.74017367,  0.73720293,  0.73286106,
        0.7392596 ,  0.73194698,  0.73126143,  0.73468921,  0.73354662,
        0.72897623,  0.73948812,  0.73491773,  0.73468921,  0.73514625,
        0.73011883,  0.73606033,  0.73446069,  0.73446069,  0.73651737,
        0.73834552,  0.73994516,  0.74154479,  0.74085923,  0.74154479,
        0.72783364,  0.73514625,  0.73697441,  0.74063071,  0.73468921,
        0.68121572,  0.68304388,  0.68852834,  0.69127057,  0.69469835,
        0.68989945,  0.69424132,  0.70201097,  0.7095521 ,  0.71343693,
        0.67755941,  0.6773309 ,  0.67710238,  0.68144424,  0.67984461,
        0.68121572,  0.68327239,  0.68852834,  0.69172761,  0.69561243,
        0.69012797,  0.69492687,  0.70201097,  0.71046618,  0.71412249,
        0.67664534,  0.67573126,  0.67687386,  0.68053016,  0.68464351,
        0.68121572,  0.68304388,  0.68852834,  0.69127057,  0.69469835,
        0.68989945,  0.69469835,  0.70201097,  0.7095521 ,  0.71366545,
        0.67847349,  0.67687386,  0.67710238,  0.68281536,  0.68144424,
        0.68121572,  0.68327239,  0.68852834,  0.69172761,  0.69561243,
        0.69035649,  0.69515539,  0.70155393,  0.71046618,  0.71457952,
        0.67527422,  0.67710238,  0.67778793,  0.68007313,  0.68510055,
        0.69538391,  0.69972578,  0.70246801,  0.71229433,  0.71343693,
        0.72097806,  0.72166362,  0.71480804,  0.72509141,  0.71800731,
        0.70886654,  0.7154936 ,  0.71686472,  0.71480804,  0.71640768,
        0.70932358,  0.7154936 ,  0.71480804,  0.72006399,  0.71572212,
        0.71869287,  0.72463437,  0.72303473,  0.726234  ,  0.72486289,
        0.7166362 ,  0.7154936 ,  0.72417733,  0.71503656,  0.71892139]), 'params': ({'n_estimators': 100, 'loss': 'deviance', 'learning_rate': 0.1, 'criterion': 'mse', 'max_depth': 3}, {'n_estimators': 150, 'loss': 'deviance', 'learning_rate': 0.1, 'criterion': 'mse', 'max_depth': 3}, {'n_estimators': 200, 'loss': 'deviance', 'learning_rate': 0.1, 'criterion': 'mse', 'max_depth': 3}, {'n_estimators': 350, 'loss': 'deviance', 'learning_rate': 0.1, 'criterion': 'mse', 'max_depth': 3}, {'n_estimators': 500, 'loss': 'deviance', 'learning_rate': 0.1, 'criterion': 'mse', 'max_depth': 3}, {'n_estimators': 100, 'loss': 'deviance', 'learning_rate': 0.1, 'criterion': 'mse', 'max_depth': 6}, {'n_estimators': 150, 'loss': 'deviance', 'learning_rate': 0.1, 'criterion': 'mse', 'max_depth': 6}, {'n_estimators': 200, 'loss': 'deviance', 'learning_rate': 0.1, 'criterion': 'mse', 'max_depth': 6}, {'n_estimators': 350, 'loss': 'deviance', 'learning_rate': 0.1, 'criterion': 'mse', 'max_depth': 6}, {'n_estimators': 500, 'loss': 'deviance', 'learning_rate': 0.1, 'criterion': 'mse', 'max_depth': 6}, {'n_estimators': 100, 'loss': 'deviance', 'learning_rate': 0.1, 'criterion': 'mse', 'max_depth': 10}, {'n_estimators': 150, 'loss': 'deviance', 'learning_rate': 0.1, 'criterion': 'mse', 'max_depth': 10}, {'n_estimators': 200, 'loss': 'deviance', 'learning_rate': 0.1, 'criterion': 'mse', 'max_depth': 10}, {'n_estimators': 350, 'loss': 'deviance', 'learning_rate': 0.1, 'criterion': 'mse', 'max_depth': 10}, {'n_estimators': 500, 'loss': 'deviance', 'learning_rate': 0.1, 'criterion': 'mse', 'max_depth': 10}, {'n_estimators': 100, 'loss': 'exponential', 'learning_rate': 0.1, 'criterion': 'mse', 'max_depth': 3}, {'n_estimators': 150, 'loss': 'exponential', 'learning_rate': 0.1, 'criterion': 'mse', 'max_depth': 3}, {'n_estimators': 200, 'loss': 'exponential', 'learning_rate': 0.1, 'criterion': 'mse', 'max_depth': 3}, {'n_estimators': 350, 'loss': 'exponential', 'learning_rate': 0.1, 'criterion': 'mse', 'max_depth': 3}, {'n_estimators': 500, 'loss': 'exponential', 'learning_rate': 0.1, 'criterion': 'mse', 'max_depth': 3}, {'n_estimators': 100, 'loss': 'exponential', 'learning_rate': 0.1, 'criterion': 'mse', 'max_depth': 6}, {'n_estimators': 150, 'loss': 'exponential', 'learning_rate': 0.1, 'criterion': 'mse', 'max_depth': 6}, {'n_estimators': 200, 'loss': 'exponential', 'learning_rate': 0.1, 'criterion': 'mse', 'max_depth': 6}, {'n_estimators': 350, 'loss': 'exponential', 'learning_rate': 0.1, 'criterion': 'mse', 'max_depth': 6}, {'n_estimators': 500, 'loss': 'exponential', 'learning_rate': 0.1, 'criterion': 'mse', 'max_depth': 6}, {'n_estimators': 100, 'loss': 'exponential', 'learning_rate': 0.1, 'criterion': 'mse', 'max_depth': 10}, {'n_estimators': 150, 'loss': 'exponential', 'learning_rate': 0.1, 'criterion': 'mse', 'max_depth': 10}, {'n_estimators': 200, 'loss': 'exponential', 'learning_rate': 0.1, 'criterion': 'mse', 'max_depth': 10}, {'n_estimators': 350, 'loss': 'exponential', 'learning_rate': 0.1, 'criterion': 'mse', 'max_depth': 10}, {'n_estimators': 500, 'loss': 'exponential', 'learning_rate': 0.1, 'criterion': 'mse', 'max_depth': 10}, {'n_estimators': 100, 'loss': 'deviance', 'learning_rate': 0.001, 'criterion': 'mse', 'max_depth': 3}, {'n_estimators': 150, 'loss': 'deviance', 'learning_rate': 0.001, 'criterion': 'mse', 'max_depth': 3}, {'n_estimators': 200, 'loss': 'deviance', 'learning_rate': 0.001, 'criterion': 'mse', 'max_depth': 3}, {'n_estimators': 350, 'loss': 'deviance', 'learning_rate': 0.001, 'criterion': 'mse', 'max_depth': 3}, {'n_estimators': 500, 'loss': 'deviance', 'learning_rate': 0.001, 'criterion': 'mse', 'max_depth': 3}, {'n_estimators': 100, 'loss': 'deviance', 'learning_rate': 0.001, 'criterion': 'mse', 'max_depth': 6}, {'n_estimators': 150, 'loss': 'deviance', 'learning_rate': 0.001, 'criterion': 'mse', 'max_depth': 6}, {'n_estimators': 200, 'loss': 'deviance', 'learning_rate': 0.001, 'criterion': 'mse', 'max_depth': 6}, {'n_estimators': 350, 'loss': 'deviance', 'learning_rate': 0.001, 'criterion': 'mse', 'max_depth': 6}, {'n_estimators': 500, 'loss': 'deviance', 'learning_rate': 0.001, 'criterion': 'mse', 'max_depth': 6}, {'n_estimators': 100, 'loss': 'deviance', 'learning_rate': 0.001, 'criterion': 'mse', 'max_depth': 10}, {'n_estimators': 150, 'loss': 'deviance', 'learning_rate': 0.001, 'criterion': 'mse', 'max_depth': 10}, {'n_estimators': 200, 'loss': 'deviance', 'learning_rate': 0.001, 'criterion': 'mse', 'max_depth': 10}, {'n_estimators': 350, 'loss': 'deviance', 'learning_rate': 0.001, 'criterion': 'mse', 'max_depth': 10}, {'n_estimators': 500, 'loss': 'deviance', 'learning_rate': 0.001, 'criterion': 'mse', 'max_depth': 10}, {'n_estimators': 100, 'loss': 'exponential', 'learning_rate': 0.001, 'criterion': 'mse', 'max_depth': 3}, {'n_estimators': 150, 'loss': 'exponential', 'learning_rate': 0.001, 'criterion': 'mse', 'max_depth': 3}, {'n_estimators': 200, 'loss': 'exponential', 'learning_rate': 0.001, 'criterion': 'mse', 'max_depth': 3}, {'n_estimators': 350, 'loss': 'exponential', 'learning_rate': 0.001, 'criterion': 'mse', 'max_depth': 3}, {'n_estimators': 500, 'loss': 'exponential', 'learning_rate': 0.001, 'criterion': 'mse', 'max_depth': 3}, {'n_estimators': 100, 'loss': 'exponential', 'learning_rate': 0.001, 'criterion': 'mse', 'max_depth': 6}, {'n_estimators': 150, 'loss': 'exponential', 'learning_rate': 0.001, 'criterion': 'mse', 'max_depth': 6}, {'n_estimators': 200, 'loss': 'exponential', 'learning_rate': 0.001, 'criterion': 'mse', 'max_depth': 6}, {'n_estimators': 350, 'loss': 'exponential', 'learning_rate': 0.001, 'criterion': 'mse', 'max_depth': 6}, {'n_estimators': 500, 'loss': 'exponential', 'learning_rate': 0.001, 'criterion': 'mse', 'max_depth': 6}, {'n_estimators': 100, 'loss': 'exponential', 'learning_rate': 0.001, 'criterion': 'mse', 'max_depth': 10}, {'n_estimators': 150, 'loss': 'exponential', 'learning_rate': 0.001, 'criterion': 'mse', 'max_depth': 10}, {'n_estimators': 200, 'loss': 'exponential', 'learning_rate': 0.001, 'criterion': 'mse', 'max_depth': 10}, {'n_estimators': 350, 'loss': 'exponential', 'learning_rate': 0.001, 'criterion': 'mse', 'max_depth': 10}, {'n_estimators': 500, 'loss': 'exponential', 'learning_rate': 0.001, 'criterion': 'mse', 'max_depth': 10}, {'n_estimators': 100, 'loss': 'deviance', 'learning_rate': 0.001, 'criterion': 'mse', 'max_depth': 3}, {'n_estimators': 150, 'loss': 'deviance', 'learning_rate': 0.001, 'criterion': 'mse', 'max_depth': 3}, {'n_estimators': 200, 'loss': 'deviance', 'learning_rate': 0.001, 'criterion': 'mse', 'max_depth': 3}, {'n_estimators': 350, 'loss': 'deviance', 'learning_rate': 0.001, 'criterion': 'mse', 'max_depth': 3}, {'n_estimators': 500, 'loss': 'deviance', 'learning_rate': 0.001, 'criterion': 'mse', 'max_depth': 3}, {'n_estimators': 100, 'loss': 'deviance', 'learning_rate': 0.001, 'criterion': 'mse', 'max_depth': 6}, {'n_estimators': 150, 'loss': 'deviance', 'learning_rate': 0.001, 'criterion': 'mse', 'max_depth': 6}, {'n_estimators': 200, 'loss': 'deviance', 'learning_rate': 0.001, 'criterion': 'mse', 'max_depth': 6}, {'n_estimators': 350, 'loss': 'deviance', 'learning_rate': 0.001, 'criterion': 'mse', 'max_depth': 6}, {'n_estimators': 500, 'loss': 'deviance', 'learning_rate': 0.001, 'criterion': 'mse', 'max_depth': 6}, {'n_estimators': 100, 'loss': 'deviance', 'learning_rate': 0.001, 'criterion': 'mse', 'max_depth': 10}, {'n_estimators': 150, 'loss': 'deviance', 'learning_rate': 0.001, 'criterion': 'mse', 'max_depth': 10}, {'n_estimators': 200, 'loss': 'deviance', 'learning_rate': 0.001, 'criterion': 'mse', 'max_depth': 10}, {'n_estimators': 350, 'loss': 'deviance', 'learning_rate': 0.001, 'criterion': 'mse', 'max_depth': 10}, {'n_estimators': 500, 'loss': 'deviance', 'learning_rate': 0.001, 'criterion': 'mse', 'max_depth': 10}, {'n_estimators': 100, 'loss': 'exponential', 'learning_rate': 0.001, 'criterion': 'mse', 'max_depth': 3}, {'n_estimators': 150, 'loss': 'exponential', 'learning_rate': 0.001, 'criterion': 'mse', 'max_depth': 3}, {'n_estimators': 200, 'loss': 'exponential', 'learning_rate': 0.001, 'criterion': 'mse', 'max_depth': 3}, {'n_estimators': 350, 'loss': 'exponential', 'learning_rate': 0.001, 'criterion': 'mse', 'max_depth': 3}, {'n_estimators': 500, 'loss': 'exponential', 'learning_rate': 0.001, 'criterion': 'mse', 'max_depth': 3}, {'n_estimators': 100, 'loss': 'exponential', 'learning_rate': 0.001, 'criterion': 'mse', 'max_depth': 6}, {'n_estimators': 150, 'loss': 'exponential', 'learning_rate': 0.001, 'criterion': 'mse', 'max_depth': 6}, {'n_estimators': 200, 'loss': 'exponential', 'learning_rate': 0.001, 'criterion': 'mse', 'max_depth': 6}, {'n_estimators': 350, 'loss': 'exponential', 'learning_rate': 0.001, 'criterion': 'mse', 'max_depth': 6}, {'n_estimators': 500, 'loss': 'exponential', 'learning_rate': 0.001, 'criterion': 'mse', 'max_depth': 6}, {'n_estimators': 100, 'loss': 'exponential', 'learning_rate': 0.001, 'criterion': 'mse', 'max_depth': 10}, {'n_estimators': 150, 'loss': 'exponential', 'learning_rate': 0.001, 'criterion': 'mse', 'max_depth': 10}, {'n_estimators': 200, 'loss': 'exponential', 'learning_rate': 0.001, 'criterion': 'mse', 'max_depth': 10}, {'n_estimators': 350, 'loss': 'exponential', 'learning_rate': 0.001, 'criterion': 'mse', 'max_depth': 10}, {'n_estimators': 500, 'loss': 'exponential', 'learning_rate': 0.001, 'criterion': 'mse', 'max_depth': 10}, {'n_estimators': 100, 'loss': 'deviance', 'learning_rate': 1, 'criterion': 'mse', 'max_depth': 3}, {'n_estimators': 150, 'loss': 'deviance', 'learning_rate': 1, 'criterion': 'mse', 'max_depth': 3}, {'n_estimators': 200, 'loss': 'deviance', 'learning_rate': 1, 'criterion': 'mse', 'max_depth': 3}, {'n_estimators': 350, 'loss': 'deviance', 'learning_rate': 1, 'criterion': 'mse', 'max_depth': 3}, {'n_estimators': 500, 'loss': 'deviance', 'learning_rate': 1, 'criterion': 'mse', 'max_depth': 3}, {'n_estimators': 100, 'loss': 'deviance', 'learning_rate': 1, 'criterion': 'mse', 'max_depth': 6}, {'n_estimators': 150, 'loss': 'deviance', 'learning_rate': 1, 'criterion': 'mse', 'max_depth': 6}, {'n_estimators': 200, 'loss': 'deviance', 'learning_rate': 1, 'criterion': 'mse', 'max_depth': 6}, {'n_estimators': 350, 'loss': 'deviance', 'learning_rate': 1, 'criterion': 'mse', 'max_depth': 6}, {'n_estimators': 500, 'loss': 'deviance', 'learning_rate': 1, 'criterion': 'mse', 'max_depth': 6}, {'n_estimators': 100, 'loss': 'deviance', 'learning_rate': 1, 'criterion': 'mse', 'max_depth': 10}, {'n_estimators': 150, 'loss': 'deviance', 'learning_rate': 1, 'criterion': 'mse', 'max_depth': 10}, {'n_estimators': 200, 'loss': 'deviance', 'learning_rate': 1, 'criterion': 'mse', 'max_depth': 10}, {'n_estimators': 350, 'loss': 'deviance', 'learning_rate': 1, 'criterion': 'mse', 'max_depth': 10}, {'n_estimators': 500, 'loss': 'deviance', 'learning_rate': 1, 'criterion': 'mse', 'max_depth': 10}, {'n_estimators': 100, 'loss': 'exponential', 'learning_rate': 1, 'criterion': 'mse', 'max_depth': 3}, {'n_estimators': 150, 'loss': 'exponential', 'learning_rate': 1, 'criterion': 'mse', 'max_depth': 3}, {'n_estimators': 200, 'loss': 'exponential', 'learning_rate': 1, 'criterion': 'mse', 'max_depth': 3}, {'n_estimators': 350, 'loss': 'exponential', 'learning_rate': 1, 'criterion': 'mse', 'max_depth': 3}, {'n_estimators': 500, 'loss': 'exponential', 'learning_rate': 1, 'criterion': 'mse', 'max_depth': 3}, {'n_estimators': 100, 'loss': 'exponential', 'learning_rate': 1, 'criterion': 'mse', 'max_depth': 6}, {'n_estimators': 150, 'loss': 'exponential', 'learning_rate': 1, 'criterion': 'mse', 'max_depth': 6}, {'n_estimators': 200, 'loss': 'exponential', 'learning_rate': 1, 'criterion': 'mse', 'max_depth': 6}, {'n_estimators': 350, 'loss': 'exponential', 'learning_rate': 1, 'criterion': 'mse', 'max_depth': 6}, {'n_estimators': 500, 'loss': 'exponential', 'learning_rate': 1, 'criterion': 'mse', 'max_depth': 6}, {'n_estimators': 100, 'loss': 'exponential', 'learning_rate': 1, 'criterion': 'mse', 'max_depth': 10}, {'n_estimators': 150, 'loss': 'exponential', 'learning_rate': 1, 'criterion': 'mse', 'max_depth': 10}, {'n_estimators': 200, 'loss': 'exponential', 'learning_rate': 1, 'criterion': 'mse', 'max_depth': 10}, {'n_estimators': 350, 'loss': 'exponential', 'learning_rate': 1, 'criterion': 'mse', 'max_depth': 10}, {'n_estimators': 500, 'loss': 'exponential', 'learning_rate': 1, 'criterion': 'mse', 'max_depth': 10}), 'std_fit_time': array([ 0.02629238,  0.02958994,  0.07317786,  0.10203583,  0.83058599,
        0.09454176,  0.32054517,  0.27118343,  0.75189822,  0.80929684,
        0.16846684,  0.3840185 ,  0.54357847,  0.8356632 ,  0.64424426,
        0.05920458,  0.02336498,  0.08464851,  0.08230266,  0.04315879,
        0.09163062,  0.0452603 ,  0.11335692,  0.15741073,  0.1553806 ,
        0.2379084 ,  0.29375763,  0.61537069,  0.59949115,  0.8230251 ,
        0.00516359,  0.04611692,  0.03189238,  0.06254369,  0.10074954,
        0.04640999,  0.06287876,  0.13634362,  0.2263128 ,  0.18615071,
        0.23364989,  0.41493124,  0.3202957 ,  0.86126912,  1.1838469 ,
        0.02058624,  0.016746  ,  0.04755991,  0.0610526 ,  0.08529351,
        0.07874315,  0.04127194,  0.12245395,  0.84671675,  0.29550952,
        0.27442401,  0.4492566 ,  0.60250535,  1.3637662 ,  0.93945727,
        0.03016796,  0.04243115,  0.0485027 ,  0.0846001 ,  0.11839216,
        0.06295814,  0.05078484,  0.15741686,  0.16603739,  0.14200691,
        0.21284158,  0.29719573,  0.51019733,  0.84541204,  1.03393849,
        0.04996683,  0.14921084,  0.10822721,  0.22640404,  0.25756676,
        0.13261605,  0.43903775,  0.34859726,  0.61888689,  0.97952437,
        0.56399038,  1.23877392,  0.41860199,  2.4512557 ,  1.63465396,
        0.08643534,  0.06201793,  0.04566431,  0.14134922,  0.07989003,
        0.03816232,  0.28897048,  0.3756885 ,  0.22064557,  0.14723964,
        0.07975837,  0.13643353,  0.08319361,  0.07033258,  0.09649809,
        0.01284226,  0.048941  ,  0.05288949,  0.1059392 ,  0.13684876,
        0.05637437,  0.08970545,  0.10040744,  0.18366978,  0.15826484,
        0.11265229,  0.09595026,  0.08504427,  0.25815254,  0.08576826]), 'split3_test_score': array([ 0.76457143,  0.76114286,  0.76228571,  0.75657143,  0.75542857,
        0.75657143,  0.74971429,  0.752     ,  0.75885714,  0.75657143,
        0.76      ,  0.76342857,  0.77028571,  0.76685714,  0.76228571,
        0.74514286,  0.75428571,  0.75085714,  0.74857143,  0.74742857,
        0.75885714,  0.76228571,  0.76914286,  0.76914286,  0.77257143,
        0.74171429,  0.76685714,  0.76457143,  0.76571429,  0.768     ,
        0.704     ,  0.70171429,  0.70628571,  0.704     ,  0.712     ,
        0.70742857,  0.70057143,  0.70971429,  0.72228571,  0.72914286,
        0.69142857,  0.68571429,  0.68342857,  0.67885714,  0.68914286,
        0.704     ,  0.70171429,  0.70628571,  0.704     ,  0.71428571,
        0.70742857,  0.704     ,  0.70971429,  0.72342857,  0.72914286,
        0.696     ,  0.68914286,  0.68457143,  0.68      ,  0.68685714,
        0.704     ,  0.70171429,  0.70628571,  0.704     ,  0.712     ,
        0.70742857,  0.70171429,  0.70971429,  0.72228571,  0.72914286,
        0.69142857,  0.68228571,  0.68228571,  0.68457143,  0.68914286,
        0.704     ,  0.70171429,  0.70628571,  0.704     ,  0.71428571,
        0.70742857,  0.704     ,  0.71085714,  0.72457143,  0.73028571,
        0.69028571,  0.69028571,  0.68914286,  0.67657143,  0.68685714,
        0.71314286,  0.70971429,  0.70742857,  0.71771429,  0.72457143,
        0.74857143,  0.73257143,  0.74285714,  0.74628571,  0.74514286,
        0.73942857,  0.72457143,  0.73942857,  0.73714286,  0.74628571,
        0.73142857,  0.73485714,  0.72571429,  0.74057143,  0.73371429,
        0.73028571,  0.74171429,  0.72228571,  0.74514286,  0.74057143,
        0.74171429,  0.72228571,  0.74742857,  0.74742857,  0.73257143]), 'mean_train_score': array([ 0.83003[Sun Dec 18 10:49:44 2016 : 340547] speechd: Speech Dispatcher 0.8 starting
[Sun Dec 18 10:49:44 2016 : 340656] speechd: Speech Dispatcher already running.

Speech Dispatcher already running.

958,  0.85609078,  0.88111333,  0.93561507,  0.96749335,
        0.99365871,  0.9996001 ,  1.        ,  1.        ,  1.        ,
        1.        ,  1.        ,  1.        ,  1.        ,  1.        ,
        0.82015635,  0.84335078,  0.86443166,  0.91619123,  0.95338245,
        0.98817435,  0.99954297,  0.99994287,  1.        ,  1.        ,
        1.        ,  1.        ,  1.        ,  1.        ,  1.        ,
        0.70263952,  0.70686746,  0.71378062,  0.71926475,  0.72035043,
        0.79256257,  0.80084617,  0.80935829,  0.82444051,  0.8330674 ,
        0.93115905,  0.94064289,  0.94864094,  0.959324  ,  0.96692194,
        0.70263952,  0.70926744,  0.71378062,  0.71943611,  0.71983632,
        0.79261969,  0.80096035,  0.80930113,  0.82346934,  0.83232467,
        0.93104471,  0.94041436,  0.94749827,  0.95886694,  0.96572222,
        0.70263952,  0.70686746,  0.71378062,  0.71926475,  0.72035043,
        0.79256257,  0.80084617,  0.80935829,  0.82444051,  0.8330674 ,
        0.93115905,  0.94070003,  0.94852669,  0.95926687,  0.96709332,
        0.70263952,  0.70926744,  0.71378062,  0.71943611,  0.71983632,
        0.79261969,  0.80096035,  0.80930113,  0.82329796,  0.83232467,
        0.93110184,  0.94024298,  0.94749827,  0.9585813 ,  0.96555082,
        0.98931713,  0.99971437,  1.        ,  1.        ,  1.        ,
        1.        ,  1.        ,  1.        ,  1.        ,  1.        ,
        1.        ,  1.        ,  1.        ,  1.        ,  1.        ,
        0.97177819,  0.9970864 ,  1.        ,  1.        ,  1.        ,
        1.        ,  1.        ,  1.        ,  1.        ,  1.        ,
        1.        ,  1.        ,  1.        ,  1.        ,  1.        ]), 'split1_test_score': array([ 0.74971429,  0.75771429,  0.76914286,  0.76      ,  0.752     ,
        0.76      ,  0.76      ,  0.75885714,  0.76      ,  0.76457143,
        0.73828571,  0.76228571,  0.75771429,  0.75657143,  0.752     ,
        0.752     ,  0.76      ,  0.75314286,  0.76      ,  0.75885714,
        0.77028571,  0.76685714,  0.76914286,  0.768     ,  0.76228571,
        0.74742857,  0.75771429,  0.73942857,  0.76114286,  0.752     ,
        0.70057143,  0.70285714,  0.71542857,  0.72571429,  0.72457143,
        0.70171429,  0.70742857,  0.72114286,  0.73142857,  0.73028571,
        0.69142857,  0.70057143,  0.704     ,  0.71314286,  0.712     ,
        0.70057143,  0.70285714,  0.71542857,  0.728     ,  0.72457143,
        0.70171429,  0.712     ,  0.72      ,  0.73257143,  0.73371429,
        0.68914286,  0.69714286,  0.70971429,  0.70857143,  0.72228571,
        0.70057143,  0.70285714,  0.71542857,  0.72571429,  0.72457143,
        0.70171429,  0.70742857,  0.72114286,  0.73142857,  0.73028571,
        0.69257143,  0.70171429,  0.70628571,  0.712     ,  0.71428571,
        0.70057143,  0.70285714,  0.71542857,  0.728     ,  0.72457143,
        0.70171429,  0.712     ,  0.71885714,  0.73142857,  0.73371429,
        0.69028571,  0.70057143,  0.70628571,  0.712     ,  0.72114286,
        0.70057143,  0.70628571,  0.70971429,  0.74171429,  0.736     ,
        0.728     ,  0.73828571,  0.736     ,  0.74057143,  0.72914286,
        0.71885714,  0.74285714,  0.74171429,  0.73257143,  0.74628571,
        0.73257143,  0.73828571,  0.74514286,  0.73714286,  0.73142857,
        0.74171429,  0.75885714,  0.75657143,  0.75542857,  0.75314286,
        0.73028571,  0.73714286,  0.744     ,  0.74057143,  0.72914286])}
Best GB GradientBoostingClassifier(criterion='mse', init=None, learning_rate=0.1,
              loss='exponential', max_depth=6, max_features=None,
              max_leaf_nodes=None, min_impurity_split=1e-07,
              min_samples_leaf=1, min_samples_split=2,
              min_weight_fraction_leaf=0.0, n_estimators=200,
              presort='auto', random_state=None, subsample=1.0, verbose=0,
              warm_start=False)
Best CV score for GB 0.741544789762
Best GB params: {'n_estimators': 200, 'loss': 'exponential', 'learning_rate': 0.1, 'criterion': 'mse', 'max_depth': 6}
Finished in:  5685.38421893
